2 path.c:128 0xc0cb2a9 24
4 path.c:254 0xc0cb2a9 24
2 path.c:128 0xc0cd4c9 24
1 dynarray.c:84 0xc0cb2a9 24
2 dynarray.c:95 0xc0cd4f9 16
2 path.c:90 0xc0cd529 6
1 path.c:143 0xc0cd549 6
4 path.c:246 0xc0cd549 6
4 path.c:31 0xc0cd529 6
4 dynarray.c:112 0xc0cd4f9 16
4 dynarray.c:113 0xc0cb2a9 24
4 path.c:254 0xc0cd4c9 24
1 dynarray.c:84 0xc0cd4c9 24
2 dynarray.c:95 0xc0cd569 16
1 bdtBad4.c:663 0xc0cd529 1
4 dynarray.c:112 0xc0cd569 16
4 dynarray.c:113 0xc0cd4c9 24
4 bdt_client.c:39 0xc0cd529 1
2 path.c:128 0xc0cd599 24
4 path.c:254 0xc0cd599 24
2 path.c:128 0xc0cd5c9 24
1 dynarray.c:84 0xc0cd599 24
2 dynarray.c:95 0xc0cd5f9 16
4 dynarray.c:112 0xc0cd5f9 16
4 dynarray.c:113 0xc0cd599 24
4 path.c:254 0xc0cd5c9 24
2 path.c:128 0xc0cd629 24
1 dynarray.c:84 0xc0cd5c9 24
2 dynarray.c:95 0xc0cd659 16
2 path.c:90 0xc0cd689 6
2 path.c:90 0xc0cd6a9 7
4 path.c:31 0xc0cd689 6
4 path.c:31 0xc0cd6a9 7
4 dynarray.c:112 0xc0cd659 16
4 dynarray.c:113 0xc0cd5c9 24
4 path.c:254 0xc0cd629 24
2 path.c:128 0xc0cd629 24
1 dynarray.c:84 0xc0cd659 24
2 dynarray.c:95 0xc0cd5c9 16
2 path.c:90 0xc0cd6c9 6
4 path.c:31 0xc0cd6c9 6
4 dynarray.c:112 0xc0cd5c9 16
4 dynarray.c:113 0xc0cd659 24
4 path.c:254 0xc0cd629 24
2 path.c:128 0xc0cd629 24
1 dynarray.c:84 0xc0cd5c9 24
2 dynarray.c:95 0xc0cd659 16
2 path.c:90 0xc0cd6e9 6
1 path.c:143 0xc0cd6c9 6
2 path.c:178 0xc0cd709 24
1 dynarray.c:84 0xc0cd599 24
2 dynarray.c:95 0xc0cd739 16
2 path.c:191 0xc0cd769 6
2 path.c:205 0xc0cd789 6
3 path.c:223 0xc0cd769 0xc0cd769 6 6
1 bdtBad4.c:143 0xc0cd7a9 32
2 path.c:178 0xc0cd7e9 24
1 dynarray.c:84 0xc0cd5f9 24
2 dynarray.c:95 0xc0cd819 16
2 path.c:191 0xc0cd849 6
2 path.c:205 0xc0cd869 6
3 path.c:223 0xc0cd849 0xc0cd849 6 6
4 path.c:246 0xc0cd769 6
4 path.c:31 0xc0cd789 6
4 dynarray.c:112 0xc0cd739 16
4 dynarray.c:113 0xc0cd599 24
4 path.c:254 0xc0cd709 24
4 path.c:246 0xc0cd6c9 6
4 path.c:31 0xc0cd6e9 6
4 dynarray.c:112 0xc0cd659 16
4 dynarray.c:113 0xc0cd5c9 24
4 path.c:254 0xc0cd629 24
2 path.c:128 0xc0cd629 24
1 dynarray.c:84 0xc0cd709 24
2 dynarray.c:95 0xc0cd5c9 16
2 path.c:90 0xc0cd6e9 6
2 path.c:90 0xc0cd889 7
2 path.c:90 0xc0cd8a9 12
3 dynarray.c:69 0xc0cd8c9 0xc0cd5c9 16 32
1 path.c:143 0xc0cd659 25
2 path.c:178 0xc0cd5c9 24
1 dynarray.c:84 0xc0cd599 24
2 dynarray.c:95 0xc0cd909 16
2 path.c:191 0xc0cd939 25
2 path.c:205 0xc0cd969 6
3 path.c:223 0xc0cd939 0xc0cd939 25 6
4 path.c:246 0xc0cd939 6
4 path.c:31 0xc0cd969 6
4 dynarray.c:112 0xc0cd909 16
4 dynarray.c:113 0xc0cd599 24
4 path.c:254 0xc0cd5c9 24
2 path.c:178 0xc0cd5c9 24
1 dynarray.c:84 0xc0cd909 24
2 dynarray.c:95 0xc0cd599 16
2 path.c:191 0xc0cd989 25
2 path.c:205 0xc0cd969 6
2 path.c:205 0xc0cd9b9 7
3 path.c:223 0xc0cd989 0xc0cd989 25 13
4 path.c:246 0xc0cd989 13
4 path.c:31 0xc0cd969 6
4 path.c:31 0xc0cd9b9 7
4 dynarray.c:112 0xc0cd599 16
4 dynarray.c:113 0xc0cd909 24
4 path.c:254 0xc0cd5c9 24
2 path.c:178 0xc0cd5c9 24
1 dynarray.c:84 0xc0cd989 24
2 dynarray.c:95 0xc0cd909 16
2 path.c:191 0xc0cd9d9 25
2 path.c:205 0xc0cd9b9 6
2 path.c:205 0xc0cd969 7
3 path.c:223 0xc0cd9d9 0xc0cd9d9 25 13
1 bdtBad4.c:143 0xc0cda09 32
2 path.c:178 0xc0cda49 24
1 dynarray.c:84 0xc0cd599 24
2 dynarray.c:95 0xc0cda79 16
2 path.c:191 0xc0cdaa9 13
2 path.c:205 0xc0cdac9 6
2 path.c:205 0xc0cdae9 7
3 path.c:223 0xc0cdaa9 0xc0cdaa9 13 13
4 path.c:246 0xc0cd9d9 13
4 path.c:31 0xc0cd9b9 6
4 path.c:31 0xc0cd969 7
4 dynarray.c:112 0xc0cd909 16
4 dynarray.c:113 0xc0cd989 24
4 path.c:254 0xc0cd5c9 24
2 path.c:178 0xc0cd5c9 24
1 dynarray.c:84 0xc0cd9d9 24
2 dynarray.c:95 0xc0cd989 24
2 path.c:191 0xc0cdb09 25
2 path.c:205 0xc0cd969 6
2 path.c:205 0xc0cd9b9 7
2 path.c:205 0xc0cdb39 12
3 path.c:223 0xc0cdb09 0xc0cdb09 25 25
1 bdtBad4.c:143 0xc0cdb59 32
2 path.c:178 0xc0cdb99 24
1 dynarray.c:84 0xc0cd909 24
2 dynarray.c:95 0xc0cdbc9 24
2 path.c:191 0xc0cdbf9 25
2 path.c:205 0xc0cdc29 6
2 path.c:205 0xc0cdc49 7
2 path.c:205 0xc0cdc69 12
3 path.c:223 0xc0cdbf9 0xc0cdbf9 25 25
4 path.c:246 0xc0cdb09 25
4 path.c:31 0xc0cd969 6
4 path.c:31 0xc0cd9b9 7
4 path.c:31 0xc0cdb39 12
4 dynarray.c:112 0xc0cd989 24
4 dynarray.c:113 0xc0cd9d9 24
4 path.c:254 0xc0cd5c9 24
4 path.c:246 0xc0cd659 25
4 path.c:31 0xc0cd6e9 6
4 path.c:31 0xc0cd889 7
4 path.c:31 0xc0cd8a9 12
4 dynarray.c:112 0xc0cd8c9 32
4 dynarray.c:113 0xc0cd709 24
4 path.c:254 0xc0cd629 24
2 path.c:128 0xc0cd629 24
1 dynarray.c:84 0xc0cdb09 24
2 dynarray.c:95 0xc0cd709 16
2 path.c:90 0xc0cd8a9 6
1 path.c:143 0xc0cd6c9 6
2 path.c:178 0xc0cd5c9 24
1 dynarray.c:84 0xc0cd659 24
2 dynarray.c:95 0xc0cd9d9 16
2 path.c:191 0xc0cd889 6
2 path.c:205 0xc0cdb39 6
3 path.c:223 0xc0cd889 0xc0cd889 6 6
4 path.c:246 0xc0cd889 6
4 path.c:31 0xc0cdb39 6
4 dynarray.c:112 0xc0cd9d9 16
4 dynarray.c:113 0xc0cd659 24
4 path.c:254 0xc0cd5c9 24
4 path.c:246 0xc0cd6c9 6
4 path.c:31 0xc0cd8a9 6
4 dynarray.c:112 0xc0cd709 16
4 dynarray.c:113 0xc0cdb09 24
4 path.c:254 0xc0cd629 24
2 path.c:128 0xc0cd629 24
1 dynarray.c:84 0xc0cd989 24
2 dynarray.c:95 0xc0cdb09 16
2 path.c:90 0xc0cd8a9 6
2 path.c:90 0xc0cd6c9 7
1 path.c:143 0xc0cd6e9 13
2 path.c:178 0xc0cd5c9 24
1 dynarray.c:84 0xc0cd709 24
2 dynarray.c:95 0xc0cd659 16
2 path.c:191 0xc0cdb39 13
2 path.c:205 0xc0cd9b9 6
3 path.c:223 0xc0cdb39 0xc0cdb39 13 6
4 path.c:246 0xc0cdb39 6
4 path.c:31 0xc0cd9b9 6
4 dynarray.c:112 0xc0cd659 16
4 dynarray.c:113 0xc0cd709 24
4 path.c:254 0xc0cd5c9 24
2 path.c:178 0xc0cd5c9 24
1 dynarray.c:84 0xc0cd9d9 24
2 dynarray.c:95 0xc0cd709 16
2 path.c:191 0xc0cd9b9 13
2 path.c:205 0xc0cdb39 6
2 path.c:205 0xc0cd969 7
3 path.c:223 0xc0cd9b9 0xc0cd9b9 13 13
4 path.c:246 0xc0cd9b9 13
4 path.c:31 0xc0cdb39 6
4 path.c:31 0xc0cd969 7
4 dynarray.c:112 0xc0cd709 16
4 dynarray.c:113 0xc0cd9d9 24
4 path.c:254 0xc0cd5c9 24
4 path.c:246 0xc0cd6e9 13
4 path.c:31 0xc0cd8a9 6
4 path.c:31 0xc0cd6c9 7
4 dynarray.c:112 0xc0cdb09 16
4 dynarray.c:113 0xc0cd989 24
4 path.c:254 0xc0cd629 24
2 path.c:128 0xc0cd629 24
1 dynarray.c:84 0xc0cd659 24
2 dynarray.c:95 0xc0cd989 16
2 path.c:90 0xc0cd6c9 6
2 path.c:90 0xc0cd8a9 7
2 path.c:90 0xc0cd6e9 12
3 dynarray.c:69 0xc0cdc89 0xc0cd989 16 32
1 path.c:143 0xc0cdb09 25
2 path.c:178 0xc0cd989 24
1 dynarray.c:84 0xc0cd5c9 24
2 dynarray.c:95 0xc0cd9d9 16
2 path.c:191 0xc0cdcc9 25
2 path.c:205 0xc0cd969 6
3 path.c:223 0xc0cdcc9 0xc0cdcc9 25 6
4 path.c:246 0xc0cdcc9 6
4 path.c:31 0xc0cd969 6
4 dynarray.c:112 0xc0cd9d9 16
4 dynarray.c:113 0xc0cd5c9 24
4 path.c:254 0xc0cd989 24
2 path.c:178 0xc0cd989 24
1 dynarray.c:84 0xc0cd709 24
2 dynarray.c:95 0xc0cd5c9 16
2 path.c:191 0xc0cdcc9 25
2 path.c:205 0xc0cd969 6
2 path.c:205 0xc0cdb39 7
3 path.c:223 0xc0cdcc9 0xc0cdcc9 25 13
4 path.c:246 0xc0cdcc9 13
4 path.c:31 0xc0cd969 6
4 path.c:31 0xc0cdb39 7
4 dynarray.c:112 0xc0cd5c9 16
4 dynarray.c:113 0xc0cd709 24
4 path.c:254 0xc0cd989 24
2 path.c:178 0xc0cd989 24
1 dynarray.c:84 0xc0cd9d9 24
2 dynarray.c:95 0xc0cd709 24
2 path.c:191 0xc0cdcc9 25
2 path.c:205 0xc0cdb39 6
2 path.c:205 0xc0cd969 7
2 path.c:205 0xc0cd9b9 12
3 path.c:223 0xc0cdcc9 0xc0cdcc9 25 25
4 path.c:246 0xc0cdcc9 25
4 path.c:31 0xc0cdb39 6
4 path.c:31 0xc0cd969 7
4 path.c:31 0xc0cd9b9 12
4 dynarray.c:112 0xc0cd709 24
4 dynarray.c:113 0xc0cd9d9 24
4 path.c:254 0xc0cd989 24
4 path.c:246 0xc0cdb09 25
4 path.c:31 0xc0cd6c9 6
4 path.c:31 0xc0cd8a9 7
4 path.c:31 0xc0cd6e9 12
4 dynarray.c:112 0xc0cdc89 32
4 dynarray.c:113 0xc0cd659 24
4 path.c:254 0xc0cd629 24
2 path.c:128 0xc0cd629 24
1 dynarray.c:84 0xc0cd5c9 24
2 dynarray.c:95 0xc0cd659 16
2 path.c:90 0xc0cd6e9 12
1 path.c:143 0xc0cd889 12
2 path.c:178 0xc0cd989 24
1 dynarray.c:84 0xc0cdb09 24
2 dynarray.c:95 0xc0cd9d9 16
2 path.c:191 0xc0cd8a9 12
2 path.c:205 0xc0cd9b9 12
3 path.c:223 0xc0cd8a9 0xc0cd8a9 12 12
4 path.c:246 0xc0cd8a9 12
4 path.c:31 0xc0cd9b9 12
4 dynarray.c:112 0xc0cd9d9 16
4 dynarray.c:113 0xc0cdb09 24
4 path.c:254 0xc0cd989 24
4 path.c:246 0xc0cd889 12
4 path.c:31 0xc0cd6e9 12
4 dynarray.c:112 0xc0cd659 16
4 dynarray.c:113 0xc0cd5c9 24
4 path.c:254 0xc0cd629 24
2 path.c:128 0xc0cd629 24
1 dynarray.c:84 0xc0cd709 24
2 dynarray.c:95 0xc0cd5c9 16
2 path.c:90 0xc0cd6e9 12
1 path.c:143 0xc0cd6c9 12
2 path.c:178 0xc0cd989 24
1 dynarray.c:84 0xc0cd659 24
2 dynarray.c:95 0xc0cdb09 16
2 path.c:191 0xc0cd889 12
2 path.c:205 0xc0cd8a9 12
3 path.c:223 0xc0cd889 0xc0cd889 12 12
4 path.c:246 0xc0cd889 12
4 path.c:31 0xc0cd8a9 12
4 dynarray.c:112 0xc0cdb09 16
4 dynarray.c:113 0xc0cd659 24
4 path.c:254 0xc0cd989 24
4 path.c:246 0xc0cd6c9 12
4 path.c:31 0xc0cd6e9 12
4 dynarray.c:112 0xc0cd5c9 16
4 dynarray.c:113 0xc0cd709 24
4 path.c:254 0xc0cd629 24
2 path.c:128 0xc0cd629 24
1 dynarray.c:84 0xc0cd9d9 24
2 dynarray.c:95 0xc0cd709 16
2 path.c:90 0xc0cd6e9 12
1 path.c:143 0xc0cd9b9 12
2 path.c:178 0xc0cd989 24
1 dynarray.c:84 0xc0cd5c9 24
2 dynarray.c:95 0xc0cd659 16
2 path.c:191 0xc0cd6c9 12
2 path.c:205 0xc0cd889 12
3 path.c:223 0xc0cd6c9 0xc0cd6c9 12 12
4 path.c:246 0xc0cd6c9 12
4 path.c:31 0xc0cd889 12
4 dynarray.c:112 0xc0cd659 16
4 dynarray.c:113 0xc0cd5c9 24
4 path.c:254 0xc0cd989 24
4 path.c:246 0xc0cd9b9 12
4 path.c:31 0xc0cd6e9 12
4 dynarray.c:112 0xc0cd709 16
4 dynarray.c:113 0xc0cd9d9 24
4 path.c:254 0xc0cd629 24
2 path.c:128 0xc0cd629 24
1 dynarray.c:84 0xc0cdb09 24
2 dynarray.c:95 0xc0cd9d9 16
2 path.c:90 0xc0cd6e9 6
2 path.c:90 0xc0cd9b9 8
1 path.c:143 0xc0cd8a9 14
2 path.c:178 0xc0cd989 24
1 dynarray.c:84 0xc0cd709 24
2 dynarray.c:95 0xc0cd5c9 16
2 path.c:191 0xc0cd889 14
2 path.c:205 0xc0cd969 6
3 path.c:223 0xc0cd889 0xc0cd889 14 6
4 path.c:246 0xc0cd889 6
4 path.c:31 0xc0cd969 6
4 dynarray.c:112 0xc0cd5c9 16
4 dynarray.c:113 0xc0cd709 24
4 path.c:254 0xc0cd989 24
2 path.c:178 0xc0cd989 24
1 dynarray.c:84 0xc0cd659 24
2 dynarray.c:95 0xc0cd709 16
2 path.c:191 0xc0cd969 14
2 path.c:205 0xc0cd889 6
2 path.c:205 0xc0cdb39 8
3 path.c:223 0xc0cd969 0xc0cd969 14 14
4 path.c:246 0xc0cd969 14
4 path.c:31 0xc0cd889 6
4 path.c:31 0xc0cdb39 8
4 dynarray.c:112 0xc0cd709 16
4 dynarray.c:113 0xc0cd659 24
4 path.c:254 0xc0cd989 24
4 path.c:246 0xc0cd8a9 14
4 path.c:31 0xc0cd6e9 6
4 path.c:31 0xc0cd9b9 8
4 dynarray.c:112 0xc0cd9d9 16
4 dynarray.c:113 0xc0cdb09 24
4 path.c:254 0xc0cd629 24
2 path.c:128 0xc0cd629 24
1 dynarray.c:84 0xc0cd5c9 24
2 dynarray.c:95 0xc0cdb09 16
2 path.c:90 0xc0cd9b9 6
2 path.c:90 0xc0cd6e9 7
2 path.c:90 0xc0cd8a9 12
3 dynarray.c:69 0xc0cdcf9 0xc0cdb09 16 32
1 path.c:143 0xc0cd9d9 25
2 path.c:178 0xc0cdb09 24
1 dynarray.c:84 0xc0cd989 24
2 dynarray.c:95 0xc0cd659 16
2 path.c:191 0xc0cdcc9 25
2 path.c:205 0xc0cdb39 6
3 path.c:223 0xc0cdcc9 0xc0cdcc9 25 6
4 path.c:246 0xc0cdcc9 6
4 path.c:31 0xc0cdb39 6
4 dynarray.c:112 0xc0cd659 16
4 dynarray.c:113 0xc0cd989 24
4 path.c:254 0xc0cdb09 24
2 path.c:178 0xc0cdb09 24
1 dynarray.c:84 0xc0cd709 24
2 dynarray.c:95 0xc0cd989 16
2 path.c:191 0xc0cdcc9 25
2 path.c:205 0xc0cdb39 6
2 path.c:205 0xc0cd889 7
3 path.c:223 0xc0cdcc9 0xc0cdcc9 25 13
4 path.c:246 0xc0cdcc9 13
4 path.c:31 0xc0cdb39 6
4 path.c:31 0xc0cd889 7
4 dynarray.c:112 0xc0cd989 16
4 dynarray.c:113 0xc0cd709 24
4 path.c:254 0xc0cdb09 24
2 path.c:178 0xc0cdb09 24
1 dynarray.c:84 0xc0cd659 24
2 dynarray.c:95 0xc0cd709 24
2 path.c:191 0xc0cdcc9 25
2 path.c:205 0xc0cd889 6
2 path.c:205 0xc0cdb39 7
2 path.c:205 0xc0cd969 12
3 path.c:223 0xc0cdcc9 0xc0cdcc9 25 25
4 path.c:246 0xc0cdcc9 25
4 path.c:31 0xc0cd889 6
4 path.c:31 0xc0cdb39 7
4 path.c:31 0xc0cd969 12
4 dynarray.c:112 0xc0cd709 24
4 dynarray.c:113 0xc0cd659 24
4 path.c:254 0xc0cdb09 24
4 path.c:246 0xc0cd9d9 25
4 path.c:31 0xc0cd9b9 6
4 path.c:31 0xc0cd6e9 7
4 path.c:31 0xc0cd8a9 12
4 dynarray.c:112 0xc0cdcf9 32
4 dynarray.c:113 0xc0cd5c9 24
4 path.c:254 0xc0cd629 24
2 path.c:128 0xc0cd629 24
1 dynarray.c:84 0xc0cd989 24
2 dynarray.c:95 0xc0cd5c9 16
2 path.c:90 0xc0cd8a9 12
2 path.c:90 0xc0cd6e9 6
2 path.c:90 0xc0cd9b9 9
3 dynarray.c:69 0xc0cdd39 0xc0cd5c9 16 32
1 path.c:143 0xc0cd9d9 27
2 path.c:178 0xc0cd5c9 24
1 dynarray.c:84 0xc0cdb09 24
2 dynarray.c:95 0xc0cd659 16
2 path.c:191 0xc0cdcc9 27
2 path.c:205 0xc0cd969 12
3 path.c:223 0xc0cdcc9 0xc0cdcc9 27 12
4 path.c:246 0xc0cdcc9 12
4 path.c:31 0xc0cd969 12
4 dynarray.c:112 0xc0cd659 16
4 dynarray.c:113 0xc0cdb09 24
4 path.c:254 0xc0cd5c9 24
4 path.c:246 0xc0cd9d9 27
4 path.c:31 0xc0cd8a9 12
4 path.c:31 0xc0cd6e9 6
4 path.c:31 0xc0cd9b9 9
4 dynarray.c:112 0xc0cdd39 32
4 dynarray.c:113 0xc0cd989 24
4 path.c:254 0xc0cd629 24
2 path.c:128 0xc0cd629 24
1 dynarray.c:84 0xc0cd709 24
2 dynarray.c:95 0xc0cd989 16
2 path.c:90 0xc0cd9b9 6
2 path.c:90 0xc0cd6e9 8
1 path.c:143 0xc0cd6c9 14
2 path.c:178 0xc0cd5c9 24
1 dynarray.c:84 0xc0cd9d9 24
2 dynarray.c:95 0xc0cdb09 16
2 path.c:191 0xc0cd8a9 14
2 path.c:205 0xc0cdb39 6
3 path.c:223 0xc0cd8a9 0xc0cd8a9 14 6
4 path.c:246 0xc0cd8a9 6
4 path.c:31 0xc0cdb39 6
4 dynarray.c:112 0xc0cdb09 16
4 dynarray.c:113 0xc0cd9d9 24
4 path.c:254 0xc0cd5c9 24
2 path.c:178 0xc0cd5c9 24
1 dynarray.c:84 0xc0cd659 24
2 dynarray.c:95 0xc0cd9d9 16
2 path.c:191 0xc0cdb39 14
2 path.c:205 0xc0cd8a9 6
2 path.c:205 0xc0cd889 8
3 path.c:223 0xc0cdb39 0xc0cdb39 14 14
4 path.c:246 0xc0cdb39 14
4 path.c:31 0xc0cd8a9 6
4 path.c:31 0xc0cd889 8
4 dynarray.c:112 0xc0cd9d9 16
4 dynarray.c:113 0xc0cd659 24
4 path.c:254 0xc0cd5c9 24
2 path.c:178 0xc0cd5c9 24
1 dynarray.c:84 0xc0cdb09 24
2 dynarray.c:95 0xc0cd659 16
2 path.c:191 0xc0cd889 14
2 path.c:205 0xc0cd8a9 6
2 path.c:205 0xc0cdb39 8
3 path.c:223 0xc0cd889 0xc0cd889 14 14
1 bdtBad4.c:143 0xc0cdd39 32
2 path.c:178 0xc0cdcc9 24
1 dynarray.c:84 0xc0cd9d9 24
2 dynarray.c:95 0xc0cdd79 16
2 path.c:191 0xc0cdda9 14
2 path.c:205 0xc0cddc9 6
2 path.c:205 0xc0cdde9 8
3 path.c:223 0xc0cdda9 0xc0cdda9 14 14
4 path.c:246 0xc0cd889 14
4 path.c:31 0xc0cd8a9 6
4 path.c:31 0xc0cdb39 8
4 dynarray.c:112 0xc0cd659 16
4 dynarray.c:113 0xc0cdb09 24
4 path.c:254 0xc0cd5c9 24
4 path.c:246 0xc0cd6c9 14
4 path.c:31 0xc0cd9b9 6
4 path.c:31 0xc0cd6e9 8
4 dynarray.c:112 0xc0cd989 16
4 dynarray.c:113 0xc0cd709 24
4 path.c:254 0xc0cd629 24
2 path.c:128 0xc0cd629 24
1 dynarray.c:84 0xc0cd659 24
2 dynarray.c:95 0xc0cd709 16
2 path.c:90 0xc0cd6e9 6
2 path.c:90 0xc0cd9b9 7
1 path.c:143 0xc0cd969 13
2 path.c:178 0xc0cd5c9 24
1 dynarray.c:84 0xc0cd989 24
2 dynarray.c:95 0xc0cdb09 16
2 path.c:191 0xc0cd6c9 13
2 path.c:205 0xc0cd8a9 6
3 path.c:223 0xc0cd6c9 0xc0cd6c9 13 6
4 path.c:246 0xc0cd6c9 6
4 path.c:31 0xc0cd8a9 6
4 dynarray.c:112 0xc0cdb09 16
4 dynarray.c:113 0xc0cd989 24
4 path.c:254 0xc0cd5c9 24
2 path.c:178 0xc0cd5c9 24
1 dynarray.c:84 0xc0cdb09 24
2 dynarray.c:95 0xc0cd989 16
2 path.c:191 0xc0cd8a9 13
2 path.c:205 0xc0cd6c9 6
2 path.c:205 0xc0cd889 7
3 path.c:223 0xc0cd8a9 0xc0cd8a9 13 13
4 path.c:246 0xc0cd8a9 13
4 path.c:31 0xc0cd6c9 6
4 path.c:31 0xc0cd889 7
4 dynarray.c:112 0xc0cd989 16
4 dynarray.c:113 0xc0cdb09 24
4 path.c:254 0xc0cd5c9 24
2 path.c:178 0xc0cd5c9 24
1 dynarray.c:84 0xc0cd989 24
2 dynarray.c:95 0xc0cdb09 16
2 path.c:191 0xc0cd889 13
2 path.c:205 0xc0cd6c9 6
2 path.c:205 0xc0cd8a9 7
3 path.c:223 0xc0cd889 0xc0cd889 13 13
1 bdtBad4.c:143 0xc0cdcf9 32
2 path.c:178 0xc0cde09 24
1 dynarray.c:84 0xc0cd939 24
2 dynarray.c:95 0xc0cde39 16
2 path.c:191 0xc0cde69 13
2 path.c:205 0xc0cde89 6
2 path.c:205 0xc0cdea9 7
3 path.c:223 0xc0cde69 0xc0cde69 13 13
4 path.c:246 0xc0cde69 13
4 path.c:31 0xc0cde89 6
4 path.c:31 0xc0cdea9 7
4 dynarray.c:112 0xc0cde39 16
4 dynarray.c:113 0xc0cd939 24
4 path.c:254 0xc0cde09 24
4 bdtBad4.c:193 0xc0cdcf9 32
4 path.c:246 0xc0cd969 13
4 path.c:31 0xc0cd6e9 6
4 path.c:31 0xc0cd9b9 7
4 dynarray.c:112 0xc0cd709 16
4 dynarray.c:113 0xc0cd659 24
4 path.c:254 0xc0cd629 24
4 path.c:246 0xc0cd889 13
4 path.c:31 0xc0cd6c9 6
4 path.c:31 0xc0cd8a9 7
4 dynarray.c:112 0xc0cdb09 16
4 dynarray.c:113 0xc0cd989 24
4 path.c:254 0xc0cd5c9 24
2 path.c:128 0xc0cd5c9 24
1 dynarray.c:84 0xc0cd939 24
2 dynarray.c:95 0xc0cd989 16
2 path.c:90 0xc0cd8a9 6
2 path.c:90 0xc0cd6c9 4
2 path.c:90 0xc0cd889 5
3 dynarray.c:69 0xc0cdec9 0xc0cd989 16 32
2 path.c:90 0xc0cd9b9 7
1 path.c:143 0xc0cdb09 22
2 path.c:178 0xc0cd989 24
1 dynarray.c:84 0xc0cd629 24
2 dynarray.c:95 0xc0cd659 16
2 path.c:191 0xc0cde09 22
2 path.c:205 0xc0cd6e9 6
3 path.c:223 0xc0cde09 0xc0cde09 22 6
4 path.c:246 0xc0cde09 6
4 path.c:31 0xc0cd6e9 6
4 dynarray.c:112 0xc0cd659 16
4 dynarray.c:113 0xc0cd629 24
4 path.c:254 0xc0cd989 24
2 path.c:178 0xc0cd989 24
1 dynarray.c:84 0xc0cd709 24
2 dynarray.c:95 0xc0cd629 16
2 path.c:191 0xc0cde09 22
2 path.c:205 0xc0cd6e9 6
2 path.c:205 0xc0cd969 4
3 path.c:223 0xc0cde09 0xc0cde09 22 10
4 path.c:246 0xc0cde09 10
4 path.c:31 0xc0cd6e9 6
4 path.c:31 0xc0cd969 4
4 dynarray.c:112 0xc0cd629 16
4 dynarray.c:113 0xc0cd709 24
4 path.c:254 0xc0cd989 24
2 path.c:178 0xc0cd989 24
1 dynarray.c:84 0xc0cd659 24
2 dynarray.c:95 0xc0cd709 16
2 path.c:191 0xc0cde09 22
2 path.c:205 0xc0cd969 6
2 path.c:205 0xc0cd6e9 4
3 path.c:223 0xc0cde09 0xc0cde09 22 10
1 bdtBad4.c:143 0xc0cdcf9 32
2 path.c:178 0xc0cdf09 24
1 dynarray.c:84 0xc0cd629 24
2 dynarray.c:95 0xc0cdf39 16
2 path.c:191 0xc0cdea9 10
2 path.c:205 0xc0cde89 6
2 path.c:205 0xc0cde69 4
3 path.c:223 0xc0cdea9 0xc0cdea9 10 10
4 path.c:246 0xc0cdea9 10
4 path.c:31 0xc0cde89 6
4 path.c:31 0xc0cde69 4
4 dynarray.c:112 0xc0cdf39 16
4 dynarray.c:113 0xc0cd629 24
4 path.c:254 0xc0cdf09 24
4 bdtBad4.c:193 0xc0cdcf9 32
4 path.c:246 0xc0cdb09 22
4 path.c:31 0xc0cd8a9 6
4 path.c:31 0xc0cd6c9 4
4 path.c:31 0xc0cd889 5
4 path.c:31 0xc0cd9b9 7
4 dynarray.c:112 0xc0cdec9 32
4 dynarray.c:113 0xc0cd939 24
4 path.c:254 0xc0cd5c9 24
4 path.c:246 0xc0cde09 10
4 path.c:31 0xc0cd969 6
4 path.c:31 0xc0cd6e9 4
4 dynarray.c:112 0xc0cd709 16
4 dynarray.c:113 0xc0cd659 24
4 path.c:254 0xc0cd989 24
2 path.c:128 0xc0cd989 24
1 dynarray.c:84 0xc0cdf39 24
2 dynarray.c:95 0xc0cd659 16
2 path.c:90 0xc0cd6e9 6
1 path.c:143 0xc0cdb39 6
2 path.c:178 0xc0cde09 24
1 dynarray.c:84 0xc0cd709 24
2 dynarray.c:95 0xc0cd5c9 16
2 path.c:191 0xc0cd969 6
2 path.c:205 0xc0cd889 6
3 path.c:223 0xc0cd969 0xc0cd969 6 6
4 path.c:246 0xc0cd969 6
4 path.c:31 0xc0cd889 6
4 dynarray.c:112 0xc0cd5c9 16
4 dynarray.c:113 0xc0cd709 24
4 path.c:254 0xc0cde09 24
4 path.c:246 0xc0cdb39 6
4 path.c:31 0xc0cd6e9 6
4 dynarray.c:112 0xc0cd659 16
4 dynarray.c:113 0xc0cdf39 24
4 path.c:254 0xc0cd989 24
2 path.c:128 0xc0cd989 24
1 dynarray.c:84 0xc0cd939 24
2 dynarray.c:95 0xc0cdf39 16
2 path.c:90 0xc0cd6e9 6
2 path.c:90 0xc0cdb39 7
1 path.c:143 0xc0cd9b9 13
2 path.c:178 0xc0cde09 24
1 dynarray.c:84 0xc0cd659 24
2 dynarray.c:95 0xc0cd709 16
2 path.c:191 0xc0cd889 13
2 path.c:205 0xc0cd6c9 6
3 path.c:223 0xc0cd889 0xc0cd889 13 6
4 path.c:246 0xc0cd889 6
4 path.c:31 0xc0cd6c9 6
4 dynarray.c:112 0xc0cd709 16
4 dynarray.c:113 0xc0cd659 24
4 path.c:254 0xc0cde09 24
2 path.c:178 0xc0cde09 24
1 dynarray.c:84 0xc0cd5c9 24
2 dynarray.c:95 0xc0cd659 16
2 path.c:191 0xc0cd6c9 13
2 path.c:205 0xc0cd889 6
2 path.c:205 0xc0cd8a9 7
3 path.c:223 0xc0cd6c9 0xc0cd6c9 13 13
4 path.c:246 0xc0cd6c9 13
4 path.c:31 0xc0cd889 6
4 path.c:31 0xc0cd8a9 7
4 dynarray.c:112 0xc0cd659 16
4 dynarray.c:113 0xc0cd5c9 24
4 path.c:254 0xc0cde09 24
4 path.c:246 0xc0cd9b9 13
4 path.c:31 0xc0cd6e9 6
4 path.c:31 0xc0cdb39 7
4 dynarray.c:112 0xc0cdf39 16
4 dynarray.c:113 0xc0cd939 24
4 path.c:254 0xc0cd989 24
2 path.c:128 0xc0cd989 24
1 dynarray.c:84 0xc0cd709 24
2 dynarray.c:95 0xc0cd939 16
2 path.c:90 0xc0cdb39 6
2 path.c:90 0xc0cd6e9 8
1 path.c:143 0xc0cd969 14
2 path.c:178 0xc0cde09 24
1 dynarray.c:84 0xc0cdf39 24
2 dynarray.c:95 0xc0cd5c9 16
2 path.c:191 0xc0cd9b9 14
2 path.c:205 0xc0cd889 6
3 path.c:223 0xc0cd9b9 0xc0cd9b9 14 6
4 path.c:246 0xc0cd9b9 6
4 path.c:31 0xc0cd889 6
4 dynarray.c:112 0xc0cd5c9 16
4 dynarray.c:113 0xc0cdf39 24
4 path.c:254 0xc0cde09 24
2 path.c:178 0xc0cde09 24
1 dynarray.c:84 0xc0cd659 24
2 dynarray.c:95 0xc0cdf39 16
2 path.c:191 0xc0cd889 14
2 path.c:205 0xc0cd9b9 6
2 path.c:205 0xc0cd6c9 8
3 path.c:223 0xc0cd889 0xc0cd889 14 14
4 path.c:246 0xc0cd889 14
4 path.c:31 0xc0cd9b9 6
4 path.c:31 0xc0cd6c9 8
4 dynarray.c:112 0xc0cdf39 16
4 dynarray.c:113 0xc0cd659 24
4 path.c:254 0xc0cde09 24
4 path.c:246 0xc0cd969 14
4 path.c:31 0xc0cdb39 6
4 path.c:31 0xc0cd6e9 8
4 dynarray.c:112 0xc0cd939 16
4 dynarray.c:113 0xc0cd709 24
4 path.c:254 0xc0cd989 24
2 path.c:128 0xc0cd989 24
1 dynarray.c:84 0xc0cd5c9 24
2 dynarray.c:95 0xc0cd709 16
2 path.c:90 0xc0cd6e9 6
2 path.c:90 0xc0cdb39 7
1 path.c:143 0xc0cd8a9 13
2 path.c:178 0xc0cde09 24
1 dynarray.c:84 0xc0cd939 24
2 dynarray.c:95 0xc0cd659 16
2 path.c:191 0xc0cd969 13
2 path.c:205 0xc0cd9b9 6
3 path.c:223 0xc0cd969 0xc0cd969 13 6
4 path.c:246 0xc0cd969 6
4 path.c:31 0xc0cd9b9 6
4 dynarray.c:112 0xc0cd659 16
4 dynarray.c:113 0xc0cd939 24
4 path.c:254 0xc0cde09 24
2 path.c:178 0xc0cde09 24
1 dynarray.c:84 0xc0cdf39 24
2 dynarray.c:95 0xc0cd939 16
2 path.c:191 0xc0cd9b9 13
2 path.c:205 0xc0cd969 6
2 path.c:205 0xc0cd889 7
3 path.c:223 0xc0cd9b9 0xc0cd9b9 13 13
4 path.c:246 0xc0cd9b9 13
4 path.c:31 0xc0cd969 6
4 path.c:31 0xc0cd889 7
4 dynarray.c:112 0xc0cd939 16
4 dynarray.c:113 0xc0cdf39 24
4 path.c:254 0xc0cde09 24
4 path.c:246 0xc0cd8a9 13
4 path.c:31 0xc0cd6e9 6
4 path.c:31 0xc0cdb39 7
4 dynarray.c:112 0xc0cd709 16
4 dynarray.c:113 0xc0cd5c9 24
4 path.c:254 0xc0cd989 24
2 path.c:128 0xc0cd989 24
1 dynarray.c:84 0xc0cd659 24
2 dynarray.c:95 0xc0cd5c9 16
2 path.c:90 0xc0cdb39 6
2 path.c:90 0xc0cd6e9 4
1 path.c:143 0xc0cd6c9 10
2 path.c:178 0xc0cde09 24
1 dynarray.c:84 0xc0cd709 24
2 dynarray.c:95 0xc0cdf39 16
2 path.c:191 0xc0cd8a9 10
2 path.c:205 0xc0cd969 6
3 path.c:223 0xc0cd8a9 0xc0cd8a9 10 6
4 path.c:246 0xc0cd8a9 6
4 path.c:31 0xc0cd969 6
4 dynarray.c:112 0xc0cdf39 16
4 dynarray.c:113 0xc0cd709 24
4 path.c:254 0xc0cde09 24
2 path.c:178 0xc0cde09 24
1 dynarray.c:84 0xc0cd939 24
2 dynarray.c:95 0xc0cd709 16
2 path.c:191 0xc0cd969 10
2 path.c:205 0xc0cd8a9 6
2 path.c:205 0xc0cd9b9 4
3 path.c:223 0xc0cd969 0xc0cd969 10 10
4 path.c:246 0xc0cd969 10
4 path.c:31 0xc0cd8a9 6
4 path.c:31 0xc0cd9b9 4
4 dynarray.c:112 0xc0cd709 16
4 dynarray.c:113 0xc0cd939 24
4 path.c:254 0xc0cde09 24
4 path.c:246 0xc0cd6c9 10
4 path.c:31 0xc0cdb39 6
4 path.c:31 0xc0cd6e9 4
4 dynarray.c:112 0xc0cd5c9 16
4 dynarray.c:113 0xc0cd659 24
4 path.c:254 0xc0cd989 24
2 path.c:128 0xc0cd989 24
1 dynarray.c:84 0xc0cdf39 24
2 dynarray.c:95 0xc0cd659 16
2 path.c:90 0xc0cd6e9 6
2 path.c:90 0xc0cdb39 4
2 path.c:90 0xc0cd6c9 5
3 dynarray.c:69 0xc0cdf69 0xc0cd659 16 32
1 path.c:143 0xc0cd5c9 15
2 path.c:178 0xc0cd659 24
1 dynarray.c:84 0xc0cde09 24
2 dynarray.c:95 0xc0cd939 16
2 path.c:191 0xc0cdb09 15
2 path.c:205 0xc0cd9b9 6
3 path.c:223 0xc0cdb09 0xc0cdb09 15 6
4 path.c:246 0xc0cdb09 6
4 path.c:31 0xc0cd9b9 6
4 dynarray.c:112 0xc0cd939 16
4 dynarray.c:113 0xc0cde09 24
4 path.c:254 0xc0cd659 24
2 path.c:178 0xc0cd659 24
1 dynarray.c:84 0xc0cd709 24
2 dynarray.c:95 0xc0cde09 16
2 path.c:191 0xc0cdb09 15
2 path.c:205 0xc0cd9b9 6
2 path.c:205 0xc0cd8a9 4
3 path.c:223 0xc0cdb09 0xc0cdb09 15 10
4 path.c:246 0xc0cdb09 10
4 path.c:31 0xc0cd9b9 6
4 path.c:31 0xc0cd8a9 4
4 dynarray.c:112 0xc0cde09 16
4 dynarray.c:113 0xc0cd709 24
4 path.c:254 0xc0cd659 24
4 path.c:246 0xc0cd5c9 15
4 path.c:31 0xc0cd6e9 6
4 path.c:31 0xc0cdb39 4
4 path.c:31 0xc0cd6c9 5
4 dynarray.c:112 0xc0cdf69 32
4 dynarray.c:113 0xc0cdf39 24
4 path.c:254 0xc0cd989 24
2 path.c:128 0xc0cd989 24
1 dynarray.c:84 0xc0cd939 24
2 dynarray.c:95 0xc0cdf39 16
2 path.c:90 0xc0cd6c9 6
2 path.c:90 0xc0cdb39 4
2 path.c:90 0xc0cd6e9 5
3 dynarray.c:69 0xc0cdfa9 0xc0cdf39 16 32
2 path.c:90 0xc0cd8a9 7
1 path.c:143 0xc0cd5c9 22
2 path.c:178 0xc0cdf39 24
1 dynarray.c:84 0xc0cd659 24
2 dynarray.c:95 0xc0cd709 16
2 path.c:191 0xc0cdb09 22
2 path.c:205 0xc0cd9b9 6
3 path.c:223 0xc0cdb09 0xc0cdb09 22 6
4 path.c:246 0xc0cdb09 6
4 path.c:31 0xc0cd9b9 6
4 dynarray.c:112 0xc0cd709 16
4 dynarray.c:113 0xc0cd659 24
4 path.c:254 0xc0cdf39 24
2 path.c:178 0xc0cdf39 24
1 dynarray.c:84 0xc0cde09 24
2 dynarray.c:95 0xc0cd659 16
2 path.c:191 0xc0cdb09 22
2 path.c:205 0xc0cd9b9 6
2 path.c:205 0xc0cd969 4
3 path.c:223 0xc0cdb09 0xc0cdb09 22 10
4 path.c:246 0xc0cdb09 10
4 path.c:31 0xc0cd9b9 6
4 path.c:31 0xc0cd969 4
4 dynarray.c:112 0xc0cd659 16
4 dynarray.c:113 0xc0cde09 24
4 path.c:254 0xc0cdf39 24
4 path.c:246 0xc0cd5c9 22
4 path.c:31 0xc0cd6c9 6
4 path.c:31 0xc0cdb39 4
4 path.c:31 0xc0cd6e9 5
4 path.c:31 0xc0cd8a9 7
4 dynarray.c:112 0xc0cdfa9 32
4 dynarray.c:113 0xc0cd939 24
4 path.c:254 0xc0cd989 24
1 dynarray.c:84 0xc0cd709 24
2 dynarray.c:95 0xc0cdfe9 32
1 bdtBad4.c:663 0xc0ce029 55
4 dynarray.c:112 0xc0cdfe9 32
4 dynarray.c:113 0xc0cd709 24
6 bdt_client.c:82 0xc0ce029
4 bdt_client.c:82 0xc0ce029 55
2 path.c:128 0xc0cd989 24
1 dynarray.c:84 0xc0cd709 24
2 dynarray.c:95 0xc0cd939 16
2 path.c:90 0xc0cd8a9 6
2 path.c:90 0xc0cd6e9 7
2 path.c:90 0xc0cdb39 12
3 dynarray.c:69 0xc0ce079 0xc0cd939 16 32
1 path.c:143 0xc0cd5c9 25
2 path.c:178 0xc0cd939 24
1 dynarray.c:84 0xc0cdf39 24
2 dynarray.c:95 0xc0cde09 16
2 path.c:191 0xc0cdb09 25
2 path.c:205 0xc0cd6c9 6
3 path.c:223 0xc0cdb09 0xc0cdb09 25 6
4 path.c:246 0xc0cdb09 6
4 path.c:31 0xc0cd6c9 6
4 dynarray.c:112 0xc0cde09 16
4 dynarray.c:113 0xc0cdf39 24
4 path.c:254 0xc0cd939 24
2 path.c:178 0xc0cd939 24
1 dynarray.c:84 0xc0cd659 24
2 dynarray.c:95 0xc0cdf39 16
2 path.c:191 0xc0cdb09 25
2 path.c:205 0xc0cd6c9 6
2 path.c:205 0xc0cd969 7
3 path.c:223 0xc0cdb09 0xc0cdb09 25 13
4 path.c:246 0xc0cdb09 13
4 path.c:31 0xc0cd6c9 6
4 path.c:31 0xc0cd969 7
4 dynarray.c:112 0xc0cdf39 16
4 dynarray.c:113 0xc0cd659 24
4 path.c:254 0xc0cd939 24
2 path.c:178 0xc0cd939 24
1 dynarray.c:84 0xc0cde09 24
2 dynarray.c:95 0xc0cd659 24
2 path.c:191 0xc0cdb09 25
2 path.c:205 0xc0cd969 6
2 path.c:205 0xc0cd6c9 7
2 path.c:205 0xc0cd9b9 12
3 path.c:223 0xc0cdb09 0xc0cdb09 25 25
4 path.c:246 0xc0cdb09 25
4 path.c:31 0xc0cd969 6
4 path.c:31 0xc0cd6c9 7
4 path.c:31 0xc0cd9b9 12
4 dynarray.c:112 0xc0cd659 24
4 dynarray.c:113 0xc0cde09 24
4 path.c:254 0xc0cd939 24
4 path.c:246 0xc0cd5c9 25
4 path.c:31 0xc0cd8a9 6
4 path.c:31 0xc0cd6e9 7
4 path.c:31 0xc0cdb39 12
4 dynarray.c:112 0xc0ce079 32
4 dynarray.c:113 0xc0cd709 24
4 path.c:254 0xc0cd989 24
2 path.c:128 0xc0cd989 24
1 dynarray.c:84 0xc0cdf39 24
2 dynarray.c:95 0xc0cd709 16
2 path.c:90 0xc0cdb39 6
2 path.c:90 0xc0cd6e9 8
2 path.c:90 0xc0cd8a9 12
3 dynarray.c:69 0xc0ce079 0xc0cd709 16 32
1 path.c:143 0xc0cd5c9 26
2 path.c:178 0xc0cd709 24
1 dynarray.c:84 0xc0cd939 24
2 dynarray.c:95 0xc0cde09 16
2 path.c:191 0xc0cdb09 26
2 path.c:205 0xc0cd9b9 6
3 path.c:223 0xc0cdb09 0xc0cdb09 26 6
4 path.c:246 0xc0cdb09 6
4 path.c:31 0xc0cd9b9 6
4 dynarray.c:112 0xc0cde09 16
4 dynarray.c:113 0xc0cd939 24
4 path.c:254 0xc0cd709 24
2 path.c:178 0xc0cd709 24
1 dynarray.c:84 0xc0cd659 24
2 dynarray.c:95 0xc0cd939 16
2 path.c:191 0xc0cdb09 26
2 path.c:205 0xc0cd9b9 6
2 path.c:205 0xc0cd6c9 8
3 path.c:223 0xc0cdb09 0xc0cdb09 26 14
4 path.c:246 0xc0cdb09 14
4 path.c:31 0xc0cd9b9 6
4 path.c:31 0xc0cd6c9 8
4 dynarray.c:112 0xc0cd939 16
4 dynarray.c:113 0xc0cd659 24
4 path.c:254 0xc0cd709 24
2 path.c:178 0xc0cd709 24
1 dynarray.c:84 0xc0cde09 24
2 dynarray.c:95 0xc0cd659 24
2 path.c:191 0xc0cdb09 26
2 path.c:205 0xc0cd6c9 6
2 path.c:205 0xc0cd9b9 8
2 path.c:205 0xc0cd969 12
3 path.c:223 0xc0cdb09 0xc0cdb09 26 26
4 path.c:246 0xc0cdb09 26
4 path.c:31 0xc0cd6c9 6
4 path.c:31 0xc0cd9b9 8
4 path.c:31 0xc0cd969 12
4 dynarray.c:112 0xc0cd659 24
4 dynarray.c:113 0xc0cde09 24
4 path.c:254 0xc0cd709 24
4 path.c:246 0xc0cd5c9 26
4 path.c:31 0xc0cdb39 6
4 path.c:31 0xc0cd6e9 8
4 path.c:31 0xc0cd8a9 12
4 dynarray.c:112 0xc0ce079 32
4 dynarray.c:113 0xc0cdf39 24
4 path.c:254 0xc0cd989 24
2 path.c:128 0xc0cd989 24
1 dynarray.c:84 0xc0cd939 24
2 dynarray.c:95 0xc0cdf39 16
2 path.c:90 0xc0cd8a9 6
2 path.c:90 0xc0cd6e9 8
2 path.c:90 0xc0cdb39 12
3 dynarray.c:69 0xc0ce079 0xc0cdf39 16 32
1 path.c:143 0xc0cd5c9 26
2 path.c:178 0xc0cdf39 24
1 dynarray.c:84 0xc0cd709 24
2 dynarray.c:95 0xc0cde09 16
2 path.c:191 0xc0cdb09 26
2 path.c:205 0xc0cd969 6
3 path.c:223 0xc0cdb09 0xc0cdb09 26 6
4 path.c:246 0xc0cdb09 6
4 path.c:31 0xc0cd969 6
4 dynarray.c:112 0xc0cde09 16
4 dynarray.c:113 0xc0cd709 24
4 path.c:254 0xc0cdf39 24
2 path.c:178 0xc0cdf39 24
1 dynarray.c:84 0xc0cd659 24
2 dynarray.c:95 0xc0cd709 16
2 path.c:191 0xc0cdb09 26
2 path.c:205 0xc0cd969 6
2 path.c:205 0xc0cd9b9 8
3 path.c:223 0xc0cdb09 0xc0cdb09 26 14
4 path.c:246 0xc0cdb09 14
4 path.c:31 0xc0cd969 6
4 path.c:31 0xc0cd9b9 8
4 dynarray.c:112 0xc0cd709 16
4 dynarray.c:113 0xc0cd659 24
4 path.c:254 0xc0cdf39 24
2 path.c:178 0xc0cdf39 24
1 dynarray.c:84 0xc0cde09 24
2 dynarray.c:95 0xc0cd659 24
2 path.c:191 0xc0cdb09 26
2 path.c:205 0xc0cd9b9 6
2 path.c:205 0xc0cd969 8
2 path.c:205 0xc0cd6c9 12
3 path.c:223 0xc0cdb09 0xc0cdb09 26 26
4 path.c:246 0xc0cdb09 26
4 path.c:31 0xc0cd9b9 6
4 path.c:31 0xc0cd969 8
4 path.c:31 0xc0cd6c9 12
4 dynarray.c:112 0xc0cd659 24
4 dynarray.c:113 0xc0cde09 24
4 path.c:254 0xc0cdf39 24
2 path.c:178 0xc0cdf39 24
1 dynarray.c:84 0xc0cd709 24
2 dynarray.c:95 0xc0cde09 24
2 path.c:191 0xc0cdb09 26
2 path.c:205 0xc0cd6c9 6
2 path.c:205 0xc0cd969 8
2 path.c:205 0xc0cd9b9 12
3 path.c:223 0xc0cdb09 0xc0cdb09 26 26
1 bdtBad4.c:143 0xc0cdfe9 32
2 path.c:178 0xc0cdf09 24
1 dynarray.c:84 0xc0cd659 24
2 dynarray.c:95 0xc0cd629 24
2 path.c:191 0xc0ce0b9 26
2 path.c:205 0xc0cde69 6
2 path.c:205 0xc0cde89 8
2 path.c:205 0xc0cdea9 12
3 path.c:223 0xc0ce0b9 0xc0ce0b9 26 26
4 path.c:246 0xc0cdb09 26
4 path.c:31 0xc0cd6c9 6
4 path.c:31 0xc0cd969 8
4 path.c:31 0xc0cd9b9 12
4 dynarray.c:112 0xc0cde09 24
4 dynarray.c:113 0xc0cd709 24
4 path.c:254 0xc0cdf39 24
4 path.c:246 0xc0cd5c9 26
4 path.c:31 0xc0cd8a9 6
4 path.c:31 0xc0cd6e9 8
4 path.c:31 0xc0cdb39 12
4 dynarray.c:112 0xc0ce079 32
4 dynarray.c:113 0xc0cd939 24
4 path.c:254 0xc0cd989 24
2 path.c:128 0xc0cd989 24
1 dynarray.c:84 0xc0cdb09 24
2 dynarray.c:95 0xc0cd939 16
2 path.c:90 0xc0cdb39 6
2 path.c:90 0xc0cd6e9 7
2 path.c:90 0xc0cd8a9 12
3 dynarray.c:69 0xc0ce0e9 0xc0cd939 16 32
1 path.c:143 0xc0cd5c9 25
2 path.c:178 0xc0cd939 24
1 dynarray.c:84 0xc0cdf39 24
2 dynarray.c:95 0xc0cd709 16
2 path.c:191 0xc0ce129 25
2 path.c:205 0xc0cd9b9 6
3 path.c:223 0xc0ce129 0xc0ce129 25 6
4 path.c:246 0xc0ce129 6
4 path.c:31 0xc0cd9b9 6
4 dynarray.c:112 0xc0cd709 16
4 dynarray.c:113 0xc0cdf39 24
4 path.c:254 0xc0cd939 24
2 path.c:178 0xc0cd939 24
1 dynarray.c:84 0xc0cde09 24
2 dynarray.c:95 0xc0cdf39 16
2 path.c:191 0xc0ce129 25
2 path.c:205 0xc0cd9b9 6
2 path.c:205 0xc0cd969 7
3 path.c:223 0xc0ce129 0xc0ce129 25 13
4 path.c:246 0xc0ce129 13
4 path.c:31 0xc0cd9b9 6
4 path.c:31 0xc0cd969 7
4 dynarray.c:112 0xc0cdf39 16
4 dynarray.c:113 0xc0cde09 24
4 path.c:254 0xc0cd939 24
2 path.c:178 0xc0cd939 24
1 dynarray.c:84 0xc0cd709 24
2 dynarray.c:95 0xc0cde09 24
2 path.c:191 0xc0ce129 25
2 path.c:205 0xc0cd969 6
2 path.c:205 0xc0cd9b9 7
2 path.c:205 0xc0cd6c9 12
3 path.c:223 0xc0ce129 0xc0ce129 25 25
4 path.c:246 0xc0ce129 25
4 path.c:31 0xc0cd969 6
4 path.c:31 0xc0cd9b9 7
4 path.c:31 0xc0cd6c9 12
4 dynarray.c:112 0xc0cde09 24
4 dynarray.c:113 0xc0cd709 24
4 path.c:254 0xc0cd939 24
4 path.c:246 0xc0cd5c9 25
4 path.c:31 0xc0cdb39 6
4 path.c:31 0xc0cd6e9 7
4 path.c:31 0xc0cd8a9 12
4 dynarray.c:112 0xc0ce0e9 32
4 dynarray.c:113 0xc0cdb09 24
4 path.c:254 0xc0cd989 24
2 path.c:128 0xc0cd989 24
1 dynarray.c:84 0xc0cdf39 24
2 dynarray.c:95 0xc0cdb09 16
2 path.c:90 0xc0cd8a9 6
2 path.c:90 0xc0cd6e9 8
2 path.c:90 0xc0cdb39 12
3 dynarray.c:69 0xc0ce0e9 0xc0cdb09 16 32
1 path.c:143 0xc0cd5c9 26
2 path.c:178 0xc0cdb09 24
1 dynarray.c:84 0xc0cd939 24
2 dynarray.c:95 0xc0cd709 16
2 path.c:191 0xc0ce129 26
2 path.c:205 0xc0cd6c9 6
3 path.c:223 0xc0ce129 0xc0ce129 26 6
4 path.c:246 0xc0ce129 6
4 path.c:31 0xc0cd6c9 6
4 dynarray.c:112 0xc0cd709 16
4 dynarray.c:113 0xc0cd939 24
4 path.c:254 0xc0cdb09 24
2 path.c:178 0xc0cdb09 24
1 dynarray.c:84 0xc0cde09 24
2 dynarray.c:95 0xc0cd939 16
2 path.c:191 0xc0ce129 26
2 path.c:205 0xc0cd6c9 6
2 path.c:205 0xc0cd9b9 8
3 path.c:223 0xc0ce129 0xc0ce129 26 14
4 path.c:246 0xc0ce129 14
4 path.c:31 0xc0cd6c9 6
4 path.c:31 0xc0cd9b9 8
4 dynarray.c:112 0xc0cd939 16
4 dynarray.c:113 0xc0cde09 24
4 path.c:254 0xc0cdb09 24
2 path.c:178 0xc0cdb09 24
1 dynarray.c:84 0xc0cd709 24
2 dynarray.c:95 0xc0cde09 24
2 path.c:191 0xc0ce129 26
2 path.c:205 0xc0cd9b9 6
2 path.c:205 0xc0cd6c9 8
2 path.c:205 0xc0cd969 12
3 path.c:223 0xc0ce129 0xc0ce129 26 26
4 path.c:246 0xc0ce129 26
4 path.c:31 0xc0cd9b9 6
4 path.c:31 0xc0cd6c9 8
4 path.c:31 0xc0cd969 12
4 dynarray.c:112 0xc0cde09 24
4 dynarray.c:113 0xc0cd709 24
4 path.c:254 0xc0cdb09 24
4 path.c:246 0xc0cd5c9 26
4 path.c:31 0xc0cd8a9 6
4 path.c:31 0xc0cd6e9 8
4 path.c:31 0xc0cdb39 12
4 dynarray.c:112 0xc0ce0e9 32
4 dynarray.c:113 0xc0cdf39 24
4 path.c:254 0xc0cd989 24
2 path.c:128 0xc0cd989 24
1 dynarray.c:84 0xc0cd939 24
2 dynarray.c:95 0xc0cdf39 16
2 path.c:90 0xc0cdb39 6
2 path.c:90 0xc0cd6e9 8
2 path.c:90 0xc0cd8a9 12
3 dynarray.c:69 0xc0ce0e9 0xc0cdf39 16 32
1 path.c:143 0xc0cd5c9 26
2 path.c:178 0xc0cdf39 24
1 dynarray.c:84 0xc0cdb09 24
2 dynarray.c:95 0xc0cd709 16
2 path.c:191 0xc0ce129 26
2 path.c:205 0xc0cd969 6
3 path.c:223 0xc0ce129 0xc0ce129 26 6
4 path.c:246 0xc0ce129 6
4 path.c:31 0xc0cd969 6
4 dynarray.c:112 0xc0cd709 16
4 dynarray.c:113 0xc0cdb09 24
4 path.c:254 0xc0cdf39 24
2 path.c:178 0xc0cdf39 24
1 dynarray.c:84 0xc0cde09 24
2 dynarray.c:95 0xc0cdb09 16
2 path.c:191 0xc0ce129 26
2 path.c:205 0xc0cd969 6
2 path.c:205 0xc0cd6c9 8
3 path.c:223 0xc0ce129 0xc0ce129 26 14
4 path.c:246 0xc0ce129 14
4 path.c:31 0xc0cd969 6
4 path.c:31 0xc0cd6c9 8
4 dynarray.c:112 0xc0cdb09 16
4 dynarray.c:113 0xc0cde09 24
4 path.c:254 0xc0cdf39 24
2 path.c:178 0xc0cdf39 24
1 dynarray.c:84 0xc0cd709 24
2 dynarray.c:95 0xc0cde09 24
2 path.c:191 0xc0ce129 26
2 path.c:205 0xc0cd6c9 6
2 path.c:205 0xc0cd969 8
2 path.c:205 0xc0cd9b9 12
3 path.c:223 0xc0ce129 0xc0ce129 26 26
4 path.c:246 0xc0ce129 26
4 path.c:31 0xc0cd6c9 6
4 path.c:31 0xc0cd969 8
4 path.c:31 0xc0cd9b9 12
4 dynarray.c:112 0xc0cde09 24
4 dynarray.c:113 0xc0cd709 24
4 path.c:254 0xc0cdf39 24
4 path.c:246 0xc0cd5c9 26
4 path.c:31 0xc0cdb39 6
4 path.c:31 0xc0cd6e9 8
4 path.c:31 0xc0cd8a9 12
4 dynarray.c:112 0xc0ce0e9 32
4 dynarray.c:113 0xc0cd939 24
4 path.c:254 0xc0cd989 24
2 path.c:128 0xc0cd989 24
1 dynarray.c:84 0xc0cdb09 24
2 dynarray.c:95 0xc0cd939 16
2 path.c:90 0xc0cd8a9 6
2 path.c:90 0xc0cd6e9 8
2 path.c:90 0xc0cdb39 12
3 dynarray.c:69 0xc0ce0e9 0xc0cd939 16 32
2 path.c:90 0xc0cd9b9 6
1 path.c:143 0xc0ce079 32
2 path.c:178 0xc0cd939 24
1 dynarray.c:84 0xc0cd5c9 24
2 dynarray.c:95 0xc0cdf39 16
2 path.c:191 0xc0ce159 32
2 path.c:205 0xc0cd969 6
3 path.c:223 0xc0ce159 0xc0ce159 32 6
4 path.c:246 0xc0ce159 6
4 path.c:31 0xc0cd969 6
4 dynarray.c:112 0xc0cdf39 16
4 dynarray.c:113 0xc0cd5c9 24
4 path.c:254 0xc0cd939 24
2 path.c:178 0xc0cd939 24
1 dynarray.c:84 0xc0cd709 24
2 dynarray.c:95 0xc0cd5c9 16
2 path.c:191 0xc0ce199 32
2 path.c:205 0xc0cd969 6
2 path.c:205 0xc0ce159 8
3 path.c:223 0xc0ce199 0xc0ce199 32 14
4 path.c:246 0xc0ce199 14
4 path.c:31 0xc0cd969 6
4 path.c:31 0xc0ce159 8
4 dynarray.c:112 0xc0cd5c9 16
4 dynarray.c:113 0xc0cd709 24
4 path.c:254 0xc0cd939 24
2 path.c:178 0xc0cd939 24
1 dynarray.c:84 0xc0cdf39 24
2 dynarray.c:95 0xc0cd709 24
2 path.c:191 0xc0ce1d9 32
2 path.c:205 0xc0ce159 6
2 path.c:205 0xc0cd969 8
2 path.c:205 0xc0ce199 12
3 path.c:223 0xc0ce1d9 0xc0ce1d9 32 26
4 path.c:246 0xc0ce1d9 26
4 path.c:31 0xc0ce159 6
4 path.c:31 0xc0cd969 8
4 path.c:31 0xc0ce199 12
4 dynarray.c:112 0xc0cd709 24
4 dynarray.c:113 0xc0cdf39 24
4 path.c:254 0xc0cd939 24
2 path.c:178 0xc0cd939 24
1 dynarray.c:84 0xc0cd5c9 24
2 dynarray.c:95 0xc0ce219 32
2 path.c:191 0xc0ce259 32
2 path.c:205 0xc0ce199 6
2 path.c:205 0xc0cd969 8
2 path.c:205 0xc0ce159 12
2 path.c:205 0xc0ce1b9 6
3 path.c:223 0xc0ce259 0xc0ce259 32 32
4 path.c:246 0xc0ce259 32
4 path.c:31 0xc0ce199 6
4 path.c:31 0xc0cd969 8
4 path.c:31 0xc0ce159 12
4 path.c:31 0xc0ce1b9 6
4 dynarray.c:112 0xc0ce219 32
4 dynarray.c:113 0xc0cd5c9 24
4 path.c:254 0xc0cd939 24
2 path.c:178 0xc0cd939 24
1 dynarray.c:84 0xc0cd5c9 24
2 dynarray.c:95 0xc0ce219 32
2 path.c:191 0xc0ce259 32
2 path.c:205 0xc0ce1b9 6
2 path.c:205 0xc0ce159 8
2 path.c:205 0xc0cd969 12
2 path.c:205 0xc0ce199 6
3 path.c:223 0xc0ce259 0xc0ce259 32 32
1 bdtBad4.c:143 0xc0ce1d9 32
2 path.c:178 0xc0cdf39 24
1 dynarray.c:84 0xc0cd709 24
2 dynarray.c:95 0xc0ce299 32
2 path.c:191 0xc0ce2d9 32
2 path.c:205 0xc0ce179 6
2 path.c:205 0xc0cd6c9 8
2 path.c:205 0xc0ce319 12
2 path.c:205 0xc0ce339 6
3 path.c:223 0xc0ce2d9 0xc0ce2d9 32 32
4 path.c:246 0xc0ce259 32
4 path.c:31 0xc0ce1b9 6
4 path.c:31 0xc0ce159 8
4 path.c:31 0xc0cd969 12
4 path.c:31 0xc0ce199 6
4 dynarray.c:112 0xc0ce219 32
4 dynarray.c:113 0xc0cd5c9 24
4 path.c:254 0xc0cd939 24
4 path.c:246 0xc0ce079 32
4 path.c:31 0xc0cd8a9 6
4 path.c:31 0xc0cd6e9 8
4 path.c:31 0xc0cdb39 12
4 path.c:31 0xc0cd9b9 6
4 dynarray.c:112 0xc0ce0e9 32
4 dynarray.c:113 0xc0cdb09 24
4 path.c:254 0xc0cd989 24
2 path.c:128 0xc0cd989 24
1 dynarray.c:84 0xc0cd5c9 24
2 dynarray.c:95 0xc0cdb09 16
2 path.c:90 0xc0cd9b9 6
2 path.c:90 0xc0cdb39 8
2 path.c:90 0xc0cd6e9 12
3 dynarray.c:69 0xc0ce0e9 0xc0cdb09 16 32
2 path.c:90 0xc0cd8a9 6
1 path.c:143 0xc0ce259 32
2 path.c:178 0xc0cdb09 24
1 dynarray.c:84 0xc0cd939 24
2 dynarray.c:95 0xc0cde09 16
2 path.c:191 0xc0ce079 32
2 path.c:205 0xc0ce199 6
3 path.c:223 0xc0ce079 0xc0ce079 32 6
4 path.c:246 0xc0ce079 6
4 path.c:31 0xc0ce199 6
4 dynarray.c:112 0xc0cde09 16
4 dynarray.c:113 0xc0cd939 24
4 path.c:254 0xc0cdb09 24
2 path.c:178 0xc0cdb09 24
1 dynarray.c:84 0xc0ce129 24
2 dynarray.c:95 0xc0cd939 16
2 path.c:191 0xc0ce359 32
2 path.c:205 0xc0ce199 6
2 path.c:205 0xc0ce079 8
3 path.c:223 0xc0ce359 0xc0ce359 32 14
4 path.c:246 0xc0ce359 14
4 path.c:31 0xc0ce199 6
4 path.c:31 0xc0ce079 8
4 dynarray.c:112 0xc0cd939 16
4 dynarray.c:113 0xc0ce129 24
4 path.c:254 0xc0cdb09 24
2 path.c:178 0xc0cdb09 24
1 dynarray.c:84 0xc0cde09 24
2 dynarray.c:95 0xc0ce129 24
2 path.c:191 0xc0ce399 32
2 path.c:205 0xc0ce079 6
2 path.c:205 0xc0ce199 8
2 path.c:205 0xc0ce359 12
3 path.c:223 0xc0ce399 0xc0ce399 32 26
4 path.c:246 0xc0ce399 26
4 path.c:31 0xc0ce079 6
4 path.c:31 0xc0ce199 8
4 path.c:31 0xc0ce359 12
4 dynarray.c:112 0xc0ce129 24
4 dynarray.c:113 0xc0cde09 24
4 path.c:254 0xc0cdb09 24
2 path.c:178 0xc0cdb09 24
1 dynarray.c:84 0xc0cd939 24
2 dynarray.c:95 0xc0ce399 32
2 path.c:191 0xc0ce3d9 32
2 path.c:205 0xc0ce359 6
2 path.c:205 0xc0ce199 8
2 path.c:205 0xc0ce079 12
2 path.c:205 0xc0ce379 6
3 path.c:223 0xc0ce3d9 0xc0ce3d9 32 32
4 path.c:246 0xc0ce3d9 32
4 path.c:31 0xc0ce359 6
4 path.c:31 0xc0ce199 8
4 path.c:31 0xc0ce079 12
4 path.c:31 0xc0ce379 6
4 dynarray.c:112 0xc0ce399 32
4 dynarray.c:113 0xc0cd939 24
4 path.c:254 0xc0cdb09 24
4 path.c:246 0xc0ce259 32
4 path.c:31 0xc0cd9b9 6
4 path.c:31 0xc0cdb39 8
4 path.c:31 0xc0cd6e9 12
4 path.c:31 0xc0cd8a9 6
4 dynarray.c:112 0xc0ce0e9 32
4 dynarray.c:113 0xc0cd5c9 24
4 path.c:254 0xc0cd989 24
1 dynarray.c:84 0xc0cd939 24
2 dynarray.c:95 0xc0ce419 48
1 bdtBad4.c:663 0xc0ce469 111
4 dynarray.c:112 0xc0ce419 48
4 dynarray.c:113 0xc0cd939 24
6 bdt_client.c:96 0xc0ce469
4 bdt_client.c:96 0xc0ce469 111
2 path.c:128 0xc0cd989 24
1 dynarray.c:84 0xc0cd939 24
2 dynarray.c:95 0xc0cd5c9 16
2 path.c:90 0xc0cd8a9 6
2 path.c:90 0xc0cd6e9 8
2 path.c:90 0xc0cdb39 12
3 dynarray.c:69 0xc0ce0e9 0xc0cd5c9 16 32
2 path.c:90 0xc0cd9b9 6
1 path.c:143 0xc0ce219 32
2 path.c:178 0xc0cd5c9 24
1 dynarray.c:84 0xc0cdb09 24
2 dynarray.c:95 0xc0cde09 16
2 path.c:191 0xc0ce259 32
2 path.c:205 0xc0ce379 6
3 path.c:223 0xc0ce259 0xc0ce259 32 6
4 path.c:246 0xc0ce259 6
4 path.c:31 0xc0ce379 6
4 dynarray.c:112 0xc0cde09 16
4 dynarray.c:113 0xc0cdb09 24
4 path.c:254 0xc0cd5c9 24
2 path.c:178 0xc0cd5c9 24
1 dynarray.c:84 0xc0ce129 24
2 dynarray.c:95 0xc0cdb09 16
2 path.c:191 0xc0ce3d9 32
2 path.c:205 0xc0ce379 6
2 path.c:205 0xc0ce259 8
3 path.c:223 0xc0ce3d9 0xc0ce3d9 32 14
4 path.c:246 0xc0ce3d9 14
4 path.c:31 0xc0ce379 6
4 path.c:31 0xc0ce259 8
4 dynarray.c:112 0xc0cdb09 16
4 dynarray.c:113 0xc0ce129 24
4 path.c:254 0xc0cd5c9 24
2 path.c:178 0xc0cd5c9 24
1 dynarray.c:84 0xc0cde09 24
2 dynarray.c:95 0xc0ce129 24
2 path.c:191 0xc0ce4f9 32
2 path.c:205 0xc0ce259 6
2 path.c:205 0xc0ce379 8
2 path.c:205 0xc0ce3d9 12
3 path.c:223 0xc0ce4f9 0xc0ce4f9 32 26
4 path.c:246 0xc0ce4f9 26
4 path.c:31 0xc0ce259 6
4 path.c:31 0xc0ce379 8
4 path.c:31 0xc0ce3d9 12
4 dynarray.c:112 0xc0ce129 24
4 dynarray.c:113 0xc0cde09 24
4 path.c:254 0xc0cd5c9 24
2 path.c:178 0xc0cd5c9 24
1 dynarray.c:84 0xc0cdb09 24
2 dynarray.c:95 0xc0ce4f9 32
2 path.c:191 0xc0ce539 32
2 path.c:205 0xc0ce3d9 6
2 path.c:205 0xc0ce379 8
2 path.c:205 0xc0ce259 12
2 path.c:205 0xc0ce3f9 6
3 path.c:223 0xc0ce539 0xc0ce539 32 32
4 path.c:246 0xc0ce539 32
4 path.c:31 0xc0ce3d9 6
4 path.c:31 0xc0ce379 8
4 path.c:31 0xc0ce259 12
4 path.c:31 0xc0ce3f9 6
4 dynarray.c:112 0xc0ce4f9 32
4 dynarray.c:113 0xc0cdb09 24
4 path.c:254 0xc0cd5c9 24
4 path.c:246 0xc0ce219 32
4 path.c:31 0xc0cd8a9 6
4 path.c:31 0xc0cd6e9 8
4 path.c:31 0xc0cdb39 12
4 path.c:31 0xc0cd9b9 6
4 dynarray.c:112 0xc0ce0e9 32
4 dynarray.c:113 0xc0cd939 24
4 path.c:254 0xc0cd989 24
2 path.c:128 0xc0cd989 24
1 dynarray.c:84 0xc0cdb09 24
2 dynarray.c:95 0xc0cd939 16
2 path.c:90 0xc0cd9b9 6
2 path.c:90 0xc0cdb39 8
2 path.c:90 0xc0cd6e9 8
3 dynarray.c:69 0xc0ce0e9 0xc0cd939 16 32
1 path.c:143 0xc0cd5c9 22
2 path.c:178 0xc0cd939 24
1 dynarray.c:84 0xc0cde09 24
2 dynarray.c:95 0xc0ce129 16
2 path.c:191 0xc0ce579 22
2 path.c:205 0xc0cd8a9 6
3 path.c:223 0xc0ce579 0xc0ce579 22 6
4 path.c:246 0xc0ce579 6
4 path.c:31 0xc0cd8a9 6
4 dynarray.c:112 0xc0ce129 16
4 dynarray.c:113 0xc0cde09 24
4 path.c:254 0xc0cd939 24
2 path.c:178 0xc0cd939 24
1 dynarray.c:84 0xc0ce579 24
2 dynarray.c:95 0xc0cde09 16
2 path.c:191 0xc0ce5a9 22
2 path.c:205 0xc0cd8a9 6
2 path.c:205 0xc0ce3f9 8
3 path.c:223 0xc0ce5a9 0xc0ce5a9 22 14
4 path.c:246 0xc0ce5a9 14
4 path.c:31 0xc0cd8a9 6
4 path.c:31 0xc0ce3f9 8
4 dynarray.c:112 0xc0cde09 16
4 dynarray.c:113 0xc0ce579 24
4 path.c:254 0xc0cd939 24
2 path.c:178 0xc0cd939 24
1 dynarray.c:84 0xc0ce129 24
2 dynarray.c:95 0xc0ce579 24
2 path.c:191 0xc0ce5a9 22
2 path.c:205 0xc0ce3f9 6
2 path.c:205 0xc0cd8a9 8
2 path.c:205 0xc0ce259 8
3 path.c:223 0xc0ce5a9 0xc0ce5a9 22 22
4 path.c:246 0xc0ce5a9 22
4 path.c:31 0xc0ce3f9 6
4 path.c:31 0xc0cd8a9 8
4 path.c:31 0xc0ce259 8
4 dynarray.c:112 0xc0ce579 24
4 dynarray.c:113 0xc0ce129 24
4 path.c:254 0xc0cd939 24
4 path.c:246 0xc0cd5c9 22
4 path.c:31 0xc0cd9b9 6
4 path.c:31 0xc0cdb39 8
4 path.c:31 0xc0cd6e9 8
4 dynarray.c:112 0xc0ce0e9 32
4 dynarray.c:113 0xc0cdb09 24
4 path.c:254 0xc0cd989 24
2 path.c:128 0xc0cd989 24
1 dynarray.c:84 0xc0cde09 24
2 dynarray.c:95 0xc0cdb09 16
2 path.c:90 0xc0cd6e9 6
2 path.c:90 0xc0cdb39 8
2 path.c:90 0xc0cd9b9 8
3 dynarray.c:69 0xc0ce0e9 0xc0cdb09 16 32
1 path.c:143 0xc0cd5c9 22
2 path.c:178 0xc0cdb09 24
1 dynarray.c:84 0xc0cd939 24
2 dynarray.c:95 0xc0ce129 16
2 path.c:191 0xc0ce5a9 22
2 path.c:205 0xc0ce259 6
3 path.c:223 0xc0ce5a9 0xc0ce5a9 22 6
4 path.c:246 0xc0ce5a9 6
4 path.c:31 0xc0ce259 6
4 dynarray.c:112 0xc0ce129 16
4 dynarray.c:113 0xc0cd939 24
4 path.c:254 0xc0cdb09 24
2 path.c:178 0xc0cdb09 24
1 dynarray.c:84 0xc0ce579 24
2 dynarray.c:95 0xc0cd939 16
2 path.c:191 0xc0ce5a9 22
2 path.c:205 0xc0ce259 6
2 path.c:205 0xc0cd8a9 8
3 path.c:223 0xc0ce5a9 0xc0ce5a9 22 14
4 path.c:246 0xc0ce5a9 14
4 path.c:31 0xc0ce259 6
4 path.c:31 0xc0cd8a9 8
4 dynarray.c:112 0xc0cd939 16
4 dynarray.c:113 0xc0ce579 24
4 path.c:254 0xc0cdb09 24
2 path.c:178 0xc0cdb09 24
1 dynarray.c:84 0xc0ce129 24
2 dynarray.c:95 0xc0ce579 24
2 path.c:191 0xc0ce5a9 22
2 path.c:205 0xc0cd8a9 6
2 path.c:205 0xc0ce259 8
2 path.c:205 0xc0ce3f9 8
3 path.c:223 0xc0ce5a9 0xc0ce5a9 22 22
4 path.c:246 0xc0ce5a9 22
4 path.c:31 0xc0cd8a9 6
4 path.c:31 0xc0ce259 8
4 path.c:31 0xc0ce3f9 8
4 dynarray.c:112 0xc0ce579 24
4 dynarray.c:113 0xc0ce129 24
4 path.c:254 0xc0cdb09 24
4 path.c:246 0xc0cd5c9 22
4 path.c:31 0xc0cd6e9 6
4 path.c:31 0xc0cdb39 8
4 path.c:31 0xc0cd9b9 8
4 dynarray.c:112 0xc0ce0e9 32
4 dynarray.c:113 0xc0cde09 24
4 path.c:254 0xc0cd989 24
2 path.c:128 0xc0cd989 24
1 dynarray.c:84 0xc0cd939 24
2 dynarray.c:95 0xc0cde09 16
2 path.c:90 0xc0cd9b9 6
2 path.c:90 0xc0cdb39 8
2 path.c:90 0xc0cd6e9 8
3 dynarray.c:69 0xc0ce0e9 0xc0cde09 16 32
1 path.c:143 0xc0cd5c9 22
2 path.c:178 0xc0cde09 24
1 dynarray.c:84 0xc0cdb09 24
2 dynarray.c:95 0xc0ce129 16
2 path.c:191 0xc0ce5a9 22
2 path.c:205 0xc0ce3f9 6
3 path.c:223 0xc0ce5a9 0xc0ce5a9 22 6
4 path.c:246 0xc0ce5a9 6
4 path.c:31 0xc0ce3f9 6
4 dynarray.c:112 0xc0ce129 16
4 dynarray.c:113 0xc0cdb09 24
4 path.c:254 0xc0cde09 24
2 path.c:178 0xc0cde09 24
1 dynarray.c:84 0xc0ce579 24
2 dynarray.c:95 0xc0cdb09 16
2 path.c:191 0xc0ce5a9 22
2 path.c:205 0xc0ce3f9 6
2 path.c:205 0xc0ce259 8
3 path.c:223 0xc0ce5a9 0xc0ce5a9 22 14
4 path.c:246 0xc0ce5a9 14
4 path.c:31 0xc0ce3f9 6
4 path.c:31 0xc0ce259 8
4 dynarray.c:112 0xc0cdb09 16
4 dynarray.c:113 0xc0ce579 24
4 path.c:254 0xc0cde09 24
2 path.c:178 0xc0cde09 24
1 dynarray.c:84 0xc0ce129 24
2 dynarray.c:95 0xc0ce579 24
2 path.c:191 0xc0ce5a9 22
2 path.c:205 0xc0ce259 6
2 path.c:205 0xc0ce3f9 8
2 path.c:205 0xc0cd8a9 8
3 path.c:223 0xc0ce5a9 0xc0ce5a9 22 22
4 path.c:246 0xc0ce5a9 22
4 path.c:31 0xc0ce259 6
4 path.c:31 0xc0ce3f9 8
4 path.c:31 0xc0cd8a9 8
4 dynarray.c:112 0xc0ce579 24
4 dynarray.c:113 0xc0ce129 24
4 path.c:254 0xc0cde09 24
4 path.c:246 0xc0cd5c9 22
4 path.c:31 0xc0cd9b9 6
4 path.c:31 0xc0cdb39 8
4 path.c:31 0xc0cd6e9 8
4 dynarray.c:112 0xc0ce0e9 32
4 dynarray.c:113 0xc0cd939 24
4 path.c:254 0xc0cd989 24
2 path.c:128 0xc0cd989 24
1 dynarray.c:84 0xc0cdb09 24
2 dynarray.c:95 0xc0cd939 16
2 path.c:90 0xc0cd6e9 6
2 path.c:90 0xc0cdb39 8
1 path.c:143 0xc0cd889 14
2 path.c:178 0xc0cde09 24
1 dynarray.c:84 0xc0cd5c9 24
2 dynarray.c:95 0xc0ce129 16
2 path.c:191 0xc0cd9b9 14
2 path.c:205 0xc0ce3f9 6
3 path.c:223 0xc0cd9b9 0xc0cd9b9 14 6
4 path.c:246 0xc0cd9b9 6
4 path.c:31 0xc0ce3f9 6
4 dynarray.c:112 0xc0ce129 16
4 dynarray.c:113 0xc0cd5c9 24
4 path.c:254 0xc0cde09 24
2 path.c:178 0xc0cde09 24
1 dynarray.c:84 0xc0ce579 24
2 dynarray.c:95 0xc0cd5c9 16
2 path.c:191 0xc0ce3f9 14
2 path.c:205 0xc0cd9b9 6
2 path.c:205 0xc0ce259 8
3 path.c:223 0xc0ce3f9 0xc0ce3f9 14 14
4 path.c:246 0xc0ce3f9 14
4 path.c:31 0xc0cd9b9 6
4 path.c:31 0xc0ce259 8
4 dynarray.c:112 0xc0cd5c9 16
4 dynarray.c:113 0xc0ce579 24
4 path.c:254 0xc0cde09 24
4 path.c:246 0xc0cd889 14
4 path.c:31 0xc0cd6e9 6
4 path.c:31 0xc0cdb39 8
4 dynarray.c:112 0xc0cd939 16
4 dynarray.c:113 0xc0cdb09 24
4 path.c:254 0xc0cd989 24
4 path.c:246 0xc0ce2d9 32
4 path.c:31 0xc0ce179 6
4 path.c:31 0xc0cd6c9 8
4 path.c:31 0xc0ce319 12
4 path.c:31 0xc0ce339 6
4 dynarray.c:112 0xc0ce299 32
4 dynarray.c:113 0xc0cd709 24
4 path.c:254 0xc0cdf39 24
4 bdtBad4.c:263 0xc0ce1d9 32
4 path.c:246 0xc0ce0b9 26
4 path.c:31 0xc0cde69 6
4 path.c:31 0xc0cde89 8
4 path.c:31 0xc0cdea9 12
4 dynarray.c:112 0xc0cd629 24
4 dynarray.c:113 0xc0cd659 24
4 path.c:254 0xc0cdf09 24
4 bdtBad4.c:263 0xc0cdfe9 32
4 path.c:246 0xc0cdda9 14
4 path.c:31 0xc0cddc9 6
4 path.c:31 0xc0cdde9 8
4 dynarray.c:112 0xc0cdd79 16
4 dynarray.c:113 0xc0cd9d9 24
4 path.c:254 0xc0cdcc9 24
4 bdtBad4.c:263 0xc0cdd39 32
2 path.c:128 0xc0cdcc9 24
1 dynarray.c:84 0xc0ce129 24
2 dynarray.c:95 0xc0cd9d9 16
2 path.c:90 0xc0cdde9 6
1 path.c:143 0xc0cd8a9 6
2 path.c:178 0xc0cdf09 24
1 dynarray.c:84 0xc0cdd79 24
2 dynarray.c:95 0xc0cd659 16
2 path.c:191 0xc0cddc9 6
2 path.c:205 0xc0cdea9 6
3 path.c:223 0xc0cddc9 0xc0cddc9 6 6
4 path.c:246 0xc0cddc9 6
4 path.c:31 0xc0cdea9 6
4 dynarray.c:112 0xc0cd659 16
4 dynarray.c:113 0xc0cdd79 24
4 path.c:254 0xc0cdf09 24
4 path.c:246 0xc0cd8a9 6
4 path.c:31 0xc0cdde9 6
4 dynarray.c:112 0xc0cd9d9 16
4 dynarray.c:113 0xc0ce129 24
4 path.c:254 0xc0cdcc9 24
2 path.c:128 0xc0cdcc9 24
1 dynarray.c:84 0xc0cd629 24
2 dynarray.c:95 0xc0ce129 16
2 path.c:90 0xc0cdde9 6
2 path.c:90 0xc0cd8a9 7
1 path.c:143 0xc0cdda9 13
2 path.c:178 0xc0cdf09 24
1 dynarray.c:84 0xc0cd9d9 24
2 dynarray.c:95 0xc0cdd79 16
2 path.c:191 0xc0cdea9 13
2 path.c:205 0xc0cde89 6
3 path.c:223 0xc0cdea9 0xc0cdea9 13 6
4 path.c:246 0xc0cdea9 6
4 path.c:31 0xc0cde89 6
4 dynarray.c:112 0xc0cdd79 16
4 dynarray.c:113 0xc0cd9d9 24
4 path.c:254 0xc0cdf09 24
2 path.c:178 0xc0cdf09 24
1 dynarray.c:84 0xc0cd659 24
2 dynarray.c:95 0xc0cd9d9 16
2 path.c:191 0xc0cde89 13
2 path.c:205 0xc0cdea9 6
2 path.c:205 0xc0cde69 7
3 path.c:223 0xc0cde89 0xc0cde89 13 13
4 path.c:246 0xc0cde89 13
4 path.c:31 0xc0cdea9 6
4 path.c:31 0xc0cde69 7
4 dynarray.c:112 0xc0cd9d9 16
4 dynarray.c:113 0xc0cd659 24
4 path.c:254 0xc0cdf09 24
4 path.c:246 0xc0cdda9 13
4 path.c:31 0xc0cdde9 6
4 path.c:31 0xc0cd8a9 7
4 dynarray.c:112 0xc0ce129 16
4 dynarray.c:113 0xc0cd629 24
4 path.c:254 0xc0cdcc9 24
2 path.c:128 0xc0cdcc9 24
1 dynarray.c:84 0xc0cdd79 24
2 dynarray.c:95 0xc0cd629 16
2 path.c:90 0xc0cd8a9 6
2 path.c:90 0xc0cdde9 8
1 path.c:143 0xc0cddc9 14
2 path.c:178 0xc0cdf09 24
1 dynarray.c:84 0xc0ce129 24
2 dynarray.c:95 0xc0cd659 16
2 path.c:191 0xc0cdda9 14
2 path.c:205 0xc0cdea9 6
3 path.c:223 0xc0cdda9 0xc0cdda9 14 6
4 path.c:246 0xc0cdda9 6
4 path.c:31 0xc0cdea9 6
4 dynarray.c:112 0xc0cd659 16
4 dynarray.c:113 0xc0ce129 24
4 path.c:254 0xc0cdf09 24
2 path.c:178 0xc0cdf09 24
1 dynarray.c:84 0xc0cd9d9 24
2 dynarray.c:95 0xc0ce129 16
2 path.c:191 0xc0cdea9 14
2 path.c:205 0xc0cdda9 6
2 path.c:205 0xc0cde89 8
3 path.c:223 0xc0cdea9 0xc0cdea9 14 14
4 path.c:246 0xc0cdea9 14
4 path.c:31 0xc0cdda9 6
4 path.c:31 0xc0cde89 8
4 dynarray.c:112 0xc0ce129 16
4 dynarray.c:113 0xc0cd9d9 24
4 path.c:254 0xc0cdf09 24
4 path.c:246 0xc0cddc9 14
4 path.c:31 0xc0cd8a9 6
4 path.c:31 0xc0cdde9 8
4 dynarray.c:112 0xc0cd629 16
4 dynarray.c:113 0xc0cdd79 24
4 path.c:254 0xc0cdcc9 24
2 path.c:128 0xc0cdcc9 24
1 dynarray.c:84 0xc0cd659 24
2 dynarray.c:95 0xc0cdd79 16
2 path.c:90 0xc0cdde9 6
2 path.c:90 0xc0cd8a9 8
2 path.c:90 0xc0cddc9 12
3 dynarray.c:69 0xc0cdd39 0xc0cdd79 16 32
1 path.c:143 0xc0cd629 26
2 path.c:178 0xc0cdd79 24
1 dynarray.c:84 0xc0cdf09 24
2 dynarray.c:95 0xc0cd9d9 16
2 path.c:191 0xc0ce0b9 26
2 path.c:205 0xc0cde89 6
3 path.c:223 0xc0ce0b9 0xc0ce0b9 26 6
4 path.c:246 0xc0ce0b9 6
4 path.c:31 0xc0cde89 6
4 dynarray.c:112 0xc0cd9d9 16
4 dynarray.c:113 0xc0cdf09 24
4 path.c:254 0xc0cdd79 24
2 path.c:178 0xc0cdd79 24
1 dynarray.c:84 0xc0ce129 24
2 dynarray.c:95 0xc0cdf09 16
2 path.c:191 0xc0ce0b9 26
2 path.c:205 0xc0cde89 6
2 path.c:205 0xc0cdda9 8
3 path.c:223 0xc0ce0b9 0xc0ce0b9 26 14
4 path.c:246 0xc0ce0b9 14
4 path.c:31 0xc0cde89 6
4 path.c:31 0xc0cdda9 8
4 dynarray.c:112 0xc0cdf09 16
4 dynarray.c:113 0xc0ce129 24
4 path.c:254 0xc0cdd79 24
4 path.c:246 0xc0cd629 26
4 path.c:31 0xc0cdde9 6
4 path.c:31 0xc0cd8a9 8
4 path.c:31 0xc0cddc9 12
4 dynarray.c:112 0xc0cdd39 32
4 dynarray.c:113 0xc0cd659 24
4 path.c:254 0xc0cdcc9 24
2 path.c:128 0xc0cdcc9 24
1 dynarray.c:84 0xc0cd9d9 24
2 dynarray.c:95 0xc0cd659 16
2 path.c:90 0xc0cddc9 6
2 path.c:90 0xc0cd8a9 8
2 path.c:90 0xc0cdde9 12
3 dynarray.c:69 0xc0cdd39 0xc0cd659 16 32
2 path.c:90 0xc0cdda9 6
1 path.c:143 0xc0ce399 32
2 path.c:178 0xc0cd659 24
1 dynarray.c:84 0xc0cd629 24
2 dynarray.c:95 0xc0cdd79 16
2 path.c:191 0xc0cdfe9 32
2 path.c:205 0xc0cde89 6
3 path.c:223 0xc0cdfe9 0xc0cdfe9 32 6
4 path.c:246 0xc0cdfe9 6
4 path.c:31 0xc0cde89 6
4 dynarray.c:112 0xc0cdd79 16
4 dynarray.c:113 0xc0cd629 24
4 path.c:254 0xc0cd659 24
2 path.c:178 0xc0cd659 24
1 dynarray.c:84 0xc0ce129 24
2 dynarray.c:95 0xc0cd629 16
2 path.c:191 0xc0ce299 32
2 path.c:205 0xc0cde89 6
2 path.c:205 0xc0cdfe9 8
3 path.c:223 0xc0ce299 0xc0ce299 32 14
4 path.c:246 0xc0ce299 14
4 path.c:31 0xc0cde89 6
4 path.c:31 0xc0cdfe9 8
4 dynarray.c:112 0xc0cd629 16
4 dynarray.c:113 0xc0ce129 24
4 path.c:254 0xc0cd659 24
4 path.c:246 0xc0ce399 32
4 path.c:31 0xc0cddc9 6
4 path.c:31 0xc0cd8a9 8
4 path.c:31 0xc0cdde9 12
4 path.c:31 0xc0cdda9 6
4 dynarray.c:112 0xc0cdd39 32
4 dynarray.c:113 0xc0cd9d9 24
4 path.c:254 0xc0cdcc9 24
1 dynarray.c:84 0xc0cdd79 24
2 dynarray.c:95 0xc0cdcc9 24
1 bdtBad4.c:663 0xc0ce1d9 42
4 dynarray.c:112 0xc0cdcc9 24
4 dynarray.c:113 0xc0cdd79 24
6 bdt_client.c:113 0xc0ce1d9
4 bdt_client.c:113 0xc0ce1d9 42
2 path.c:128 0xc0cdd79 24
1 dynarray.c:84 0xc0cd9d9 24
2 dynarray.c:95 0xc0cdcc9 16
2 path.c:90 0xc0cdda9 13
1 path.c:143 0xc0cde69 13
2 path.c:178 0xc0ce129 24
1 dynarray.c:84 0xc0cd659 24
2 dynarray.c:95 0xc0cd629 16
2 path.c:191 0xc0cdde9 13
2 path.c:205 0xc0cddc9 13
3 path.c:223 0xc0cdde9 0xc0cdde9 13 13
4 path.c:246 0xc0cdde9 13
4 path.c:31 0xc0cddc9 13
4 dynarray.c:112 0xc0cd629 16
4 dynarray.c:113 0xc0cd659 24
4 path.c:254 0xc0ce129 24
4 path.c:246 0xc0cde69 13
4 path.c:31 0xc0cdda9 13
4 dynarray.c:112 0xc0cdcc9 16
4 dynarray.c:113 0xc0cd9d9 24
4 path.c:254 0xc0cdd79 24
2 path.c:128 0xc0cdd79 24
1 dynarray.c:84 0xc0cdf09 24
2 dynarray.c:95 0xc0cd9d9 16
2 path.c:90 0xc0cdda9 6
1 path.c:143 0xc0cd8a9 6
2 path.c:178 0xc0ce129 24
1 dynarray.c:84 0xc0cdcc9 24
2 dynarray.c:95 0xc0cd659 16
2 path.c:191 0xc0cde69 6
2 path.c:205 0xc0cdde9 6
3 path.c:223 0xc0cde69 0xc0cde69 6 6
4 path.c:246 0xc0cde69 6
4 path.c:31 0xc0cdde9 6
4 dynarray.c:112 0xc0cd659 16
4 dynarray.c:113 0xc0cdcc9 24
4 path.c:254 0xc0ce129 24
4 path.c:246 0xc0cd8a9 6
4 path.c:31 0xc0cdda9 6
4 dynarray.c:112 0xc0cd9d9 16
4 dynarray.c:113 0xc0cdf09 24
4 path.c:254 0xc0cdd79 24
4 path.c:246 0xc0cdbf9 25
4 path.c:31 0xc0cdc29 6
4 path.c:31 0xc0cdc49 7
4 path.c:31 0xc0cdc69 12
4 dynarray.c:112 0xc0cdbc9 24
4 dynarray.c:113 0xc0cd909 24
4 path.c:254 0xc0cdb99 24
4 bdtBad4.c:263 0xc0cdb59 32
4 path.c:246 0xc0cdaa9 13
4 path.c:31 0xc0cdac9 6
4 path.c:31 0xc0cdae9 7
4 dynarray.c:112 0xc0cda79 16
4 dynarray.c:113 0xc0cd599 24
4 path.c:254 0xc0cda49 24
4 bdtBad4.c:263 0xc0cda09 32
4 path.c:246 0xc0cd849 6
4 path.c:31 0xc0cd869 6
4 dynarray.c:112 0xc0cd819 16
4 dynarray.c:113 0xc0cd5f9 24
4 path.c:254 0xc0cd7e9 24
4 bdtBad4.c:263 0xc0cd7a9 32
2 path.c:128 0xc0cd7e9 24
1 dynarray.c:84 0xc0cd629 24
2 dynarray.c:95 0xc0cd5f9 16
2 path.c:90 0xc0cd869 6
2 path.c:90 0xc0cd849 7
1 path.c:143 0xc0cddc9 13
4 path.c:246 0xc0cddc9 13
4 path.c:31 0xc0cd869 6
4 path.c:31 0xc0cd849 7
4 dynarray.c:112 0xc0cd5f9 16
4 dynarray.c:113 0xc0cd629 24
4 path.c:254 0xc0cd7e9 24
2 path.c:128 0xc0cd7e9 24
1 dynarray.c:84 0xc0cd819 24
2 dynarray.c:95 0xc0cd629 16
2 path.c:90 0xc0cd849 6
1 path.c:143 0xc0cddc9 6
4 path.c:246 0xc0cddc9 6
4 path.c:31 0xc0cd849 6
4 dynarray.c:112 0xc0cd629 16
4 dynarray.c:113 0xc0cd819 24
4 path.c:254 0xc0cd7e9 24
2 path.c:128 0xc0cd7e9 24
1 dynarray.c:84 0xc0cd5f9 24
2 dynarray.c:95 0xc0cd819 16
2 path.c:90 0xc0cd849 6
1 path.c:143 0xc0cddc9 6
4 path.c:246 0xc0cddc9 6
4 path.c:31 0xc0cd849 6
4 dynarray.c:112 0xc0cd819 16
4 dynarray.c:113 0xc0cd5f9 24
4 path.c:254 0xc0cd7e9 24
2 path.c:128 0xc0cd7e9 24
1 dynarray.c:84 0xc0cd629 24
2 dynarray.c:95 0xc0cd5f9 16
2 path.c:90 0xc0cd849 13
1 path.c:143 0xc0cddc9 13
4 path.c:246 0xc0cddc9 13
4 path.c:31 0xc0cd849 13
4 dynarray.c:112 0xc0cd5f9 16
4 dynarray.c:113 0xc0cd629 24
4 path.c:254 0xc0cd7e9 24
1 dynarray.c:84 0xc0cd819 24
2 dynarray.c:95 0xc0cd7e9 16
1 bdtBad4.c:663 0xc0cddc9 1
4 dynarray.c:112 0xc0cd7e9 16
4 dynarray.c:113 0xc0cd819 24
4 bdt_client.c:124 0xc0cddc9 1
2 path.c:128 0xc0cd819 24
1 dynarray.c:84 0xc0cd629 24
2 dynarray.c:95 0xc0cd7e9 16
2 path.c:90 0xc0cd849 2
2 path.c:90 0xc0cd869 2
1 path.c:143 0xc0cddc9 4
2 path.c:178 0xc0cda49 24
1 dynarray.c:84 0xc0cd5f9 24
2 dynarray.c:95 0xc0cd599 16
2 path.c:191 0xc0cdae9 4
2 path.c:205 0xc0cdaa9 2
3 path.c:223 0xc0cdae9 0xc0cdae9 4 2
1 bdtBad4.c:143 0xc0ce1d9 32
2 path.c:178 0xc0cdb99 24
1 dynarray.c:84 0xc0cda79 24
2 dynarray.c:95 0xc0cd909 16
2 path.c:191 0xc0cdc69 2
2 path.c:205 0xc0cdc49 2
3 path.c:223 0xc0cdc69 0xc0cdc69 2 2
4 path.c:246 0xc0cdae9 2
4 path.c:31 0xc0cdaa9 2
4 dynarray.c:112 0xc0cd599 16
4 dynarray.c:113 0xc0cd5f9 24
4 path.c:254 0xc0cda49 24
2 path.c:178 0xc0cda49 24
1 dynarray.c:84 0xc0cdbc9 24
2 dynarray.c:95 0xc0cd5f9 16
2 path.c:191 0xc0cdaa9 4
2 path.c:205 0xc0cdae9 2
2 path.c:205 0xc0cdc29 2
3 path.c:223 0xc0cdaa9 0xc0cdaa9 4 4
1 bdtBad4.c:143 0xc0cdfa9 32
2 path.c:178 0xc0cdbf9 24
1 dynarray.c:84 0xc0cd599 24
2 dynarray.c:95 0xc0cdd79 16
2 path.c:191 0xc0cdda9 4
2 path.c:205 0xc0cd8a9 2
2 path.c:205 0xc0cdde9 2
3 path.c:223 0xc0cdda9 0xc0cdda9 4 4
4 path.c:246 0xc0cdaa9 4
4 path.c:31 0xc0cdae9 2
4 path.c:31 0xc0cdc29 2
4 dynarray.c:112 0xc0cd5f9 16
4 dynarray.c:113 0xc0cdbc9 24
4 path.c:254 0xc0cda49 24
4 path.c:246 0xc0cddc9 4
4 path.c:31 0xc0cd849 2
4 path.c:31 0xc0cd869 2
4 dynarray.c:112 0xc0cd7e9 16
4 dynarray.c:113 0xc0cd629 24
4 path.c:254 0xc0cd819 24
1 dynarray.c:84 0xc0cdf09 24
2 dynarray.c:95 0xc0cd819 16
1 bdtBad4.c:663 0xc0cdac9 5
4 dynarray.c:112 0xc0cd819 16
4 dynarray.c:113 0xc0cdf09 24
6 bdt_client.c:136 0xc0cdac9
4 bdt_client.c:136 0xc0cdac9 5
2 path.c:128 0xc0cdf09 24
1 dynarray.c:84 0xc0cd629 24
2 dynarray.c:95 0xc0cd819 16
2 path.c:90 0xc0cd869 2
2 path.c:90 0xc0cd849 2
1 path.c:143 0xc0cdac9 4
2 path.c:178 0xc0cda49 24
1 dynarray.c:84 0xc0cd7e9 24
2 dynarray.c:95 0xc0cdbc9 16
2 path.c:191 0xc0cddc9 4
2 path.c:205 0xc0cdae9 2
3 path.c:223 0xc0cddc9 0xc0cddc9 4 2
4 path.c:246 0xc0cddc9 2
4 path.c:31 0xc0cdae9 2
4 dynarray.c:112 0xc0cdbc9 16
4 dynarray.c:113 0xc0cd7e9 24
4 path.c:254 0xc0cda49 24
2 path.c:178 0xc0cda49 24
1 dynarray.c:84 0xc0cd5f9 24
2 dynarray.c:95 0xc0cd7e9 16
2 path.c:191 0xc0cdae9 4
2 path.c:205 0xc0cddc9 2
2 path.c:205 0xc0cdaa9 2
3 path.c:223 0xc0cdae9 0xc0cdae9 4 4
4 path.c:246 0xc0cdae9 4
4 path.c:31 0xc0cddc9 2
4 path.c:31 0xc0cdaa9 2
4 dynarray.c:112 0xc0cd7e9 16
4 dynarray.c:113 0xc0cd5f9 24
4 path.c:254 0xc0cda49 24
2 path.c:178 0xc0cda49 24
1 dynarray.c:84 0xc0cdbc9 24
2 dynarray.c:95 0xc0cd5f9 16
2 path.c:191 0xc0cdaa9 4
2 path.c:205 0xc0cddc9 2
2 path.c:205 0xc0cdae9 2
3 path.c:223 0xc0cdaa9 0xc0cdaa9 4 4
1 bdtBad4.c:143 0xc0cdf69 32
2 path.c:178 0xc0cd9d9 24
1 dynarray.c:84 0xc0cd7e9 24
2 dynarray.c:95 0xc0ce129 16
2 path.c:191 0xc0cde69 4
2 path.c:205 0xc0cdfe9 2
2 path.c:205 0xc0cde89 2
3 path.c:223 0xc0cde69 0xc0cde69 4 4
4 path.c:246 0xc0cdaa9 4
4 path.c:31 0xc0cddc9 2
4 path.c:31 0xc0cdae9 2
4 dynarray.c:112 0xc0cd5f9 16
4 dynarray.c:113 0xc0cdbc9 24
4 path.c:254 0xc0cda49 24
4 path.c:246 0xc0cdac9 4
4 path.c:31 0xc0cd869 2
4 path.c:31 0xc0cd849 2
4 dynarray.c:112 0xc0cd819 16
4 dynarray.c:113 0xc0cd629 24
4 path.c:254 0xc0cdf09 24
1 dynarray.c:84 0xc0cdcc9 24
2 dynarray.c:95 0xc0cdf09 24
1 bdtBad4.c:663 0xc0cdc29 8
4 dynarray.c:112 0xc0cdf09 24
4 dynarray.c:113 0xc0cdcc9 24
6 bdt_client.c:140 0xc0cdc29
4 bdt_client.c:140 0xc0cdc29 8
2 path.c:128 0xc0cdcc9 24
1 dynarray.c:84 0xc0cd629 24
2 dynarray.c:95 0xc0cdf09 16
2 path.c:90 0xc0cd849 2
2 path.c:90 0xc0cd869 2
1 path.c:143 0xc0cdc29 4
2 path.c:178 0xc0cda49 24
1 dynarray.c:84 0xc0cd819 24
2 dynarray.c:95 0xc0cdbc9 16
2 path.c:191 0xc0cdac9 4
2 path.c:205 0xc0cddc9 2
3 path.c:223 0xc0cdac9 0xc0cdac9 4 2
4 path.c:246 0xc0cdac9 2
4 path.c:31 0xc0cddc9 2
4 dynarray.c:112 0xc0cdbc9 16
4 dynarray.c:113 0xc0cd819 24
4 path.c:254 0xc0cda49 24
2 path.c:178 0xc0cda49 24
1 dynarray.c:84 0xc0cd5f9 24
2 dynarray.c:95 0xc0cd819 16
2 path.c:191 0xc0cddc9 4
2 path.c:205 0xc0cdac9 2
2 path.c:205 0xc0cdaa9 2
3 path.c:223 0xc0cddc9 0xc0cddc9 4 4
4 path.c:246 0xc0cddc9 4
4 path.c:31 0xc0cdac9 2
4 path.c:31 0xc0cdaa9 2
4 dynarray.c:112 0xc0cd819 16
4 dynarray.c:113 0xc0cd5f9 24
4 path.c:254 0xc0cda49 24
4 path.c:246 0xc0cdc29 4
4 path.c:31 0xc0cd849 2
4 path.c:31 0xc0cd869 2
4 dynarray.c:112 0xc0cdf09 16
4 dynarray.c:113 0xc0cd629 24
4 path.c:254 0xc0cdcc9 24
4 path.c:246 0xc0cdda9 4
4 path.c:31 0xc0cd8a9 2
4 path.c:31 0xc0cdde9 2
4 dynarray.c:112 0xc0cdd79 16
4 dynarray.c:113 0xc0cd599 24
4 path.c:254 0xc0cdbf9 24
4 bdtBad4.c:263 0xc0cdfa9 32
1 dynarray.c:84 0xc0cdbc9 24
2 dynarray.c:95 0xc0cdbf9 16
1 bdtBad4.c:663 0xc0cdae9 5
4 dynarray.c:112 0xc0cdbf9 16
4 dynarray.c:113 0xc0cdbc9 24
6 bdt_client.c:144 0xc0cdae9
4 bdt_client.c:144 0xc0cdae9 5
2 path.c:128 0xc0cdbc9 24
1 dynarray.c:84 0xc0cd599 24
2 dynarray.c:95 0xc0cdbf9 16
2 path.c:90 0xc0cdde9 2
2 path.c:90 0xc0cd8a9 3
1 path.c:143 0xc0cdae9 5
2 path.c:178 0xc0cdcc9 24
1 dynarray.c:84 0xc0cdd79 24
2 dynarray.c:95 0xc0cd629 16
2 path.c:191 0xc0cdda9 5
2 path.c:205 0xc0cd849 2
3 path.c:223 0xc0cdda9 0xc0cdda9 5 2
4 path.c:246 0xc0cdda9 2
4 path.c:31 0xc0cd849 2
4 dynarray.c:112 0xc0cd629 16
4 dynarray.c:113 0xc0cdd79 24
4 path.c:254 0xc0cdcc9 24
2 path.c:178 0xc0cdcc9 24
1 dynarray.c:84 0xc0cdf09 24
2 dynarray.c:95 0xc0cdd79 16
2 path.c:191 0xc0cd849 5
2 path.c:205 0xc0cdda9 2
2 path.c:205 0xc0cdc29 3
3 path.c:223 0xc0cd849 0xc0cd849 5 5
4 path.c:246 0xc0cd849 5
4 path.c:31 0xc0cdda9 2
4 path.c:31 0xc0cdc29 3
4 dynarray.c:112 0xc0cdd79 16
4 dynarray.c:113 0xc0cdf09 24
4 path.c:254 0xc0cdcc9 24
2 path.c:178 0xc0cdcc9 24
1 dynarray.c:84 0xc0cd629 24
2 dynarray.c:95 0xc0cdf09 16
2 path.c:191 0xc0cdc29 5
2 path.c:205 0xc0cdda9 2
2 path.c:205 0xc0cd849 3
3 path.c:223 0xc0cdc29 0xc0cdc29 5 5
1 bdtBad4.c:143 0xc0cdfa9 32
2 path.c:178 0xc0cda49 24
1 dynarray.c:84 0xc0cdd79 24
2 dynarray.c:95 0xc0cd5f9 16
2 path.c:191 0xc0cdaa9 5
2 path.c:205 0xc0cdac9 2
2 path.c:205 0xc0cddc9 3
3 path.c:223 0xc0cdaa9 0xc0cdaa9 5 5
4 path.c:246 0xc0cdc29 5
4 path.c:31 0xc0cdda9 2
4 path.c:31 0xc0cd849 3
4 dynarray.c:112 0xc0cdf09 16
4 dynarray.c:113 0xc0cd629 24
4 path.c:254 0xc0cdcc9 24
4 path.c:246 0xc0cdae9 5
4 path.c:31 0xc0cdde9 2
4 path.c:31 0xc0cd8a9 3
4 dynarray.c:112 0xc0cdbf9 16
4 dynarray.c:113 0xc0cd599 24
4 path.c:254 0xc0cdbc9 24
1 dynarray.c:84 0xc0cd819 24
2 dynarray.c:95 0xc0cdbc9 24
1 bdtBad4.c:663 0xc0cd869 9
4 dynarray.c:112 0xc0cdbc9 24
4 dynarray.c:113 0xc0cd819 24
6 bdt_client.c:148 0xc0cd869
4 bdt_client.c:148 0xc0cd869 9
2 path.c:128 0xc0cd819 24
1 dynarray.c:84 0xc0cd599 24
2 dynarray.c:95 0xc0cdbc9 16
2 path.c:90 0xc0cd8a9 2
2 path.c:90 0xc0cdde9 3
1 path.c:143 0xc0cd869 5
2 path.c:178 0xc0cdcc9 24
1 dynarray.c:84 0xc0cdbf9 24
2 dynarray.c:95 0xc0cd629 16
2 path.c:191 0xc0cdae9 5
2 path.c:205 0xc0cdda9 2
3 path.c:223 0xc0cdae9 0xc0cdae9 5 2
4 path.c:246 0xc0cdae9 2
4 path.c:31 0xc0cdda9 2
4 dynarray.c:112 0xc0cd629 16
4 dynarray.c:113 0xc0cdbf9 24
4 path.c:254 0xc0cdcc9 24
2 path.c:178 0xc0cdcc9 24
1 dynarray.c:84 0xc0cdf09 24
2 dynarray.c:95 0xc0cdbf9 16
2 path.c:191 0xc0cdda9 5
2 path.c:205 0xc0cdae9 2
2 path.c:205 0xc0cdc29 3
3 path.c:223 0xc0cdda9 0xc0cdda9 5 5
4 path.c:246 0xc0cdda9 5
4 path.c:31 0xc0cdae9 2
4 path.c:31 0xc0cdc29 3
4 dynarray.c:112 0xc0cdbf9 16
4 dynarray.c:113 0xc0cdf09 24
4 path.c:254 0xc0cdcc9 24
4 path.c:246 0xc0cd869 5
4 path.c:31 0xc0cd8a9 2
4 path.c:31 0xc0cdde9 3
4 dynarray.c:112 0xc0cdbc9 16
4 dynarray.c:113 0xc0cd599 24
4 path.c:254 0xc0cd819 24
4 path.c:246 0xc0cdaa9 5
4 path.c:31 0xc0cdac9 2
4 path.c:31 0xc0cddc9 3
4 dynarray.c:112 0xc0cd5f9 16
4 dynarray.c:113 0xc0cdd79 24
4 path.c:254 0xc0cda49 24
4 bdtBad4.c:263 0xc0cdfa9 32
1 dynarray.c:84 0xc0cd629 24
2 dynarray.c:95 0xc0cda49 16
1 bdtBad4.c:663 0xc0cd849 5
4 dynarray.c:112 0xc0cda49 16
4 dynarray.c:113 0xc0cd629 24
6 bdt_client.c:152 0xc0cd849
4 bdt_client.c:152 0xc0cd849 5
2 path.c:128 0xc0cd629 24
1 dynarray.c:84 0xc0cdd79 24
2 dynarray.c:95 0xc0cda49 16
2 path.c:90 0xc0cddc9 2
2 path.c:90 0xc0cdac9 3
1 path.c:143 0xc0cd849 5
2 path.c:178 0xc0cd819 24
1 dynarray.c:84 0xc0cd5f9 24
2 dynarray.c:95 0xc0cd599 16
2 path.c:191 0xc0cdaa9 5
2 path.c:205 0xc0cd8a9 2
3 path.c:223 0xc0cdaa9 0xc0cdaa9 5 2
4 path.c:246 0xc0cdaa9 2
4 path.c:31 0xc0cd8a9 2
4 dynarray.c:112 0xc0cd599 16
4 dynarray.c:113 0xc0cd5f9 24
4 path.c:254 0xc0cd819 24
2 path.c:178 0xc0cd819 24
1 dynarray.c:84 0xc0cdbc9 24
2 dynarray.c:95 0xc0cd5f9 16
2 path.c:191 0xc0cd8a9 5
2 path.c:205 0xc0cdaa9 2
2 path.c:205 0xc0cd869 3
3 path.c:223 0xc0cd8a9 0xc0cd8a9 5 5
4 path.c:246 0xc0cd8a9 5
4 path.c:31 0xc0cdaa9 2
4 path.c:31 0xc0cd869 3
4 dynarray.c:112 0xc0cd5f9 16
4 dynarray.c:113 0xc0cdbc9 24
4 path.c:254 0xc0cd819 24
2 path.c:178 0xc0cd819 24
1 dynarray.c:84 0xc0cd599 24
2 dynarray.c:95 0xc0cdbc9 16
2 path.c:191 0xc0cd869 5
2 path.c:205 0xc0cdaa9 2
2 path.c:205 0xc0cd8a9 3
3 path.c:223 0xc0cd869 0xc0cd869 5 5
1 bdtBad4.c:143 0xc0cdfa9 32
2 path.c:178 0xc0cdcc9 24
1 dynarray.c:84 0xc0cd5f9 24
2 dynarray.c:95 0xc0cdf09 16
2 path.c:191 0xc0cdc29 5
2 path.c:205 0xc0cdae9 2
2 path.c:205 0xc0cdda9 3
3 path.c:223 0xc0cdc29 0xc0cdc29 5 5
4 path.c:246 0xc0cd869 5
4 path.c:31 0xc0cdaa9 2
4 path.c:31 0xc0cd8a9 3
4 dynarray.c:112 0xc0cdbc9 16
4 dynarray.c:113 0xc0cd599 24
4 path.c:254 0xc0cd819 24
4 path.c:246 0xc0cd849 5
4 path.c:31 0xc0cddc9 2
4 path.c:31 0xc0cdac9 3
4 dynarray.c:112 0xc0cda49 16
4 dynarray.c:113 0xc0cdd79 24
4 path.c:254 0xc0cd629 24
1 dynarray.c:84 0xc0cdbf9 24
2 dynarray.c:95 0xc0cd629 24
1 bdtBad4.c:663 0xc0cdde9 9
4 dynarray.c:112 0xc0cd629 24
4 dynarray.c:113 0xc0cdbf9 24
6 bdt_client.c:156 0xc0cdde9
4 bdt_client.c:156 0xc0cdde9 9
2 path.c:128 0xc0cdbf9 24
1 dynarray.c:84 0xc0cdd79 24
2 dynarray.c:95 0xc0cd629 16
2 path.c:90 0xc0cdac9 2
2 path.c:90 0xc0cddc9 2
1 path.c:143 0xc0cdde9 4
2 path.c:178 0xc0cd819 24
1 dynarray.c:84 0xc0cda49 24
2 dynarray.c:95 0xc0cd599 16
2 path.c:191 0xc0cd849 4
2 path.c:205 0xc0cdaa9 2
3 path.c:223 0xc0cd849 0xc0cd849 4 2
4 path.c:246 0xc0cd849 2
4 path.c:31 0xc0cdaa9 2
4 dynarray.c:112 0xc0cd599 16
4 dynarray.c:113 0xc0cda49 24
4 path.c:254 0xc0cd819 24
2 path.c:178 0xc0cd819 24
1 dynarray.c:84 0xc0cdbc9 24
2 dynarray.c:95 0xc0cda49 16
2 path.c:191 0xc0cdaa9 4
2 path.c:205 0xc0cd849 2
2 path.c:205 0xc0cd869 2
3 path.c:223 0xc0cdaa9 0xc0cdaa9 4 4
4 path.c:246 0xc0cdaa9 4
4 path.c:31 0xc0cd849 2
4 path.c:31 0xc0cd869 2
4 dynarray.c:112 0xc0cda49 16
4 dynarray.c:113 0xc0cdbc9 24
4 path.c:254 0xc0cd819 24
4 path.c:246 0xc0cdde9 4
4 path.c:31 0xc0cdac9 2
4 path.c:31 0xc0cddc9 2
4 dynarray.c:112 0xc0cd629 16
4 dynarray.c:113 0xc0cdd79 24
4 path.c:254 0xc0cdbf9 24
4 path.c:246 0xc0cde69 4
4 path.c:31 0xc0cdfe9 2
4 path.c:31 0xc0cde89 2
4 dynarray.c:112 0xc0ce129 16
4 dynarray.c:113 0xc0cd7e9 24
4 path.c:254 0xc0cd9d9 24
4 bdtBad4.c:263 0xc0cdf69 32
1 dynarray.c:84 0xc0cd599 24
2 dynarray.c:95 0xc0cd9d9 16
1 bdtBad4.c:663 0xc0cd8a9 6
4 dynarray.c:112 0xc0cd9d9 16
4 dynarray.c:113 0xc0cd599 24
6 bdt_client.c:160 0xc0cd8a9
4 bdt_client.c:160 0xc0cd8a9 6
4 path.c:246 0xc0cdc29 5
4 path.c:31 0xc0cdae9 2
4 path.c:31 0xc0cdda9 3
4 dynarray.c:112 0xc0cdf09 16
4 dynarray.c:113 0xc0cd5f9 24
4 path.c:254 0xc0cdcc9 24
4 bdtBad4.c:263 0xc0cdfa9 32
4 path.c:246 0xc0cdc69 2
4 path.c:31 0xc0cdc49 2
4 dynarray.c:112 0xc0cd909 16
4 dynarray.c:113 0xc0cda79 24
4 path.c:254 0xc0cdb99 24
4 bdtBad4.c:263 0xc0ce1d9 32
