2 path.c:128 0xfceb2a9 24
4 path.c:254 0xfceb2a9 24
2 path.c:128 0xfced4c9 24
1 dynarray.c:84 0xfceb2a9 24
2 dynarray.c:95 0xfced4f9 16
2 path.c:90 0xfced529 6
1 path.c:143 0xfced549 6
4 path.c:246 0xfced549 6
4 path.c:31 0xfced529 6
4 dynarray.c:112 0xfced4f9 16
4 dynarray.c:113 0xfceb2a9 24
4 path.c:254 0xfced4c9 24
1 dynarray.c:84 0xfced4c9 24
2 dynarray.c:95 0xfced569 16
1 bdtBad5.c:662 0xfced529 1
4 dynarray.c:112 0xfced569 16
4 dynarray.c:113 0xfced4c9 24
4 bdt_client.c:39 0xfced529 1
2 path.c:128 0xfced599 24
4 path.c:254 0xfced599 24
2 path.c:128 0xfced5c9 24
1 dynarray.c:84 0xfced599 24
2 dynarray.c:95 0xfced5f9 16
4 dynarray.c:112 0xfced5f9 16
4 dynarray.c:113 0xfced599 24
4 path.c:254 0xfced5c9 24
2 path.c:128 0xfced629 24
1 dynarray.c:84 0xfced5c9 24
2 dynarray.c:95 0xfced659 16
2 path.c:90 0xfced689 6
2 path.c:90 0xfced6a9 7
4 path.c:31 0xfced689 6
4 path.c:31 0xfced6a9 7
4 dynarray.c:112 0xfced659 16
4 dynarray.c:113 0xfced5c9 24
4 path.c:254 0xfced629 24
2 path.c:128 0xfced629 24
1 dynarray.c:84 0xfced659 24
2 dynarray.c:95 0xfced5c9 16
2 path.c:90 0xfced6c9 6
4 path.c:31 0xfced6c9 6
4 dynarray.c:112 0xfced5c9 16
4 dynarray.c:113 0xfced659 24
4 path.c:254 0xfced629 24
2 path.c:128 0xfced629 24
1 dynarray.c:84 0xfced5c9 24
2 dynarray.c:95 0xfced659 16
2 path.c:90 0xfced6e9 6
1 path.c:143 0xfced6c9 6
2 path.c:178 0xfced709 24
1 dynarray.c:84 0xfced599 24
2 dynarray.c:95 0xfced739 16
2 path.c:191 0xfced769 6
2 path.c:205 0xfced789 6
3 path.c:223 0xfced769 0xfced769 6 6
1 bdtBad5.c:143 0xfced7a9 32
2 path.c:178 0xfced7e9 24
1 dynarray.c:84 0xfced5f9 24
2 dynarray.c:95 0xfced819 16
2 path.c:191 0xfced849 6
2 path.c:205 0xfced869 6
3 path.c:223 0xfced849 0xfced849 6 6
4 path.c:246 0xfced769 6
4 path.c:31 0xfced789 6
4 dynarray.c:112 0xfced739 16
4 dynarray.c:113 0xfced599 24
4 path.c:254 0xfced709 24
4 path.c:246 0xfced6c9 6
4 path.c:31 0xfced6e9 6
4 dynarray.c:112 0xfced659 16
4 dynarray.c:113 0xfced5c9 24
4 path.c:254 0xfced629 24
2 path.c:128 0xfced629 24
1 dynarray.c:84 0xfced709 24
2 dynarray.c:95 0xfced5c9 16
2 path.c:90 0xfced6e9 6
2 path.c:90 0xfced889 7
2 path.c:90 0xfced8a9 12
3 dynarray.c:69 0xfced8c9 0xfced5c9 16 32
1 path.c:143 0xfced659 25
2 path.c:178 0xfced5c9 24
1 dynarray.c:84 0xfced599 24
2 dynarray.c:95 0xfced909 16
2 path.c:191 0xfced939 25
2 path.c:205 0xfced969 6
3 path.c:223 0xfced939 0xfced939 25 6
4 path.c:246 0xfced939 6
4 path.c:31 0xfced969 6
4 dynarray.c:112 0xfced909 16
4 dynarray.c:113 0xfced599 24
4 path.c:254 0xfced5c9 24
2 path.c:178 0xfced5c9 24
1 dynarray.c:84 0xfced909 24
2 dynarray.c:95 0xfced599 16
2 path.c:191 0xfced989 25
2 path.c:205 0xfced969 6
2 path.c:205 0xfced9b9 7
3 path.c:223 0xfced989 0xfced989 25 13
4 path.c:246 0xfced989 13
4 path.c:31 0xfced969 6
4 path.c:31 0xfced9b9 7
4 dynarray.c:112 0xfced599 16
4 dynarray.c:113 0xfced909 24
4 path.c:254 0xfced5c9 24
2 path.c:178 0xfced5c9 24
1 dynarray.c:84 0xfced989 24
2 dynarray.c:95 0xfced909 16
2 path.c:191 0xfced9d9 25
2 path.c:205 0xfced9b9 6
2 path.c:205 0xfced969 7
3 path.c:223 0xfced9d9 0xfced9d9 25 13
1 bdtBad5.c:143 0xfceda09 32
2 path.c:178 0xfceda49 24
1 dynarray.c:84 0xfced599 24
2 dynarray.c:95 0xfceda79 16
2 path.c:191 0xfcedaa9 13
2 path.c:205 0xfcedac9 6
2 path.c:205 0xfcedae9 7
3 path.c:223 0xfcedaa9 0xfcedaa9 13 13
4 path.c:246 0xfced9d9 13
4 path.c:31 0xfced9b9 6
4 path.c:31 0xfced969 7
4 dynarray.c:112 0xfced909 16
4 dynarray.c:113 0xfced989 24
4 path.c:254 0xfced5c9 24
2 path.c:178 0xfced5c9 24
1 dynarray.c:84 0xfced9d9 24
2 dynarray.c:95 0xfced989 24
2 path.c:191 0xfcedb09 25
2 path.c:205 0xfced969 6
2 path.c:205 0xfced9b9 7
2 path.c:205 0xfcedb39 12
3 path.c:223 0xfcedb09 0xfcedb09 25 25
1 bdtBad5.c:143 0xfcedb59 32
2 path.c:178 0xfcedb99 24
1 dynarray.c:84 0xfced909 24
2 dynarray.c:95 0xfcedbc9 24
2 path.c:191 0xfcedbf9 25
2 path.c:205 0xfcedc29 6
2 path.c:205 0xfcedc49 7
2 path.c:205 0xfcedc69 12
3 path.c:223 0xfcedbf9 0xfcedbf9 25 25
4 path.c:246 0xfcedb09 25
4 path.c:31 0xfced969 6
4 path.c:31 0xfced9b9 7
4 path.c:31 0xfcedb39 12
4 dynarray.c:112 0xfced989 24
4 dynarray.c:113 0xfced9d9 24
4 path.c:254 0xfced5c9 24
4 path.c:246 0xfced659 25
4 path.c:31 0xfced6e9 6
4 path.c:31 0xfced889 7
4 path.c:31 0xfced8a9 12
4 dynarray.c:112 0xfced8c9 32
4 dynarray.c:113 0xfced709 24
4 path.c:254 0xfced629 24
2 path.c:128 0xfced629 24
1 dynarray.c:84 0xfcedb09 24
2 dynarray.c:95 0xfced709 16
2 path.c:90 0xfced8a9 6
1 path.c:143 0xfced6c9 6
2 path.c:178 0xfced5c9 24
1 dynarray.c:84 0xfced659 24
2 dynarray.c:95 0xfced9d9 16
2 path.c:191 0xfced889 6
2 path.c:205 0xfcedb39 6
3 path.c:223 0xfced889 0xfced889 6 6
4 path.c:246 0xfced889 6
4 path.c:31 0xfcedb39 6
4 dynarray.c:112 0xfced9d9 16
4 dynarray.c:113 0xfced659 24
4 path.c:254 0xfced5c9 24
4 path.c:246 0xfced6c9 6
4 path.c:31 0xfced8a9 6
4 dynarray.c:112 0xfced709 16
4 dynarray.c:113 0xfcedb09 24
4 path.c:254 0xfced629 24
2 path.c:128 0xfced629 24
1 dynarray.c:84 0xfced989 24
2 dynarray.c:95 0xfcedb09 16
2 path.c:90 0xfced8a9 6
2 path.c:90 0xfced6c9 7
1 path.c:143 0xfced6e9 13
2 path.c:178 0xfced5c9 24
1 dynarray.c:84 0xfced709 24
2 dynarray.c:95 0xfced659 16
2 path.c:191 0xfcedb39 13
2 path.c:205 0xfced9b9 6
3 path.c:223 0xfcedb39 0xfcedb39 13 6
4 path.c:246 0xfcedb39 6
4 path.c:31 0xfced9b9 6
4 dynarray.c:112 0xfced659 16
4 dynarray.c:113 0xfced709 24
4 path.c:254 0xfced5c9 24
2 path.c:178 0xfced5c9 24
1 dynarray.c:84 0xfced9d9 24
2 dynarray.c:95 0xfced709 16
2 path.c:191 0xfced9b9 13
2 path.c:205 0xfcedb39 6
2 path.c:205 0xfced969 7
3 path.c:223 0xfced9b9 0xfced9b9 13 13
4 path.c:246 0xfced9b9 13
4 path.c:31 0xfcedb39 6
4 path.c:31 0xfced969 7
4 dynarray.c:112 0xfced709 16
4 dynarray.c:113 0xfced9d9 24
4 path.c:254 0xfced5c9 24
4 path.c:246 0xfced6e9 13
4 path.c:31 0xfced8a9 6
4 path.c:31 0xfced6c9 7
4 dynarray.c:112 0xfcedb09 16
4 dynarray.c:113 0xfced989 24
4 path.c:254 0xfced629 24
2 path.c:128 0xfced629 24
1 dynarray.c:84 0xfced659 24
2 dynarray.c:95 0xfced989 16
2 path.c:90 0xfced6c9 6
2 path.c:90 0xfced8a9 7
2 path.c:90 0xfced6e9 12
3 dynarray.c:69 0xfcedc89 0xfced989 16 32
1 path.c:143 0xfcedb09 25
2 path.c:178 0xfced989 24
1 dynarray.c:84 0xfced5c9 24
2 dynarray.c:95 0xfced9d9 16
2 path.c:191 0xfcedcc9 25
2 path.c:205 0xfced969 6
3 path.c:223 0xfcedcc9 0xfcedcc9 25 6
4 path.c:246 0xfcedcc9 6
4 path.c:31 0xfced969 6
4 dynarray.c:112 0xfced9d9 16
4 dynarray.c:113 0xfced5c9 24
4 path.c:254 0xfced989 24
2 path.c:178 0xfced989 24
1 dynarray.c:84 0xfced709 24
2 dynarray.c:95 0xfced5c9 16
2 path.c:191 0xfcedcc9 25
2 path.c:205 0xfced969 6
2 path.c:205 0xfcedb39 7
3 path.c:223 0xfcedcc9 0xfcedcc9 25 13
4 path.c:246 0xfcedcc9 13
4 path.c:31 0xfced969 6
4 path.c:31 0xfcedb39 7
4 dynarray.c:112 0xfced5c9 16
4 dynarray.c:113 0xfced709 24
4 path.c:254 0xfced989 24
2 path.c:178 0xfced989 24
1 dynarray.c:84 0xfced9d9 24
2 dynarray.c:95 0xfced709 24
2 path.c:191 0xfcedcc9 25
2 path.c:205 0xfcedb39 6
2 path.c:205 0xfced969 7
2 path.c:205 0xfced9b9 12
3 path.c:223 0xfcedcc9 0xfcedcc9 25 25
4 path.c:246 0xfcedcc9 25
4 path.c:31 0xfcedb39 6
4 path.c:31 0xfced969 7
4 path.c:31 0xfced9b9 12
4 dynarray.c:112 0xfced709 24
4 dynarray.c:113 0xfced9d9 24
4 path.c:254 0xfced989 24
4 path.c:246 0xfcedb09 25
4 path.c:31 0xfced6c9 6
4 path.c:31 0xfced8a9 7
4 path.c:31 0xfced6e9 12
4 dynarray.c:112 0xfcedc89 32
4 dynarray.c:113 0xfced659 24
4 path.c:254 0xfced629 24
2 path.c:128 0xfced629 24
1 dynarray.c:84 0xfced5c9 24
2 dynarray.c:95 0xfced659 16
2 path.c:90 0xfced6e9 12
1 path.c:143 0xfced889 12
2 path.c:178 0xfced989 24
1 dynarray.c:84 0xfcedb09 24
2 dynarray.c:95 0xfced9d9 16
2 path.c:191 0xfced8a9 12
2 path.c:205 0xfced9b9 12
3 path.c:223 0xfced8a9 0xfced8a9 12 12
4 path.c:246 0xfced8a9 12
4 path.c:31 0xfced9b9 12
4 dynarray.c:112 0xfced9d9 16
4 dynarray.c:113 0xfcedb09 24
4 path.c:254 0xfced989 24
4 path.c:246 0xfced889 12
4 path.c:31 0xfced6e9 12
4 dynarray.c:112 0xfced659 16
4 dynarray.c:113 0xfced5c9 24
4 path.c:254 0xfced629 24
2 path.c:128 0xfced629 24
1 dynarray.c:84 0xfced709 24
2 dynarray.c:95 0xfced5c9 16
2 path.c:90 0xfced6e9 12
1 path.c:143 0xfced6c9 12
2 path.c:178 0xfced989 24
1 dynarray.c:84 0xfced659 24
2 dynarray.c:95 0xfcedb09 16
2 path.c:191 0xfced889 12
2 path.c:205 0xfced8a9 12
3 path.c:223 0xfced889 0xfced889 12 12
4 path.c:246 0xfced889 12
4 path.c:31 0xfced8a9 12
4 dynarray.c:112 0xfcedb09 16
4 dynarray.c:113 0xfced659 24
4 path.c:254 0xfced989 24
4 path.c:246 0xfced6c9 12
4 path.c:31 0xfced6e9 12
4 dynarray.c:112 0xfced5c9 16
4 dynarray.c:113 0xfced709 24
4 path.c:254 0xfced629 24
2 path.c:128 0xfced629 24
1 dynarray.c:84 0xfced9d9 24
2 dynarray.c:95 0xfced709 16
2 path.c:90 0xfced6e9 12
1 path.c:143 0xfced9b9 12
2 path.c:178 0xfced989 24
1 dynarray.c:84 0xfced5c9 24
2 dynarray.c:95 0xfced659 16
2 path.c:191 0xfced6c9 12
2 path.c:205 0xfced889 12
3 path.c:223 0xfced6c9 0xfced6c9 12 12
4 path.c:246 0xfced6c9 12
4 path.c:31 0xfced889 12
4 dynarray.c:112 0xfced659 16
4 dynarray.c:113 0xfced5c9 24
4 path.c:254 0xfced989 24
4 path.c:246 0xfced9b9 12
4 path.c:31 0xfced6e9 12
4 dynarray.c:112 0xfced709 16
4 dynarray.c:113 0xfced9d9 24
4 path.c:254 0xfced629 24
2 path.c:128 0xfced629 24
1 dynarray.c:84 0xfcedb09 24
2 dynarray.c:95 0xfced9d9 16
2 path.c:90 0xfced6e9 6
2 path.c:90 0xfced9b9 8
1 path.c:143 0xfced8a9 14
2 path.c:178 0xfced989 24
1 dynarray.c:84 0xfced709 24
2 dynarray.c:95 0xfced5c9 16
2 path.c:191 0xfced889 14
2 path.c:205 0xfced969 6
3 path.c:223 0xfced889 0xfced889 14 6
4 path.c:246 0xfced889 6
4 path.c:31 0xfced969 6
4 dynarray.c:112 0xfced5c9 16
4 dynarray.c:113 0xfced709 24
4 path.c:254 0xfced989 24
2 path.c:178 0xfced989 24
1 dynarray.c:84 0xfced659 24
2 dynarray.c:95 0xfced709 16
2 path.c:191 0xfced969 14
2 path.c:205 0xfced889 6
2 path.c:205 0xfcedb39 8
3 path.c:223 0xfced969 0xfced969 14 14
4 path.c:246 0xfced969 14
4 path.c:31 0xfced889 6
4 path.c:31 0xfcedb39 8
4 dynarray.c:112 0xfced709 16
4 dynarray.c:113 0xfced659 24
4 path.c:254 0xfced989 24
2 path.c:128 0xfced989 24
1 dynarray.c:84 0xfced5c9 24
2 dynarray.c:95 0xfced659 16
2 path.c:90 0xfcedb39 6
2 path.c:90 0xfced889 7
2 path.c:90 0xfced969 12
3 dynarray.c:69 0xfcedcf9 0xfced659 16 32
1 path.c:143 0xfced709 25
2 path.c:178 0xfced659 24
1 dynarray.c:84 0xfcedcc9 24
2 dynarray.c:95 0xfcedd39 16
2 path.c:191 0xfcedd69 25
2 path.c:205 0xfcedd99 6
3 path.c:223 0xfcedd69 0xfcedd69 25 6
4 path.c:246 0xfcedd69 6
4 path.c:31 0xfcedd99 6
4 dynarray.c:112 0xfcedd39 16
4 dynarray.c:113 0xfcedcc9 24
4 path.c:254 0xfced659 24
2 path.c:178 0xfced659 24
1 dynarray.c:84 0xfcedd69 24
2 dynarray.c:95 0xfcedcc9 16
2 path.c:191 0xfceddb9 25
2 path.c:205 0xfcedd99 6
2 path.c:205 0xfcedde9 7
3 path.c:223 0xfceddb9 0xfceddb9 25 13
4 path.c:246 0xfceddb9 13
4 path.c:31 0xfcedd99 6
4 path.c:31 0xfcedde9 7
4 dynarray.c:112 0xfcedcc9 16
4 dynarray.c:113 0xfcedd69 24
4 path.c:254 0xfced659 24
2 path.c:178 0xfced659 24
1 dynarray.c:84 0xfcedd39 24
2 dynarray.c:95 0xfcedd69 24
2 path.c:191 0xfceddb9 25
2 path.c:205 0xfcedde9 6
2 path.c:205 0xfcedd99 7
2 path.c:205 0xfcede09 12
3 path.c:223 0xfceddb9 0xfceddb9 25 25
4 path.c:246 0xfceddb9 25
4 path.c:31 0xfcedde9 6
4 path.c:31 0xfcedd99 7
4 path.c:31 0xfcede09 12
4 dynarray.c:112 0xfcedd69 24
4 dynarray.c:113 0xfcedd39 24
4 path.c:254 0xfced659 24
4 path.c:246 0xfced709 25
4 path.c:31 0xfcedb39 6
4 path.c:31 0xfced889 7
4 path.c:31 0xfced969 12
4 dynarray.c:112 0xfcedcf9 32
4 dynarray.c:113 0xfced5c9 24
4 path.c:254 0xfced989 24
2 path.c:128 0xfced989 24
1 dynarray.c:84 0xfcedcc9 24
2 dynarray.c:95 0xfced5c9 16
2 path.c:90 0xfced969 12
2 path.c:90 0xfced889 6
2 path.c:90 0xfcedb39 9
3 dynarray.c:69 0xfcede29 0xfced5c9 16 32
1 path.c:143 0xfced709 27
2 path.c:178 0xfced5c9 24
1 dynarray.c:84 0xfced659 24
2 dynarray.c:95 0xfcedd39 16
2 path.c:191 0xfceddb9 27
2 path.c:205 0xfcede09 12
3 path.c:223 0xfceddb9 0xfceddb9 27 12
4 path.c:246 0xfceddb9 12
4 path.c:31 0xfcede09 12
4 dynarray.c:112 0xfcedd39 16
4 dynarray.c:113 0xfced659 24
4 path.c:254 0xfced5c9 24
4 path.c:246 0xfced709 27
4 path.c:31 0xfced969 12
4 path.c:31 0xfced889 6
4 path.c:31 0xfcedb39 9
4 dynarray.c:112 0xfcede29 32
4 dynarray.c:113 0xfcedcc9 24
4 path.c:254 0xfced989 24
2 path.c:128 0xfced989 24
1 dynarray.c:84 0xfcedd69 24
2 dynarray.c:95 0xfcedcc9 16
2 path.c:90 0xfcedb39 6
2 path.c:90 0xfced889 8
1 path.c:143 0xfced6c9 14
2 path.c:178 0xfced5c9 24
1 dynarray.c:84 0xfced709 24
2 dynarray.c:95 0xfced659 16
2 path.c:191 0xfced969 14
2 path.c:205 0xfcedd99 6
3 path.c:223 0xfced969 0xfced969 14 6
4 path.c:246 0xfced969 6
4 path.c:31 0xfcedd99 6
4 dynarray.c:112 0xfced659 16
4 dynarray.c:113 0xfced709 24
4 path.c:254 0xfced5c9 24
2 path.c:178 0xfced5c9 24
1 dynarray.c:84 0xfcedd39 24
2 dynarray.c:95 0xfced709 16
2 path.c:191 0xfcedd99 14
2 path.c:205 0xfced969 6
2 path.c:205 0xfcedde9 8
3 path.c:223 0xfcedd99 0xfcedd99 14 14
4 path.c:246 0xfcedd99 14
4 path.c:31 0xfced969 6
4 path.c:31 0xfcedde9 8
4 dynarray.c:112 0xfced709 16
4 dynarray.c:113 0xfcedd39 24
4 path.c:254 0xfced5c9 24
2 path.c:178 0xfced5c9 24
1 dynarray.c:84 0xfced659 24
2 dynarray.c:95 0xfcedd39 16
2 path.c:191 0xfcedde9 14
2 path.c:205 0xfced969 6
2 path.c:205 0xfcedd99 8
3 path.c:223 0xfcedde9 0xfcedde9 14 14
1 bdtBad5.c:143 0xfcede29 32
2 path.c:178 0xfceddb9 24
1 dynarray.c:84 0xfced709 24
2 dynarray.c:95 0xfcede69 16
2 path.c:191 0xfcede99 14
2 path.c:205 0xfcedeb9 6
2 path.c:205 0xfceded9 8
3 path.c:223 0xfcede99 0xfcede99 14 14
4 path.c:246 0xfcedde9 14
4 path.c:31 0xfced969 6
4 path.c:31 0xfcedd99 8
4 dynarray.c:112 0xfcedd39 16
4 dynarray.c:113 0xfced659 24
4 path.c:254 0xfced5c9 24
4 path.c:246 0xfced6c9 14
4 path.c:31 0xfcedb39 6
4 path.c:31 0xfced889 8
4 dynarray.c:112 0xfcedcc9 16
4 dynarray.c:113 0xfcedd69 24
4 path.c:254 0xfced989 24
2 path.c:128 0xfced989 24
1 dynarray.c:84 0xfcedd39 24
2 dynarray.c:95 0xfcedd69 16
2 path.c:90 0xfced889 6
2 path.c:90 0xfcedb39 7
1 path.c:143 0xfcede09 13
2 path.c:178 0xfced5c9 24
1 dynarray.c:84 0xfcedcc9 24
2 dynarray.c:95 0xfced659 16
2 path.c:191 0xfced6c9 13
2 path.c:205 0xfced969 6
3 path.c:223 0xfced6c9 0xfced6c9 13 6
4 path.c:246 0xfced6c9 6
4 path.c:31 0xfced969 6
4 dynarray.c:112 0xfced659 16
4 dynarray.c:113 0xfcedcc9 24
4 path.c:254 0xfced5c9 24
2 path.c:178 0xfced5c9 24
1 dynarray.c:84 0xfced659 24
2 dynarray.c:95 0xfcedcc9 16
2 path.c:191 0xfced969 13
2 path.c:205 0xfced6c9 6
2 path.c:205 0xfcedde9 7
3 path.c:223 0xfced969 0xfced969 13 13
4 path.c:246 0xfced969 13
4 path.c:31 0xfced6c9 6
4 path.c:31 0xfcedde9 7
4 dynarray.c:112 0xfcedcc9 16
4 dynarray.c:113 0xfced659 24
4 path.c:254 0xfced5c9 24
2 path.c:178 0xfced5c9 24
1 dynarray.c:84 0xfcedcc9 24
2 dynarray.c:95 0xfced659 16
2 path.c:191 0xfcedde9 13
2 path.c:205 0xfced6c9 6
2 path.c:205 0xfced969 7
3 path.c:223 0xfcedde9 0xfcedde9 13 13
1 bdtBad5.c:143 0xfcedcf9 32
2 path.c:178 0xfcedef9 24
1 dynarray.c:84 0xfced939 24
2 dynarray.c:95 0xfcedf29 16
2 path.c:191 0xfcedf59 13
2 path.c:205 0xfcedf79 6
2 path.c:205 0xfcedf99 7
3 path.c:223 0xfcedf59 0xfcedf59 13 13
4 path.c:246 0xfcedf59 13
4 path.c:31 0xfcedf79 6
4 path.c:31 0xfcedf99 7
4 dynarray.c:112 0xfcedf29 16
4 dynarray.c:113 0xfced939 24
4 path.c:254 0xfcedef9 24
4 bdtBad5.c:193 0xfcedcf9 32
4 path.c:246 0xfcede09 13
4 path.c:31 0xfced889 6
4 path.c:31 0xfcedb39 7
4 dynarray.c:112 0xfcedd69 16
4 dynarray.c:113 0xfcedd39 24
4 path.c:254 0xfced989 24
4 path.c:246 0xfcedde9 13
4 path.c:31 0xfced6c9 6
4 path.c:31 0xfced969 7
4 dynarray.c:112 0xfced659 16
4 dynarray.c:113 0xfcedcc9 24
4 path.c:254 0xfced5c9 24
2 path.c:128 0xfced5c9 24
1 dynarray.c:84 0xfced939 24
2 dynarray.c:95 0xfcedcc9 16
2 path.c:90 0xfced969 6
2 path.c:90 0xfced6c9 4
2 path.c:90 0xfcedde9 5
3 dynarray.c:69 0xfcedfb9 0xfcedcc9 16 32
2 path.c:90 0xfcedb39 7
1 path.c:143 0xfced659 22
2 path.c:178 0xfcedcc9 24
1 dynarray.c:84 0xfced989 24
2 dynarray.c:95 0xfcedd39 16
2 path.c:191 0xfcedef9 22
2 path.c:205 0xfced889 6
3 path.c:223 0xfcedef9 0xfcedef9 22 6
4 path.c:246 0xfcedef9 6
4 path.c:31 0xfced889 6
4 dynarray.c:112 0xfcedd39 16
4 dynarray.c:113 0xfced989 24
4 path.c:254 0xfcedcc9 24
2 path.c:178 0xfcedcc9 24
1 dynarray.c:84 0xfcedd69 24
2 dynarray.c:95 0xfced989 16
2 path.c:191 0xfcedef9 22
2 path.c:205 0xfced889 6
2 path.c:205 0xfcede09 4
3 path.c:223 0xfcedef9 0xfcedef9 22 10
4 path.c:246 0xfcedef9 10
4 path.c:31 0xfced889 6
4 path.c:31 0xfcede09 4
4 dynarray.c:112 0xfced989 16
4 dynarray.c:113 0xfcedd69 24
4 path.c:254 0xfcedcc9 24
2 path.c:178 0xfcedcc9 24
1 dynarray.c:84 0xfcedd39 24
2 dynarray.c:95 0xfcedd69 16
2 path.c:191 0xfcedef9 22
2 path.c:205 0xfcede09 6
2 path.c:205 0xfced889 4
3 path.c:223 0xfcedef9 0xfcedef9 22 10
1 bdtBad5.c:143 0xfcedcf9 32
2 path.c:178 0xfcedff9 24
1 dynarray.c:84 0xfced989 24
2 dynarray.c:95 0xfcee029 16
2 path.c:191 0xfcedf99 10
2 path.c:205 0xfcedf79 6
2 path.c:205 0xfcedf59 4
3 path.c:223 0xfcedf99 0xfcedf99 10 10
4 path.c:246 0xfcedf99 10
4 path.c:31 0xfcedf79 6
4 path.c:31 0xfcedf59 4
4 dynarray.c:112 0xfcee029 16
4 dynarray.c:113 0xfced989 24
4 path.c:254 0xfcedff9 24
4 bdtBad5.c:193 0xfcedcf9 32
4 path.c:246 0xfced659 22
4 path.c:31 0xfced969 6
4 path.c:31 0xfced6c9 4
4 path.c:31 0xfcedde9 5
4 path.c:31 0xfcedb39 7
4 dynarray.c:112 0xfcedfb9 32
4 dynarray.c:113 0xfced939 24
4 path.c:254 0xfced5c9 24
4 path.c:246 0xfcedef9 10
4 path.c:31 0xfcede09 6
4 path.c:31 0xfced889 4
4 dynarray.c:112 0xfcedd69 16
4 dynarray.c:113 0xfcedd39 24
4 path.c:254 0xfcedcc9 24
2 path.c:128 0xfcedcc9 24
1 dynarray.c:84 0xfcee029 24
2 dynarray.c:95 0xfcedd39 16
2 path.c:90 0xfced889 6
1 path.c:143 0xfcedd99 6
2 path.c:178 0xfcedef9 24
1 dynarray.c:84 0xfcedd69 24
2 dynarray.c:95 0xfced5c9 16
2 path.c:191 0xfcede09 6
2 path.c:205 0xfcedde9 6
3 path.c:223 0xfcede09 0xfcede09 6 6
4 path.c:246 0xfcede09 6
4 path.c:31 0xfcedde9 6
4 dynarray.c:112 0xfced5c9 16
4 dynarray.c:113 0xfcedd69 24
4 path.c:254 0xfcedef9 24
4 path.c:246 0xfcedd99 6
4 path.c:31 0xfced889 6
4 dynarray.c:112 0xfcedd39 16
4 dynarray.c:113 0xfcee029 24
4 path.c:254 0xfcedcc9 24
2 path.c:128 0xfcedcc9 24
1 dynarray.c:84 0xfced939 24
2 dynarray.c:95 0xfcee029 16
2 path.c:90 0xfced889 6
2 path.c:90 0xfcedd99 7
1 path.c:143 0xfcedb39 13
2 path.c:178 0xfcedef9 24
1 dynarray.c:84 0xfcedd39 24
2 dynarray.c:95 0xfcedd69 16
2 path.c:191 0xfcedde9 13
2 path.c:205 0xfced6c9 6
3 path.c:223 0xfcedde9 0xfcedde9 13 6
4 path.c:246 0xfcedde9 6
4 path.c:31 0xfced6c9 6
4 dynarray.c:112 0xfcedd69 16
4 dynarray.c:113 0xfcedd39 24
4 path.c:254 0xfcedef9 24
2 path.c:178 0xfcedef9 24
1 dynarray.c:84 0xfced5c9 24
2 dynarray.c:95 0xfcedd39 16
2 path.c:191 0xfced6c9 13
2 path.c:205 0xfcedde9 6
2 path.c:205 0xfced969 7
3 path.c:223 0xfced6c9 0xfced6c9 13 13
4 path.c:246 0xfced6c9 13
4 path.c:31 0xfcedde9 6
4 path.c:31 0xfced969 7
4 dynarray.c:112 0xfcedd39 16
4 dynarray.c:113 0xfced5c9 24
4 path.c:254 0xfcedef9 24
4 path.c:246 0xfcedb39 13
4 path.c:31 0xfced889 6
4 path.c:31 0xfcedd99 7
4 dynarray.c:112 0xfcee029 16
4 dynarray.c:113 0xfced939 24
4 path.c:254 0xfcedcc9 24
2 path.c:128 0xfcedcc9 24
1 dynarray.c:84 0xfcedd69 24
2 dynarray.c:95 0xfced939 16
2 path.c:90 0xfcedd99 6
2 path.c:90 0xfced889 8
1 path.c:143 0xfcede09 14
2 path.c:178 0xfcedef9 24
1 dynarray.c:84 0xfcee029 24
2 dynarray.c:95 0xfced5c9 16
2 path.c:191 0xfcedb39 14
2 path.c:205 0xfcedde9 6
3 path.c:223 0xfcedb39 0xfcedb39 14 6
4 path.c:246 0xfcedb39 6
4 path.c:31 0xfcedde9 6
4 dynarray.c:112 0xfced5c9 16
4 dynarray.c:113 0xfcee029 24
4 path.c:254 0xfcedef9 24
2 path.c:178 0xfcedef9 24
1 dynarray.c:84 0xfcedd39 24
2 dynarray.c:95 0xfcee029 16
2 path.c:191 0xfcedde9 14
2 path.c:205 0xfcedb39 6
2 path.c:205 0xfced6c9 8
3 path.c:223 0xfcedde9 0xfcedde9 14 14
4 path.c:246 0xfcedde9 14
4 path.c:31 0xfcedb39 6
4 path.c:31 0xfced6c9 8
4 dynarray.c:112 0xfcee029 16
4 dynarray.c:113 0xfcedd39 24
4 path.c:254 0xfcedef9 24
4 path.c:246 0xfcede09 14
4 path.c:31 0xfcedd99 6
4 path.c:31 0xfced889 8
4 dynarray.c:112 0xfced939 16
4 dynarray.c:113 0xfcedd69 24
4 path.c:254 0xfcedcc9 24
2 path.c:128 0xfcedcc9 24
1 dynarray.c:84 0xfced5c9 24
2 dynarray.c:95 0xfcedd69 16
2 path.c:90 0xfced889 6
2 path.c:90 0xfcedd99 7
1 path.c:143 0xfced969 13
2 path.c:178 0xfcedef9 24
1 dynarray.c:84 0xfced939 24
2 dynarray.c:95 0xfcedd39 16
2 path.c:191 0xfcede09 13
2 path.c:205 0xfcedb39 6
3 path.c:223 0xfcede09 0xfcede09 13 6
4 path.c:246 0xfcede09 6
4 path.c:31 0xfcedb39 6
4 dynarray.c:112 0xfcedd39 16
4 dynarray.c:113 0xfced939 24
4 path.c:254 0xfcedef9 24
2 path.c:178 0xfcedef9 24
1 dynarray.c:84 0xfcee029 24
2 dynarray.c:95 0xfced939 16
2 path.c:191 0xfcedb39 13
2 path.c:205 0xfcede09 6
2 path.c:205 0xfcedde9 7
3 path.c:223 0xfcedb39 0xfcedb39 13 13
4 path.c:246 0xfcedb39 13
4 path.c:31 0xfcede09 6
4 path.c:31 0xfcedde9 7
4 dynarray.c:112 0xfced939 16
4 dynarray.c:113 0xfcee029 24
4 path.c:254 0xfcedef9 24
2 path.c:128 0xfcedef9 24
1 dynarray.c:84 0xfcedd39 24
2 dynarray.c:95 0xfcee029 16
2 path.c:90 0xfcedde9 6
2 path.c:90 0xfcede09 4
1 path.c:143 0xfced6c9 10
2 path.c:178 0xfced659 24
1 dynarray.c:84 0xfced939 24
2 dynarray.c:95 0xfcedff9 16
2 path.c:191 0xfcedb39 10
2 path.c:205 0xfcedf79 6
3 path.c:223 0xfcedb39 0xfcedb39 10 6
4 path.c:246 0xfcedb39 6
4 path.c:31 0xfcedf79 6
4 dynarray.c:112 0xfcedff9 16
4 dynarray.c:113 0xfced939 24
4 path.c:254 0xfced659 24
2 path.c:178 0xfced659 24
1 dynarray.c:84 0xfced989 24
2 dynarray.c:95 0xfced939 16
2 path.c:191 0xfcedf79 10
2 path.c:205 0xfcedb39 6
2 path.c:205 0xfcedf99 4
3 path.c:223 0xfcedf79 0xfcedf79 10 10
4 path.c:246 0xfcedf79 10
4 path.c:31 0xfcedb39 6
4 path.c:31 0xfcedf99 4
4 dynarray.c:112 0xfced939 16
4 dynarray.c:113 0xfced989 24
4 path.c:254 0xfced659 24
2 path.c:128 0xfced659 24
1 dynarray.c:84 0xfcedff9 24
2 dynarray.c:95 0xfced989 16
2 path.c:90 0xfcedf99 6
2 path.c:90 0xfcedb39 4
2 path.c:90 0xfcedf79 5
3 dynarray.c:69 0xfcee059 0xfced989 16 32
1 path.c:143 0xfced939 15
2 path.c:178 0xfced989 24
1 dynarray.c:84 0xfcedf29 24
2 dynarray.c:95 0xfcee099 16
2 path.c:191 0xfcee0c9 15
2 path.c:205 0xfcee0f9 6
3 path.c:223 0xfcee0c9 0xfcee0c9 15 6
4 path.c:246 0xfcee0c9 6
4 path.c:31 0xfcee0f9 6
4 dynarray.c:112 0xfcee099 16
4 dynarray.c:113 0xfcedf29 24
4 path.c:254 0xfced989 24
2 path.c:178 0xfced989 24
1 dynarray.c:84 0xfcee099 24
2 dynarray.c:95 0xfcedf29 16
2 path.c:191 0xfcee119 15
2 path.c:205 0xfcee0f9 6
2 path.c:205 0xfcee149 4
3 path.c:223 0xfcee119 0xfcee119 15 10
4 path.c:246 0xfcee119 10
4 path.c:31 0xfcee0f9 6
4 path.c:31 0xfcee149 4
4 dynarray.c:112 0xfcedf29 16
4 dynarray.c:113 0xfcee099 24
4 path.c:254 0xfced989 24
2 path.c:128 0xfced989 24
1 dynarray.c:84 0xfcee119 24
2 dynarray.c:95 0xfcee099 16
2 path.c:90 0xfcee149 6
2 path.c:90 0xfcee0f9 4
2 path.c:90 0xfcee169 5
3 dynarray.c:69 0xfcee189 0xfcee099 16 32
2 path.c:90 0xfcee1c9 7
1 path.c:143 0xfcedf29 22
2 path.c:178 0xfcee099 24
1 dynarray.c:84 0xfcee0c9 24
2 dynarray.c:95 0xfcee1e9 16
2 path.c:191 0xfcee219 22
2 path.c:205 0xfcee249 6
3 path.c:223 0xfcee219 0xfcee219 22 6
4 path.c:246 0xfcee219 6
4 path.c:31 0xfcee249 6
4 dynarray.c:112 0xfcee1e9 16
4 dynarray.c:113 0xfcee0c9 24
4 path.c:254 0xfcee099 24
2 path.c:178 0xfcee099 24
1 dynarray.c:84 0xfcee1e9 24
2 dynarray.c:95 0xfcee0c9 16
2 path.c:191 0xfcee269 22
2 path.c:205 0xfcee249 6
2 path.c:205 0xfcee299 4
3 path.c:223 0xfcee269 0xfcee269 22 10
4 path.c:246 0xfcee269 10
4 path.c:31 0xfcee249 6
4 path.c:31 0xfcee299 4
4 dynarray.c:112 0xfcee0c9 16
4 dynarray.c:113 0xfcee1e9 24
4 path.c:254 0xfcee099 24
1 dynarray.c:84 0xfcee269 24
2 dynarray.c:95 0xfcee2b9 32
1 bdtBad5.c:662 0xfcee2f9 59
4 dynarray.c:112 0xfcee2b9 32
4 dynarray.c:113 0xfcee269 24
4 bdt_client.c:82 0xfcee2f9 59
2 path.c:128 0xfcee099 24
1 dynarray.c:84 0xfcee269 24
2 dynarray.c:95 0xfcee1e9 16
2 path.c:90 0xfcee299 6
2 path.c:90 0xfcee249 7
2 path.c:90 0xfcee349 12
3 dynarray.c:69 0xfcee369 0xfcee1e9 16 32
1 path.c:143 0xfcee0c9 25
2 path.c:178 0xfcee1e9 24
1 dynarray.c:84 0xfcee219 24
2 dynarray.c:95 0xfcee3a9 16
2 path.c:191 0xfcee3d9 25
2 path.c:205 0xfcee409 6
3 path.c:223 0xfcee3d9 0xfcee3d9 25 6
4 path.c:246 0xfcee3d9 6
4 path.c:31 0xfcee409 6
4 dynarray.c:112 0xfcee3a9 16
4 dynarray.c:113 0xfcee219 24
4 path.c:254 0xfcee1e9 24
2 path.c:178 0xfcee1e9 24
1 dynarray.c:84 0xfcee3a9 24
2 dynarray.c:95 0xfcee219 16
2 path.c:191 0xfcee429 25
2 path.c:205 0xfcee409 6
2 path.c:205 0xfcee459 7
3 path.c:223 0xfcee429 0xfcee429 25 13
4 path.c:246 0xfcee429 13
4 path.c:31 0xfcee409 6
4 path.c:31 0xfcee459 7
4 dynarray.c:112 0xfcee219 16
4 dynarray.c:113 0xfcee3a9 24
4 path.c:254 0xfcee1e9 24
2 path.c:178 0xfcee1e9 24
1 dynarray.c:84 0xfcee429 24
2 dynarray.c:95 0xfcee3a9 24
2 path.c:191 0xfcee479 25
2 path.c:205 0xfcee459 6
2 path.c:205 0xfcee409 7
2 path.c:205 0xfcee4a9 12
3 path.c:223 0xfcee479 0xfcee479 25 25
4 path.c:246 0xfcee479 25
4 path.c:31 0xfcee459 6
4 path.c:31 0xfcee409 7
4 path.c:31 0xfcee4a9 12
4 dynarray.c:112 0xfcee3a9 24
4 dynarray.c:113 0xfcee429 24
4 path.c:254 0xfcee1e9 24
4 path.c:246 0xfcee0c9 25
4 path.c:31 0xfcee299 6
4 path.c:31 0xfcee249 7
4 path.c:31 0xfcee349 12
4 dynarray.c:112 0xfcee369 32
4 dynarray.c:113 0xfcee269 24
4 path.c:254 0xfcee099 24
2 path.c:128 0xfcee099 24
1 dynarray.c:84 0xfcee219 24
2 dynarray.c:95 0xfcee269 16
2 path.c:90 0xfcee349 6
2 path.c:90 0xfcee249 8
2 path.c:90 0xfcee299 12
3 dynarray.c:69 0xfcee4c9 0xfcee269 16 32
1 path.c:143 0xfcee0c9 26
2 path.c:178 0xfcee269 24
1 dynarray.c:84 0xfcee1e9 24
2 dynarray.c:95 0xfcee429 16
2 path.c:191 0xfcee479 26
2 path.c:205 0xfcee4a9 6
3 path.c:223 0xfcee479 0xfcee479 26 6
4 path.c:246 0xfcee479 6
4 path.c:31 0xfcee4a9 6
4 dynarray.c:112 0xfcee429 16
4 dynarray.c:113 0xfcee1e9 24
4 path.c:254 0xfcee269 24
2 path.c:178 0xfcee269 24
1 dynarray.c:84 0xfcee3a9 24
2 dynarray.c:95 0xfcee1e9 16
2 path.c:191 0xfcee479 26
2 path.c:205 0xfcee4a9 6
2 path.c:205 0xfcee409 8
3 path.c:223 0xfcee479 0xfcee479 26 14
4 path.c:246 0xfcee479 14
4 path.c:31 0xfcee4a9 6
4 path.c:31 0xfcee409 8
4 dynarray.c:112 0xfcee1e9 16
4 dynarray.c:113 0xfcee3a9 24
4 path.c:254 0xfcee269 24
2 path.c:178 0xfcee269 24
1 dynarray.c:84 0xfcee429 24
2 dynarray.c:95 0xfcee3a9 24
2 path.c:191 0xfcee479 26
2 path.c:205 0xfcee409 6
2 path.c:205 0xfcee4a9 8
2 path.c:205 0xfcee459 12
3 path.c:223 0xfcee479 0xfcee479 26 26
4 path.c:246 0xfcee479 26
4 path.c:31 0xfcee409 6
4 path.c:31 0xfcee4a9 8
4 path.c:31 0xfcee459 12
4 dynarray.c:112 0xfcee3a9 24
4 dynarray.c:113 0xfcee429 24
4 path.c:254 0xfcee269 24
2 path.c:128 0xfcee269 24
1 dynarray.c:84 0xfcee1e9 24
2 dynarray.c:95 0xfcee429 16
2 path.c:90 0xfcee459 6
2 path.c:90 0xfcee4a9 8
2 path.c:90 0xfcee409 12
3 dynarray.c:69 0xfcee509 0xfcee429 16 32
1 path.c:143 0xfcee3a9 26
2 path.c:178 0xfcee429 24
1 dynarray.c:84 0xfcee479 24
2 dynarray.c:95 0xfcee549 16
2 path.c:191 0xfcee579 26
2 path.c:205 0xfcee5a9 6
3 path.c:223 0xfcee579 0xfcee579 26 6
4 path.c:246 0xfcee579 6
4 path.c:31 0xfcee5a9 6
4 dynarray.c:112 0xfcee549 16
4 dynarray.c:113 0xfcee479 24
4 path.c:254 0xfcee429 24
2 path.c:178 0xfcee429 24
1 dynarray.c:84 0xfcee579 24
2 dynarray.c:95 0xfcee479 16
2 path.c:191 0xfcee5c9 26
2 path.c:205 0xfcee5a9 6
2 path.c:205 0xfcee5f9 8
3 path.c:223 0xfcee5c9 0xfcee5c9 26 14
4 path.c:246 0xfcee5c9 14
4 path.c:31 0xfcee5a9 6
4 path.c:31 0xfcee5f9 8
4 dynarray.c:112 0xfcee479 16
4 dynarray.c:113 0xfcee579 24
4 path.c:254 0xfcee429 24
2 path.c:178 0xfcee429 24
1 dynarray.c:84 0xfcee549 24
2 dynarray.c:95 0xfcee579 24
2 path.c:191 0xfcee5c9 26
2 path.c:205 0xfcee5f9 6
2 path.c:205 0xfcee5a9 8
2 path.c:205 0xfcee619 12
3 path.c:223 0xfcee5c9 0xfcee5c9 26 26
4 path.c:246 0xfcee5c9 26
4 path.c:31 0xfcee5f9 6
4 path.c:31 0xfcee5a9 8
4 path.c:31 0xfcee619 12
4 dynarray.c:112 0xfcee579 24
4 dynarray.c:113 0xfcee549 24
4 path.c:254 0xfcee429 24
2 path.c:178 0xfcee429 24
1 dynarray.c:84 0xfcee479 24
2 dynarray.c:95 0xfcee549 24
2 path.c:191 0xfcee5c9 26
2 path.c:205 0xfcee619 6
2 path.c:205 0xfcee5a9 8
2 path.c:205 0xfcee5f9 12
3 path.c:223 0xfcee5c9 0xfcee5c9 26 26
1 bdtBad5.c:143 0xfcee369 32
2 path.c:178 0xfcee639 24
1 dynarray.c:84 0xfcee579 24
2 dynarray.c:95 0xfcee669 24
2 path.c:191 0xfcee699 26
2 path.c:205 0xfcee6c9 6
2 path.c:205 0xfcee6e9 8
2 path.c:205 0xfcee709 12
3 path.c:223 0xfcee699 0xfcee699 26 26
4 path.c:246 0xfcee5c9 26
4 path.c:31 0xfcee619 6
4 path.c:31 0xfcee5a9 8
4 path.c:31 0xfcee5f9 12
4 dynarray.c:112 0xfcee549 24
4 dynarray.c:113 0xfcee479 24
4 path.c:254 0xfcee429 24
4 path.c:246 0xfcee3a9 26
4 path.c:31 0xfcee459 6
4 path.c:31 0xfcee4a9 8
4 path.c:31 0xfcee409 12
4 dynarray.c:112 0xfcee509 32
4 dynarray.c:113 0xfcee1e9 24
4 path.c:254 0xfcee269 24
2 path.c:128 0xfcee269 24
1 dynarray.c:84 0xfcee5c9 24
2 dynarray.c:95 0xfcee1e9 16
2 path.c:90 0xfcee409 6
2 path.c:90 0xfcee4a9 7
2 path.c:90 0xfcee459 12
3 dynarray.c:69 0xfcee729 0xfcee1e9 16 32
1 path.c:143 0xfcee3a9 25
2 path.c:178 0xfcee1e9 24
1 dynarray.c:84 0xfcee429 24
2 dynarray.c:95 0xfcee479 16
2 path.c:191 0xfcee769 25
2 path.c:205 0xfcee5f9 6
3 path.c:223 0xfcee769 0xfcee769 25 6
4 path.c:246 0xfcee769 6
4 path.c:31 0xfcee5f9 6
4 dynarray.c:112 0xfcee479 16
4 dynarray.c:113 0xfcee429 24
4 path.c:254 0xfcee1e9 24
2 path.c:178 0xfcee1e9 24
1 dynarray.c:84 0xfcee549 24
2 dynarray.c:95 0xfcee429 16
2 path.c:191 0xfcee769 25
2 path.c:205 0xfcee5f9 6
2 path.c:205 0xfcee5a9 7
3 path.c:223 0xfcee769 0xfcee769 25 13
4 path.c:246 0xfcee769 13
4 path.c:31 0xfcee5f9 6
4 path.c:31 0xfcee5a9 7
4 dynarray.c:112 0xfcee429 16
4 dynarray.c:113 0xfcee549 24
4 path.c:254 0xfcee1e9 24
2 path.c:178 0xfcee1e9 24
1 dynarray.c:84 0xfcee479 24
2 dynarray.c:95 0xfcee549 24
2 path.c:191 0xfcee769 25
2 path.c:205 0xfcee5a9 6
2 path.c:205 0xfcee5f9 7
2 path.c:205 0xfcee619 12
3 path.c:223 0xfcee769 0xfcee769 25 25
4 path.c:246 0xfcee769 25
4 path.c:31 0xfcee5a9 6
4 path.c:31 0xfcee5f9 7
4 path.c:31 0xfcee619 12
4 dynarray.c:112 0xfcee549 24
4 dynarray.c:113 0xfcee479 24
4 path.c:254 0xfcee1e9 24
4 path.c:246 0xfcee3a9 25
4 path.c:31 0xfcee409 6
4 path.c:31 0xfcee4a9 7
4 path.c:31 0xfcee459 12
4 dynarray.c:112 0xfcee729 32
4 dynarray.c:113 0xfcee5c9 24
4 path.c:254 0xfcee269 24
2 path.c:128 0xfcee269 24
1 dynarray.c:84 0xfcee429 24
2 dynarray.c:95 0xfcee5c9 16
2 path.c:90 0xfcee459 6
2 path.c:90 0xfcee4a9 8
2 path.c:90 0xfcee409 12
3 dynarray.c:69 0xfcee799 0xfcee5c9 16 32
1 path.c:143 0xfcee3a9 26
2 path.c:178 0xfcee5c9 24
1 dynarray.c:84 0xfcee1e9 24
2 dynarray.c:95 0xfcee479 16
2 path.c:191 0xfcee769 26
2 path.c:205 0xfcee619 6
3 path.c:223 0xfcee769 0xfcee769 26 6
4 path.c:246 0xfcee769 6
4 path.c:31 0xfcee619 6
4 dynarray.c:112 0xfcee479 16
4 dynarray.c:113 0xfcee1e9 24
4 path.c:254 0xfcee5c9 24
2 path.c:178 0xfcee5c9 24
1 dynarray.c:84 0xfcee549 24
2 dynarray.c:95 0xfcee1e9 16
2 path.c:191 0xfcee769 26
2 path.c:205 0xfcee619 6
2 path.c:205 0xfcee5f9 8
3 path.c:223 0xfcee769 0xfcee769 26 14
4 path.c:246 0xfcee769 14
4 path.c:31 0xfcee619 6
4 path.c:31 0xfcee5f9 8
4 dynarray.c:112 0xfcee1e9 16
4 dynarray.c:113 0xfcee549 24
4 path.c:254 0xfcee5c9 24
2 path.c:178 0xfcee5c9 24
1 dynarray.c:84 0xfcee479 24
2 dynarray.c:95 0xfcee549 24
2 path.c:191 0xfcee769 26
2 path.c:205 0xfcee5f9 6
2 path.c:205 0xfcee619 8
2 path.c:205 0xfcee5a9 12
3 path.c:223 0xfcee769 0xfcee769 26 26
4 path.c:246 0xfcee769 26
4 path.c:31 0xfcee5f9 6
4 path.c:31 0xfcee619 8
4 path.c:31 0xfcee5a9 12
4 dynarray.c:112 0xfcee549 24
4 dynarray.c:113 0xfcee479 24
4 path.c:254 0xfcee5c9 24
4 path.c:246 0xfcee3a9 26
4 path.c:31 0xfcee459 6
4 path.c:31 0xfcee4a9 8
4 path.c:31 0xfcee409 12
4 dynarray.c:112 0xfcee799 32
4 dynarray.c:113 0xfcee429 24
4 path.c:254 0xfcee269 24
2 path.c:128 0xfcee269 24
1 dynarray.c:84 0xfcee1e9 24
2 dynarray.c:95 0xfcee429 16
2 path.c:90 0xfcee409 6
2 path.c:90 0xfcee4a9 8
2 path.c:90 0xfcee459 12
3 dynarray.c:69 0xfcee799 0xfcee429 16 32
1 path.c:143 0xfcee3a9 26
2 path.c:178 0xfcee429 24
1 dynarray.c:84 0xfcee5c9 24
2 dynarray.c:95 0xfcee479 16
2 path.c:191 0xfcee769 26
2 path.c:205 0xfcee5a9 6
3 path.c:223 0xfcee769 0xfcee769 26 6
4 path.c:246 0xfcee769 6
4 path.c:31 0xfcee5a9 6
4 dynarray.c:112 0xfcee479 16
4 dynarray.c:113 0xfcee5c9 24
4 path.c:254 0xfcee429 24
2 path.c:178 0xfcee429 24
1 dynarray.c:84 0xfcee549 24
2 dynarray.c:95 0xfcee5c9 16
2 path.c:191 0xfcee769 26
2 path.c:205 0xfcee5a9 6
2 path.c:205 0xfcee619 8
3 path.c:223 0xfcee769 0xfcee769 26 14
4 path.c:246 0xfcee769 14
4 path.c:31 0xfcee5a9 6
4 path.c:31 0xfcee619 8
4 dynarray.c:112 0xfcee5c9 16
4 dynarray.c:113 0xfcee549 24
4 path.c:254 0xfcee429 24
2 path.c:178 0xfcee429 24
1 dynarray.c:84 0xfcee479 24
2 dynarray.c:95 0xfcee549 24
2 path.c:191 0xfcee769 26
2 path.c:205 0xfcee619 6
2 path.c:205 0xfcee5a9 8
2 path.c:205 0xfcee5f9 12
3 path.c:223 0xfcee769 0xfcee769 26 26
4 path.c:246 0xfcee769 26
4 path.c:31 0xfcee619 6
4 path.c:31 0xfcee5a9 8
4 path.c:31 0xfcee5f9 12
4 dynarray.c:112 0xfcee549 24
4 dynarray.c:113 0xfcee479 24
4 path.c:254 0xfcee429 24
4 path.c:246 0xfcee3a9 26
4 path.c:31 0xfcee409 6
4 path.c:31 0xfcee4a9 8
4 path.c:31 0xfcee459 12
4 dynarray.c:112 0xfcee799 32
4 dynarray.c:113 0xfcee1e9 24
4 path.c:254 0xfcee269 24
2 path.c:128 0xfcee269 24
1 dynarray.c:84 0xfcee5c9 24
2 dynarray.c:95 0xfcee1e9 16
2 path.c:90 0xfcee459 6
2 path.c:90 0xfcee4a9 8
2 path.c:90 0xfcee409 12
3 dynarray.c:69 0xfcee799 0xfcee1e9 16 32
2 path.c:90 0xfcee5f9 6
1 path.c:143 0xfcee729 32
2 path.c:178 0xfcee1e9 24
1 dynarray.c:84 0xfcee3a9 24
2 dynarray.c:95 0xfcee429 16
2 path.c:191 0xfcee7d9 32
2 path.c:205 0xfcee5a9 6
3 path.c:223 0xfcee7d9 0xfcee7d9 32 6
4 path.c:246 0xfcee7d9 6
4 path.c:31 0xfcee5a9 6
4 dynarray.c:112 0xfcee429 16
4 dynarray.c:113 0xfcee3a9 24
4 path.c:254 0xfcee1e9 24
2 path.c:178 0xfcee1e9 24
1 dynarray.c:84 0xfcee479 24
2 dynarray.c:95 0xfcee3a9 16
2 path.c:191 0xfcee819 32
2 path.c:205 0xfcee5a9 6
2 path.c:205 0xfcee7d9 8
3 path.c:223 0xfcee819 0xfcee819 32 14
4 path.c:246 0xfcee819 14
4 path.c:31 0xfcee5a9 6
4 path.c:31 0xfcee7d9 8
4 dynarray.c:112 0xfcee3a9 16
4 dynarray.c:113 0xfcee479 24
4 path.c:254 0xfcee1e9 24
2 path.c:178 0xfcee1e9 24
1 dynarray.c:84 0xfcee429 24
2 dynarray.c:95 0xfcee479 24
2 path.c:191 0xfcee859 32
2 path.c:205 0xfcee7d9 6
2 path.c:205 0xfcee5a9 8
2 path.c:205 0xfcee819 12
3 path.c:223 0xfcee859 0xfcee859 32 26
4 path.c:246 0xfcee859 26
4 path.c:31 0xfcee7d9 6
4 path.c:31 0xfcee5a9 8
4 path.c:31 0xfcee819 12
4 dynarray.c:112 0xfcee479 24
4 dynarray.c:113 0xfcee429 24
4 path.c:254 0xfcee1e9 24
2 path.c:178 0xfcee1e9 24
1 dynarray.c:84 0xfcee3a9 24
2 dynarray.c:95 0xfcee899 32
2 path.c:191 0xfcee8d9 32
2 path.c:205 0xfcee819 6
2 path.c:205 0xfcee5a9 8
2 path.c:205 0xfcee7d9 12
2 path.c:205 0xfcee839 6
3 path.c:223 0xfcee8d9 0xfcee8d9 32 32
4 path.c:246 0xfcee8d9 32
4 path.c:31 0xfcee819 6
4 path.c:31 0xfcee5a9 8
4 path.c:31 0xfcee7d9 12
4 path.c:31 0xfcee839 6
4 dynarray.c:112 0xfcee899 32
4 dynarray.c:113 0xfcee3a9 24
4 path.c:254 0xfcee1e9 24
2 path.c:178 0xfcee1e9 24
1 dynarray.c:84 0xfcee3a9 24
2 dynarray.c:95 0xfcee899 32
2 path.c:191 0xfcee8d9 32
2 path.c:205 0xfcee839 6
2 path.c:205 0xfcee7d9 8
2 path.c:205 0xfcee5a9 12
2 path.c:205 0xfcee819 6
3 path.c:223 0xfcee8d9 0xfcee8d9 32 32
1 bdtBad5.c:143 0xfcee859 32
2 path.c:178 0xfcee429 24
1 dynarray.c:84 0xfcee479 24
2 dynarray.c:95 0xfcee919 32
2 path.c:191 0xfcee959 32
2 path.c:205 0xfcee7f9 6
2 path.c:205 0xfcee619 8
2 path.c:205 0xfcee999 12
2 path.c:205 0xfcee9b9 6
3 path.c:223 0xfcee959 0xfcee959 32 32
4 path.c:246 0xfcee8d9 32
4 path.c:31 0xfcee839 6
4 path.c:31 0xfcee7d9 8
4 path.c:31 0xfcee5a9 12
4 path.c:31 0xfcee819 6
4 dynarray.c:112 0xfcee899 32
4 dynarray.c:113 0xfcee3a9 24
4 path.c:254 0xfcee1e9 24
4 path.c:246 0xfcee729 32
4 path.c:31 0xfcee459 6
4 path.c:31 0xfcee4a9 8
4 path.c:31 0xfcee409 12
4 path.c:31 0xfcee5f9 6
4 dynarray.c:112 0xfcee799 32
4 dynarray.c:113 0xfcee5c9 24
4 path.c:254 0xfcee269 24
2 path.c:128 0xfcee269 24
1 dynarray.c:84 0xfcee3a9 24
2 dynarray.c:95 0xfcee5c9 16
2 path.c:90 0xfcee5f9 6
2 path.c:90 0xfcee409 8
2 path.c:90 0xfcee4a9 12
3 dynarray.c:69 0xfcee799 0xfcee5c9 16 32
2 path.c:90 0xfcee459 6
1 path.c:143 0xfcee8d9 32
2 path.c:178 0xfcee5c9 24
1 dynarray.c:84 0xfcee1e9 24
2 dynarray.c:95 0xfcee549 16
2 path.c:191 0xfcee729 32
2 path.c:205 0xfcee819 6
3 path.c:223 0xfcee729 0xfcee729 32 6
4 path.c:246 0xfcee729 6
4 path.c:31 0xfcee819 6
4 dynarray.c:112 0xfcee549 16
4 dynarray.c:113 0xfcee1e9 24
4 path.c:254 0xfcee5c9 24
2 path.c:178 0xfcee5c9 24
1 dynarray.c:84 0xfcee769 24
2 dynarray.c:95 0xfcee1e9 16
2 path.c:191 0xfcee9d9 32
2 path.c:205 0xfcee819 6
2 path.c:205 0xfcee729 8
3 path.c:223 0xfcee9d9 0xfcee9d9 32 14
4 path.c:246 0xfcee9d9 14
4 path.c:31 0xfcee819 6
4 path.c:31 0xfcee729 8
4 dynarray.c:112 0xfcee1e9 16
4 dynarray.c:113 0xfcee769 24
4 path.c:254 0xfcee5c9 24
2 path.c:178 0xfcee5c9 24
1 dynarray.c:84 0xfcee549 24
2 dynarray.c:95 0xfcee769 24
2 path.c:191 0xfceea19 32
2 path.c:205 0xfcee729 6
2 path.c:205 0xfcee819 8
2 path.c:205 0xfcee9d9 12
3 path.c:223 0xfceea19 0xfceea19 32 26
4 path.c:246 0xfceea19 26
4 path.c:31 0xfcee729 6
4 path.c:31 0xfcee819 8
4 path.c:31 0xfcee9d9 12
4 dynarray.c:112 0xfcee769 24
4 dynarray.c:113 0xfcee549 24
4 path.c:254 0xfcee5c9 24
2 path.c:178 0xfcee5c9 24
1 dynarray.c:84 0xfcee1e9 24
2 dynarray.c:95 0xfceea19 32
2 path.c:191 0xfceea59 32
2 path.c:205 0xfcee9d9 6
2 path.c:205 0xfcee819 8
2 path.c:205 0xfcee729 12
2 path.c:205 0xfcee9f9 6
3 path.c:223 0xfceea59 0xfceea59 32 32
4 path.c:246 0xfceea59 32
4 path.c:31 0xfcee9d9 6
4 path.c:31 0xfcee819 8
4 path.c:31 0xfcee729 12
4 path.c:31 0xfcee9f9 6
4 dynarray.c:112 0xfceea19 32
4 dynarray.c:113 0xfcee1e9 24
4 path.c:254 0xfcee5c9 24
4 path.c:246 0xfcee8d9 32
4 path.c:31 0xfcee5f9 6
4 path.c:31 0xfcee409 8
4 path.c:31 0xfcee4a9 12
4 path.c:31 0xfcee459 6
4 dynarray.c:112 0xfcee799 32
4 dynarray.c:113 0xfcee3a9 24
4 path.c:254 0xfcee269 24
1 dynarray.c:84 0xfcee1e9 24
2 dynarray.c:95 0xfceea99 48
1 bdtBad5.c:662 0xfceeae9 117
4 dynarray.c:112 0xfceea99 48
4 dynarray.c:113 0xfcee1e9 24
4 bdt_client.c:96 0xfceeae9 117
2 path.c:128 0xfcee269 24
1 dynarray.c:84 0xfcee1e9 24
2 dynarray.c:95 0xfcee3a9 16
2 path.c:90 0xfcee459 6
2 path.c:90 0xfcee4a9 8
2 path.c:90 0xfcee409 12
3 dynarray.c:69 0xfcee799 0xfcee3a9 16 32
2 path.c:90 0xfcee5f9 6
1 path.c:143 0xfcee899 32
2 path.c:178 0xfcee3a9 24
1 dynarray.c:84 0xfcee5c9 24
2 dynarray.c:95 0xfcee549 16
2 path.c:191 0xfcee8d9 32
2 path.c:205 0xfcee9f9 6
3 path.c:223 0xfcee8d9 0xfcee8d9 32 6
4 path.c:246 0xfcee8d9 6
4 path.c:31 0xfcee9f9 6
4 dynarray.c:112 0xfcee549 16
4 dynarray.c:113 0xfcee5c9 24
4 path.c:254 0xfcee3a9 24
2 path.c:178 0xfcee3a9 24
1 dynarray.c:84 0xfcee769 24
2 dynarray.c:95 0xfcee5c9 16
2 path.c:191 0xfceea59 32
2 path.c:205 0xfcee9f9 6
2 path.c:205 0xfcee8d9 8
3 path.c:223 0xfceea59 0xfceea59 32 14
4 path.c:246 0xfceea59 14
4 path.c:31 0xfcee9f9 6
4 path.c:31 0xfcee8d9 8
4 dynarray.c:112 0xfcee5c9 16
4 dynarray.c:113 0xfcee769 24
4 path.c:254 0xfcee3a9 24
2 path.c:178 0xfcee3a9 24
1 dynarray.c:84 0xfcee549 24
2 dynarray.c:95 0xfcee769 24
2 path.c:191 0xfceeb79 32
2 path.c:205 0xfcee8d9 6
2 path.c:205 0xfcee9f9 8
2 path.c:205 0xfceea59 12
3 path.c:223 0xfceeb79 0xfceeb79 32 26
4 path.c:246 0xfceeb79 26
4 path.c:31 0xfcee8d9 6
4 path.c:31 0xfcee9f9 8
4 path.c:31 0xfceea59 12
4 dynarray.c:112 0xfcee769 24
4 dynarray.c:113 0xfcee549 24
4 path.c:254 0xfcee3a9 24
2 path.c:178 0xfcee3a9 24
1 dynarray.c:84 0xfcee5c9 24
2 dynarray.c:95 0xfceeb79 32
2 path.c:191 0xfceebb9 32
2 path.c:205 0xfceea59 6
2 path.c:205 0xfcee9f9 8
2 path.c:205 0xfcee8d9 12
2 path.c:205 0xfceea79 6
3 path.c:223 0xfceebb9 0xfceebb9 32 32
4 path.c:246 0xfceebb9 32
4 path.c:31 0xfceea59 6
4 path.c:31 0xfcee9f9 8
4 path.c:31 0xfcee8d9 12
4 path.c:31 0xfceea79 6
4 dynarray.c:112 0xfceeb79 32
4 dynarray.c:113 0xfcee5c9 24
4 path.c:254 0xfcee3a9 24
4 path.c:246 0xfcee899 32
4 path.c:31 0xfcee459 6
4 path.c:31 0xfcee4a9 8
4 path.c:31 0xfcee409 12
4 path.c:31 0xfcee5f9 6
4 dynarray.c:112 0xfcee799 32
4 dynarray.c:113 0xfcee1e9 24
4 path.c:254 0xfcee269 24
2 path.c:128 0xfcee269 24
1 dynarray.c:84 0xfcee5c9 24
2 dynarray.c:95 0xfcee1e9 16
2 path.c:90 0xfcee5f9 6
2 path.c:90 0xfcee409 8
2 path.c:90 0xfcee4a9 8
3 dynarray.c:69 0xfcee799 0xfcee1e9 16 32
1 path.c:143 0xfcee3a9 22
2 path.c:178 0xfcee1e9 24
1 dynarray.c:84 0xfcee549 24
2 dynarray.c:95 0xfcee769 16
2 path.c:191 0xfceebf9 22
2 path.c:205 0xfcee459 6
3 path.c:223 0xfceebf9 0xfceebf9 22 6
4 path.c:246 0xfceebf9 6
4 path.c:31 0xfcee459 6
4 dynarray.c:112 0xfcee769 16
4 dynarray.c:113 0xfcee549 24
4 path.c:254 0xfcee1e9 24
2 path.c:178 0xfcee1e9 24
1 dynarray.c:84 0xfceebf9 24
2 dynarray.c:95 0xfcee549 16
2 path.c:191 0xfceec29 22
2 path.c:205 0xfcee459 6
2 path.c:205 0xfceea79 8
3 path.c:223 0xfceec29 0xfceec29 22 14
4 path.c:246 0xfceec29 14
4 path.c:31 0xfcee459 6
4 path.c:31 0xfceea79 8
4 dynarray.c:112 0xfcee549 16
4 dynarray.c:113 0xfceebf9 24
4 path.c:254 0xfcee1e9 24
2 path.c:178 0xfcee1e9 24
1 dynarray.c:84 0xfcee769 24
2 dynarray.c:95 0xfceebf9 24
2 path.c:191 0xfceec29 22
2 path.c:205 0xfceea79 6
2 path.c:205 0xfcee459 8
2 path.c:205 0xfcee8d9 8
3 path.c:223 0xfceec29 0xfceec29 22 22
4 path.c:246 0xfceec29 22
4 path.c:31 0xfceea79 6
4 path.c:31 0xfcee459 8
4 path.c:31 0xfcee8d9 8
4 dynarray.c:112 0xfceebf9 24
4 dynarray.c:113 0xfcee769 24
4 path.c:254 0xfcee1e9 24
2 path.c:128 0xfcee1e9 24
1 dynarray.c:84 0xfcee549 24
2 dynarray.c:95 0xfcee769 16
2 path.c:90 0xfcee8d9 6
2 path.c:90 0xfcee459 8
2 path.c:90 0xfceea79 8
3 dynarray.c:69 0xfcee899 0xfcee769 16 32
1 path.c:143 0xfceebf9 22
2 path.c:178 0xfcee769 24
1 dynarray.c:84 0xfceec29 24
2 dynarray.c:95 0xfceec59 16
2 path.c:191 0xfceec89 22
2 path.c:205 0xfcee9f9 6
3 path.c:223 0xfceec89 0xfceec89 22 6
4 path.c:246 0xfceec89 6
4 path.c:31 0xfcee9f9 6
4 dynarray.c:112 0xfceec59 16
4 dynarray.c:113 0xfceec29 24
4 path.c:254 0xfcee769 24
2 path.c:178 0xfcee769 24
1 dynarray.c:84 0xfceec89 24
2 dynarray.c:95 0xfceec29 16
2 path.c:191 0xfceecb9 22
2 path.c:205 0xfcee9f9 6
2 path.c:205 0xfceea59 8
3 path.c:223 0xfceecb9 0xfceecb9 22 14
4 path.c:246 0xfceecb9 14
4 path.c:31 0xfcee9f9 6
4 path.c:31 0xfceea59 8
4 dynarray.c:112 0xfceec29 16
4 dynarray.c:113 0xfceec89 24
4 path.c:254 0xfcee769 24
2 path.c:178 0xfcee769 24
1 dynarray.c:84 0xfceec59 24
2 dynarray.c:95 0xfceec89 24
2 path.c:191 0xfceecb9 22
2 path.c:205 0xfceea59 6
2 path.c:205 0xfcee9f9 8
2 path.c:205 0xfcee8f9 8
3 path.c:223 0xfceecb9 0xfceecb9 22 22
4 path.c:246 0xfceecb9 22
4 path.c:31 0xfceea59 6
4 path.c:31 0xfcee9f9 8
4 path.c:31 0xfcee8f9 8
4 dynarray.c:112 0xfceec89 24
4 dynarray.c:113 0xfceec59 24
4 path.c:254 0xfcee769 24
2 path.c:128 0xfcee769 24
1 dynarray.c:84 0xfceec29 24
2 dynarray.c:95 0xfceec59 16
2 path.c:90 0xfcee8f9 6
2 path.c:90 0xfcee9f9 8
2 path.c:90 0xfceea59 8
3 dynarray.c:69 0xfceeb79 0xfceec59 16 32
1 path.c:143 0xfceec89 22
2 path.c:178 0xfceec59 24
1 dynarray.c:84 0xfceecb9 24
2 dynarray.c:95 0xfceece9 16
2 path.c:191 0xfceed19 22
2 path.c:205 0xfcee729 6
3 path.c:223 0xfceed19 0xfceed19 22 6
4 path.c:246 0xfceed19 6
4 path.c:31 0xfcee729 6
4 dynarray.c:112 0xfceece9 16
4 dynarray.c:113 0xfceecb9 24
4 path.c:254 0xfceec59 24
2 path.c:178 0xfceec59 24
1 dynarray.c:84 0xfceed19 24
2 dynarray.c:95 0xfceecb9 16
2 path.c:191 0xfceed49 22
2 path.c:205 0xfcee729 6
2 path.c:205 0xfcee819 8
3 path.c:223 0xfceed49 0xfceed49 22 14
4 path.c:246 0xfceed49 14
4 path.c:31 0xfcee729 6
4 path.c:31 0xfcee819 8
4 dynarray.c:112 0xfceecb9 16
4 dynarray.c:113 0xfceed19 24
4 path.c:254 0xfceec59 24
2 path.c:178 0xfceec59 24
1 dynarray.c:84 0xfceece9 24
2 dynarray.c:95 0xfceed19 24
2 path.c:191 0xfceed49 22
2 path.c:205 0xfcee819 6
2 path.c:205 0xfcee729 8
2 path.c:205 0xfcee9d9 8
3 path.c:223 0xfceed49 0xfceed49 22 22
4 path.c:246 0xfceed49 22
4 path.c:31 0xfcee819 6
4 path.c:31 0xfcee729 8
4 path.c:31 0xfcee9d9 8
4 dynarray.c:112 0xfceed19 24
4 dynarray.c:113 0xfceece9 24
4 path.c:254 0xfceec59 24
2 path.c:128 0xfceec59 24
1 dynarray.c:84 0xfceecb9 24
2 dynarray.c:95 0xfceece9 16
2 path.c:90 0xfcee9d9 6
2 path.c:90 0xfcee729 8
1 path.c:143 0xfcedf59 14
2 path.c:178 0xfceed49 24
1 dynarray.c:84 0xfceed19 24
2 dynarray.c:95 0xfceed79 16
2 path.c:191 0xfcee819 14
2 path.c:205 0xfcee5a9 6
3 path.c:223 0xfcee819 0xfcee819 14 6
4 path.c:246 0xfcee819 6
4 path.c:31 0xfcee5a9 6
4 dynarray.c:112 0xfceed79 16
4 dynarray.c:113 0xfceed19 24
4 path.c:254 0xfceed49 24
2 path.c:178 0xfceed49 24
1 dynarray.c:84 0xfceed79 24
2 dynarray.c:95 0xfceed19 16
2 path.c:191 0xfcee5a9 14
2 path.c:205 0xfcee819 6
2 path.c:205 0xfcee7d9 8
3 path.c:223 0xfcee5a9 0xfcee5a9 14 14
4 path.c:246 0xfcee5a9 14
4 path.c:31 0xfcee819 6
4 path.c:31 0xfcee7d9 8
4 dynarray.c:112 0xfceed19 16
4 dynarray.c:113 0xfceed79 24
4 path.c:254 0xfceed49 24
4 path.c:246 0xfcedf59 14
4 path.c:31 0xfcee9d9 6
4 path.c:31 0xfcee729 8
4 dynarray.c:112 0xfceece9 16
4 dynarray.c:113 0xfceecb9 24
4 path.c:254 0xfceec59 24
4 path.c:246 0xfcee959 32
4 path.c:31 0xfcee7f9 6
4 path.c:31 0xfcee619 8
4 path.c:31 0xfcee999 12
4 path.c:31 0xfcee9b9 6
4 dynarray.c:112 0xfcee919 32
4 dynarray.c:113 0xfcee479 24
4 path.c:254 0xfcee429 24
4 bdtBad5.c:263 0xfcee859 32
4 path.c:246 0xfcee699 26
4 path.c:31 0xfcee6c9 6
4 path.c:31 0xfcee6e9 8
4 path.c:31 0xfcee709 12
4 dynarray.c:112 0xfcee669 24
4 dynarray.c:113 0xfcee579 24
4 path.c:254 0xfcee639 24
4 bdtBad5.c:263 0xfcee369 32
4 path.c:246 0xfcede99 14
4 path.c:31 0xfcedeb9 6
4 path.c:31 0xfceded9 8
4 dynarray.c:112 0xfcede69 16
4 dynarray.c:113 0xfced709 24
4 path.c:254 0xfceddb9 24
4 bdtBad5.c:263 0xfcede29 32
2 path.c:128 0xfceddb9 24
1 dynarray.c:84 0xfceed19 24
2 dynarray.c:95 0xfced709 16
2 path.c:90 0xfceded9 6
1 path.c:143 0xfcee749 6
2 path.c:178 0xfcee639 24
1 dynarray.c:84 0xfcede69 24
2 dynarray.c:95 0xfcee579 16
2 path.c:191 0xfcedeb9 6
2 path.c:205 0xfcee709 6
3 path.c:223 0xfcedeb9 0xfcedeb9 6 6
4 path.c:246 0xfcedeb9 6
4 path.c:31 0xfcee709 6
4 dynarray.c:112 0xfcee579 16
4 dynarray.c:113 0xfcede69 24
4 path.c:254 0xfcee639 24
4 path.c:246 0xfcee749 6
4 path.c:31 0xfceded9 6
4 dynarray.c:112 0xfced709 16
4 dynarray.c:113 0xfceed19 24
4 path.c:254 0xfceddb9 24
2 path.c:128 0xfceddb9 24
1 dynarray.c:84 0xfcee669 24
2 dynarray.c:95 0xfceed19 16
2 path.c:90 0xfceded9 6
2 path.c:90 0xfcee749 7
1 path.c:143 0xfcede99 13
2 path.c:178 0xfcee639 24
1 dynarray.c:84 0xfced709 24
2 dynarray.c:95 0xfcede69 16
2 path.c:191 0xfcee709 13
2 path.c:205 0xfcee6e9 6
3 path.c:223 0xfcee709 0xfcee709 13 6
4 path.c:246 0xfcee709 6
4 path.c:31 0xfcee6e9 6
4 dynarray.c:112 0xfcede69 16
4 dynarray.c:113 0xfced709 24
4 path.c:254 0xfcee639 24
2 path.c:178 0xfcee639 24
1 dynarray.c:84 0xfcee579 24
2 dynarray.c:95 0xfced709 16
2 path.c:191 0xfcee6e9 13
2 path.c:205 0xfcee709 6
2 path.c:205 0xfcee6c9 7
3 path.c:223 0xfcee6e9 0xfcee6e9 13 13
4 path.c:246 0xfcee6e9 13
4 path.c:31 0xfcee709 6
4 path.c:31 0xfcee6c9 7
4 dynarray.c:112 0xfced709 16
4 dynarray.c:113 0xfcee579 24
4 path.c:254 0xfcee639 24
4 path.c:246 0xfcede99 13
4 path.c:31 0xfceded9 6
4 path.c:31 0xfcee749 7
4 dynarray.c:112 0xfceed19 16
4 dynarray.c:113 0xfcee669 24
4 path.c:254 0xfceddb9 24
2 path.c:128 0xfceddb9 24
1 dynarray.c:84 0xfcede69 24
2 dynarray.c:95 0xfcee669 16
2 path.c:90 0xfcee749 6
2 path.c:90 0xfceded9 8
1 path.c:143 0xfcedeb9 14
2 path.c:178 0xfcee639 24
1 dynarray.c:84 0xfceed19 24
2 dynarray.c:95 0xfcee579 16
2 path.c:191 0xfcede99 14
2 path.c:205 0xfcee709 6
3 path.c:223 0xfcede99 0xfcede99 14 6
4 path.c:246 0xfcede99 6
4 path.c:31 0xfcee709 6
4 dynarray.c:112 0xfcee579 16
4 dynarray.c:113 0xfceed19 24
4 path.c:254 0xfcee639 24
2 path.c:178 0xfcee639 24
1 dynarray.c:84 0xfced709 24
2 dynarray.c:95 0xfceed19 16
2 path.c:191 0xfcee709 14
2 path.c:205 0xfcede99 6
2 path.c:205 0xfcee6e9 8
3 path.c:223 0xfcee709 0xfcee709 14 14
4 path.c:246 0xfcee709 14
4 path.c:31 0xfcede99 6
4 path.c:31 0xfcee6e9 8
4 dynarray.c:112 0xfceed19 16
4 dynarray.c:113 0xfced709 24
4 path.c:254 0xfcee639 24
2 path.c:128 0xfcee639 24
1 dynarray.c:84 0xfcee579 24
2 dynarray.c:95 0xfced709 16
2 path.c:90 0xfcee6e9 6
2 path.c:90 0xfcede99 8
2 path.c:90 0xfcee709 12
3 dynarray.c:69 0xfcede29 0xfced709 16 32
1 path.c:143 0xfceed19 26
2 path.c:178 0xfced709 24
1 dynarray.c:84 0xfcee699 24
2 dynarray.c:95 0xfcee429 16
2 path.c:191 0xfceec59 26
2 path.c:205 0xfcee9b9 6
3 path.c:223 0xfceec59 0xfceec59 26 6
4 path.c:246 0xfceec59 6
4 path.c:31 0xfcee9b9 6
4 dynarray.c:112 0xfcee429 16
4 dynarray.c:113 0xfcee699 24
4 path.c:254 0xfced709 24
2 path.c:178 0xfced709 24
1 dynarray.c:84 0xfcee479 24
2 dynarray.c:95 0xfcee699 16
2 path.c:191 0xfceec59 26
2 path.c:205 0xfcee9b9 6
2 path.c:205 0xfcee999 8
3 path.c:223 0xfceec59 0xfceec59 26 14
4 path.c:246 0xfceec59 14
4 path.c:31 0xfcee9b9 6
4 path.c:31 0xfcee999 8
4 dynarray.c:112 0xfcee699 16
4 dynarray.c:113 0xfcee479 24
4 path.c:254 0xfced709 24
2 path.c:128 0xfced709 24
1 dynarray.c:84 0xfcee429 24
2 dynarray.c:95 0xfcee479 16
2 path.c:90 0xfcee999 6
2 path.c:90 0xfcee9b9 8
2 path.c:90 0xfcee619 12
3 dynarray.c:69 0xfcee369 0xfcee479 16 32
2 path.c:90 0xfcee7f9 6
1 path.c:143 0xfceea19 32
2 path.c:178 0xfcee479 24
1 dynarray.c:84 0xfcee699 24
2 dynarray.c:95 0xfceec59 16
2 path.c:191 0xfcee859 32
2 path.c:205 0xfcee729 6
3 path.c:223 0xfcee859 0xfcee859 32 6
4 path.c:246 0xfcee859 6
4 path.c:31 0xfcee729 6
4 dynarray.c:112 0xfceec59 16
4 dynarray.c:113 0xfcee699 24
4 path.c:254 0xfcee479 24
2 path.c:178 0xfcee479 24
1 dynarray.c:84 0xfceecb9 24
2 dynarray.c:95 0xfcee699 16
2 path.c:191 0xfcee959 32
2 path.c:205 0xfcee729 6
2 path.c:205 0xfcee859 8
3 path.c:223 0xfcee959 0xfcee959 32 14
4 path.c:246 0xfcee959 14
4 path.c:31 0xfcee729 6
4 path.c:31 0xfcee859 8
4 dynarray.c:112 0xfcee699 16
4 dynarray.c:113 0xfceecb9 24
4 path.c:254 0xfcee479 24
1 dynarray.c:84 0xfceec59 24
2 dynarray.c:95 0xfcee479 24
1 bdtBad5.c:662 0xfcee919 45
4 dynarray.c:112 0xfcee479 24
4 dynarray.c:113 0xfceec59 24
4 bdt_client.c:113 0xfcee919 45
2 path.c:128 0xfceec59 24
1 dynarray.c:84 0xfceecb9 24
2 dynarray.c:95 0xfcee479 16
2 path.c:90 0xfcee859 13
1 path.c:143 0xfcee6c9 13
2 path.c:178 0xfceece9 24
1 dynarray.c:84 0xfcee699 24
2 dynarray.c:95 0xfceed49 16
2 path.c:191 0xfcee729 13
2 path.c:205 0xfcee979 13
3 path.c:223 0xfcee729 0xfcee729 13 13
4 path.c:246 0xfcee729 13
4 path.c:31 0xfcee979 13
4 dynarray.c:112 0xfceed49 16
4 dynarray.c:113 0xfcee699 24
4 path.c:254 0xfceece9 24
4 path.c:246 0xfcee6c9 13
4 path.c:31 0xfcee859 13
4 dynarray.c:112 0xfcee479 16
4 dynarray.c:113 0xfceecb9 24
4 path.c:254 0xfceec59 24
2 path.c:128 0xfceec59 24
1 dynarray.c:84 0xfceed79 24
2 dynarray.c:95 0xfceecb9 16
2 path.c:90 0xfcee859 6
1 path.c:143 0xfcee959 6
2 path.c:178 0xfceece9 24
1 dynarray.c:84 0xfcee479 24
2 dynarray.c:95 0xfcee699 16
2 path.c:191 0xfcee6c9 6
2 path.c:205 0xfcee729 6
3 path.c:223 0xfcee6c9 0xfcee6c9 6 6
4 path.c:246 0xfcee6c9 6
4 path.c:31 0xfcee729 6
4 dynarray.c:112 0xfcee699 16
4 dynarray.c:113 0xfcee479 24
4 path.c:254 0xfceece9 24
4 path.c:246 0xfcee959 6
4 path.c:31 0xfcee859 6
4 dynarray.c:112 0xfceecb9 16
4 dynarray.c:113 0xfceed79 24
4 path.c:254 0xfceec59 24
4 path.c:246 0xfcedbf9 25
4 path.c:31 0xfcedc29 6
4 path.c:31 0xfcedc49 7
4 path.c:31 0xfcedc69 12
4 dynarray.c:112 0xfcedbc9 24
4 dynarray.c:113 0xfced909 24
4 path.c:254 0xfcedb99 24
4 bdtBad5.c:263 0xfcedb59 32
4 path.c:246 0xfcedaa9 13
4 path.c:31 0xfcedac9 6
4 path.c:31 0xfcedae9 7
4 dynarray.c:112 0xfceda79 16
4 dynarray.c:113 0xfced599 24
4 path.c:254 0xfceda49 24
4 bdtBad5.c:263 0xfceda09 32
4 path.c:246 0xfced849 6
4 path.c:31 0xfced869 6
4 dynarray.c:112 0xfced819 16
4 dynarray.c:113 0xfced5f9 24
4 path.c:254 0xfced7e9 24
4 bdtBad5.c:263 0xfced7a9 32
2 path.c:128 0xfced7e9 24
1 dynarray.c:84 0xfceed49 24
2 dynarray.c:95 0xfced5f9 16
2 path.c:90 0xfced869 6
2 path.c:90 0xfced849 7
1 path.c:143 0xfcee979 13
4 path.c:246 0xfcee979 13
4 path.c:31 0xfced869 6
4 path.c:31 0xfced849 7
4 dynarray.c:112 0xfced5f9 16
4 dynarray.c:113 0xfceed49 24
4 path.c:254 0xfced7e9 24
2 path.c:128 0xfced7e9 24
1 dynarray.c:84 0xfced819 24
2 dynarray.c:95 0xfceed49 16
2 path.c:90 0xfced849 6
1 path.c:143 0xfcee979 6
4 path.c:246 0xfcee979 6
4 path.c:31 0xfced849 6
4 dynarray.c:112 0xfceed49 16
4 dynarray.c:113 0xfced819 24
4 path.c:254 0xfced7e9 24
2 path.c:128 0xfced7e9 24
1 dynarray.c:84 0xfced5f9 24
2 dynarray.c:95 0xfced819 16
2 path.c:90 0xfced849 6
1 path.c:143 0xfcee979 6
4 path.c:246 0xfcee979 6
4 path.c:31 0xfced849 6
4 dynarray.c:112 0xfced819 16
4 dynarray.c:113 0xfced5f9 24
4 path.c:254 0xfced7e9 24
2 path.c:128 0xfced7e9 24
1 dynarray.c:84 0xfceed49 24
2 dynarray.c:95 0xfced5f9 16
2 path.c:90 0xfced849 13
1 path.c:143 0xfcee979 13
4 path.c:246 0xfcee979 13
4 path.c:31 0xfced849 13
4 dynarray.c:112 0xfced5f9 16
4 dynarray.c:113 0xfceed49 24
4 path.c:254 0xfced7e9 24
1 dynarray.c:84 0xfced819 24
2 dynarray.c:95 0xfced7e9 16
1 bdtBad5.c:662 0xfcee979 1
4 dynarray.c:112 0xfced7e9 16
4 dynarray.c:113 0xfced819 24
4 bdt_client.c:124 0xfcee979 1
2 path.c:128 0xfced819 24
1 dynarray.c:84 0xfceed49 24
2 dynarray.c:95 0xfced7e9 16
2 path.c:90 0xfced849 2
2 path.c:90 0xfced869 2
1 path.c:143 0xfcee979 4
2 path.c:178 0xfceda49 24
1 dynarray.c:84 0xfced5f9 24
2 dynarray.c:95 0xfced599 16
2 path.c:191 0xfcedae9 4
2 path.c:205 0xfcedaa9 2
3 path.c:223 0xfcedae9 0xfcedae9 4 2
1 bdtBad5.c:143 0xfcee919 32
2 path.c:178 0xfcedb99 24
1 dynarray.c:84 0xfceda79 24
2 dynarray.c:95 0xfced909 16
2 path.c:191 0xfcedc69 2
2 path.c:205 0xfcedc49 2
3 path.c:223 0xfcedc69 0xfcedc69 2 2
4 path.c:246 0xfcedae9 2
4 path.c:31 0xfcedaa9 2
4 dynarray.c:112 0xfced599 16
4 dynarray.c:113 0xfced5f9 24
4 path.c:254 0xfceda49 24
2 path.c:178 0xfceda49 24
1 dynarray.c:84 0xfcedbc9 24
2 dynarray.c:95 0xfced5f9 16
2 path.c:191 0xfcedaa9 4
2 path.c:205 0xfcedae9 2
2 path.c:205 0xfcedc29 2
3 path.c:223 0xfcedaa9 0xfcedaa9 4 4
1 bdtBad5.c:143 0xfcee509 32
2 path.c:178 0xfcedbf9 24
1 dynarray.c:84 0xfced599 24
2 dynarray.c:95 0xfceec59 16
2 path.c:191 0xfcee859 4
2 path.c:205 0xfcee959 2
2 path.c:205 0xfcee729 2
3 path.c:223 0xfcee859 0xfcee859 4 4
4 path.c:246 0xfcedaa9 4
4 path.c:31 0xfcedae9 2
4 path.c:31 0xfcedc29 2
4 dynarray.c:112 0xfced5f9 16
4 dynarray.c:113 0xfcedbc9 24
4 path.c:254 0xfceda49 24
4 path.c:246 0xfcee979 4
4 path.c:31 0xfced849 2
4 path.c:31 0xfced869 2
4 dynarray.c:112 0xfced7e9 16
4 dynarray.c:113 0xfceed49 24
4 path.c:254 0xfced819 24
1 dynarray.c:84 0xfceed79 24
2 dynarray.c:95 0xfced819 16
1 bdtBad5.c:662 0xfcedac9 7
4 dynarray.c:112 0xfced819 16
4 dynarray.c:113 0xfceed79 24
4 bdt_client.c:136 0xfcedac9 7
2 path.c:128 0xfceed79 24
1 dynarray.c:84 0xfceed49 24
2 dynarray.c:95 0xfced819 16
2 path.c:90 0xfced869 2
2 path.c:90 0xfced849 2
1 path.c:143 0xfcedac9 4
2 path.c:178 0xfceda49 24
1 dynarray.c:84 0xfced7e9 24
2 dynarray.c:95 0xfcedbc9 16
2 path.c:191 0xfcee979 4
2 path.c:205 0xfcedae9 2
3 path.c:223 0xfcee979 0xfcee979 4 2
4 path.c:246 0xfcee979 2
4 path.c:31 0xfcedae9 2
4 dynarray.c:112 0xfcedbc9 16
4 dynarray.c:113 0xfced7e9 24
4 path.c:254 0xfceda49 24
2 path.c:178 0xfceda49 24
1 dynarray.c:84 0xfced5f9 24
2 dynarray.c:95 0xfced7e9 16
2 path.c:191 0xfcedae9 4
2 path.c:205 0xfcee979 2
2 path.c:205 0xfcedaa9 2
3 path.c:223 0xfcedae9 0xfcedae9 4 4
4 path.c:246 0xfcedae9 4
4 path.c:31 0xfcee979 2
4 path.c:31 0xfcedaa9 2
4 dynarray.c:112 0xfced7e9 16
4 dynarray.c:113 0xfced5f9 24
4 path.c:254 0xfceda49 24
2 path.c:178 0xfceda49 24
1 dynarray.c:84 0xfcedbc9 24
2 dynarray.c:95 0xfced5f9 16
2 path.c:191 0xfcedaa9 4
2 path.c:205 0xfcee979 2
2 path.c:205 0xfcedae9 2
3 path.c:223 0xfcedaa9 0xfcedaa9 4 4
1 bdtBad5.c:143 0xfcee2b9 32
2 path.c:178 0xfceecb9 24
1 dynarray.c:84 0xfced7e9 24
2 dynarray.c:95 0xfceece9 16
2 path.c:191 0xfcee6c9 4
2 path.c:205 0xfcee879 2
2 path.c:205 0xfcee9d9 2
3 path.c:223 0xfcee6c9 0xfcee6c9 4 4
4 path.c:246 0xfcedaa9 4
4 path.c:31 0xfcee979 2
4 path.c:31 0xfcedae9 2
4 dynarray.c:112 0xfced5f9 16
4 dynarray.c:113 0xfcedbc9 24
4 path.c:254 0xfceda49 24
4 path.c:246 0xfcedac9 4
4 path.c:31 0xfced869 2
4 path.c:31 0xfced849 2
4 dynarray.c:112 0xfced819 16
4 dynarray.c:113 0xfceed49 24
4 path.c:254 0xfceed79 24
1 dynarray.c:84 0xfcee479 24
2 dynarray.c:95 0xfceed79 24
1 bdtBad5.c:662 0xfcedc29 11
4 dynarray.c:112 0xfceed79 24
4 dynarray.c:113 0xfcee479 24
4 bdt_client.c:140 0xfcedc29 11
2 path.c:128 0xfcee479 24
1 dynarray.c:84 0xfceed49 24
2 dynarray.c:95 0xfceed79 16
2 path.c:90 0xfced849 2
2 path.c:90 0xfced869 2
1 path.c:143 0xfcedc29 4
2 path.c:178 0xfceda49 24
1 dynarray.c:84 0xfced819 24
2 dynarray.c:95 0xfcedbc9 16
2 path.c:191 0xfcedac9 4
2 path.c:205 0xfcee979 2
3 path.c:223 0xfcedac9 0xfcedac9 4 2
4 path.c:246 0xfcedac9 2
4 path.c:31 0xfcee979 2
4 dynarray.c:112 0xfcedbc9 16
4 dynarray.c:113 0xfced819 24
4 path.c:254 0xfceda49 24
2 path.c:178 0xfceda49 24
1 dynarray.c:84 0xfced5f9 24
2 dynarray.c:95 0xfced819 16
2 path.c:191 0xfcee979 4
2 path.c:205 0xfcedac9 2
2 path.c:205 0xfcedaa9 2
3 path.c:223 0xfcee979 0xfcee979 4 4
4 path.c:246 0xfcee979 4
4 path.c:31 0xfcedac9 2
4 path.c:31 0xfcedaa9 2
4 dynarray.c:112 0xfced819 16
4 dynarray.c:113 0xfced5f9 24
4 path.c:254 0xfceda49 24
4 path.c:246 0xfcedc29 4
4 path.c:31 0xfced849 2
4 path.c:31 0xfced869 2
4 dynarray.c:112 0xfceed79 16
4 dynarray.c:113 0xfceed49 24
4 path.c:254 0xfcee479 24
4 path.c:246 0xfcee859 4
4 path.c:31 0xfcee959 2
4 path.c:31 0xfcee729 2
4 dynarray.c:112 0xfceec59 16
4 dynarray.c:113 0xfced599 24
4 path.c:254 0xfcedbf9 24
4 bdtBad5.c:263 0xfcee509 32
1 dynarray.c:84 0xfcedbc9 24
2 dynarray.c:95 0xfcedbf9 16
1 bdtBad5.c:662 0xfcedae9 7
4 dynarray.c:112 0xfcedbf9 16
4 dynarray.c:113 0xfcedbc9 24
4 bdt_client.c:144 0xfcedae9 7
2 path.c:128 0xfcedbc9 24
1 dynarray.c:84 0xfced599 24
2 dynarray.c:95 0xfcedbf9 16
2 path.c:90 0xfcee729 2
2 path.c:90 0xfcee959 3
1 path.c:143 0xfcedae9 5
2 path.c:178 0xfcee479 24
1 dynarray.c:84 0xfceec59 24
2 dynarray.c:95 0xfceed49 16
2 path.c:191 0xfcee859 5
2 path.c:205 0xfced849 2
3 path.c:223 0xfcee859 0xfcee859 5 2
4 path.c:246 0xfcee859 2
4 path.c:31 0xfced849 2
4 dynarray.c:112 0xfceed49 16
4 dynarray.c:113 0xfceec59 24
4 path.c:254 0xfcee479 24
2 path.c:178 0xfcee479 24
1 dynarray.c:84 0xfceed79 24
2 dynarray.c:95 0xfceec59 16
2 path.c:191 0xfced849 5
2 path.c:205 0xfcee859 2
2 path.c:205 0xfcedc29 3
3 path.c:223 0xfced849 0xfced849 5 5
4 path.c:246 0xfced849 5
4 path.c:31 0xfcee859 2
4 path.c:31 0xfcedc29 3
4 dynarray.c:112 0xfceec59 16
4 dynarray.c:113 0xfceed79 24
4 path.c:254 0xfcee479 24
2 path.c:178 0xfcee479 24
1 dynarray.c:84 0xfceed49 24
2 dynarray.c:95 0xfceed79 16
2 path.c:191 0xfcedc29 5
2 path.c:205 0xfcee859 2
2 path.c:205 0xfced849 3
3 path.c:223 0xfcedc29 0xfcedc29 5 5
1 bdtBad5.c:143 0xfcee509 32
2 path.c:178 0xfceda49 24
1 dynarray.c:84 0xfceec59 24
2 dynarray.c:95 0xfced5f9 16
2 path.c:191 0xfcedaa9 5
2 path.c:205 0xfcedac9 2
2 path.c:205 0xfcee979 3
3 path.c:223 0xfcedaa9 0xfcedaa9 5 5
4 path.c:246 0xfcedc29 5
4 path.c:31 0xfcee859 2
4 path.c:31 0xfced849 3
4 dynarray.c:112 0xfceed79 16
4 dynarray.c:113 0xfceed49 24
4 path.c:254 0xfcee479 24
4 path.c:246 0xfcedae9 5
4 path.c:31 0xfcee729 2
4 path.c:31 0xfcee959 3
4 dynarray.c:112 0xfcedbf9 16
4 dynarray.c:113 0xfced599 24
4 path.c:254 0xfcedbc9 24
1 dynarray.c:84 0xfced819 24
2 dynarray.c:95 0xfcedbc9 24
1 bdtBad5.c:662 0xfced869 12
4 dynarray.c:112 0xfcedbc9 24
4 dynarray.c:113 0xfced819 24
4 bdt_client.c:148 0xfced869 12
2 path.c:128 0xfced819 24
1 dynarray.c:84 0xfced599 24
2 dynarray.c:95 0xfcedbc9 16
2 path.c:90 0xfcee959 2
2 path.c:90 0xfcee729 3
1 path.c:143 0xfced869 5
2 path.c:178 0xfcee479 24
1 dynarray.c:84 0xfcedbf9 24
2 dynarray.c:95 0xfceed49 16
2 path.c:191 0xfcedae9 5
2 path.c:205 0xfcee859 2
3 path.c:223 0xfcedae9 0xfcedae9 5 2
4 path.c:246 0xfcedae9 2
4 path.c:31 0xfcee859 2
4 dynarray.c:112 0xfceed49 16
4 dynarray.c:113 0xfcedbf9 24
4 path.c:254 0xfcee479 24
2 path.c:178 0xfcee479 24
1 dynarray.c:84 0xfceed79 24
2 dynarray.c:95 0xfcedbf9 16
2 path.c:191 0xfcee859 5
2 path.c:205 0xfcedae9 2
2 path.c:205 0xfcedc29 3
3 path.c:223 0xfcee859 0xfcee859 5 5
4 path.c:246 0xfcee859 5
4 path.c:31 0xfcedae9 2
4 path.c:31 0xfcedc29 3
4 dynarray.c:112 0xfcedbf9 16
4 dynarray.c:113 0xfceed79 24
4 path.c:254 0xfcee479 24
4 path.c:246 0xfced869 5
4 path.c:31 0xfcee959 2
4 path.c:31 0xfcee729 3
4 dynarray.c:112 0xfcedbc9 16
4 dynarray.c:113 0xfced599 24
4 path.c:254 0xfced819 24
4 path.c:246 0xfcedaa9 5
4 path.c:31 0xfcedac9 2
4 path.c:31 0xfcee979 3
4 dynarray.c:112 0xfced5f9 16
4 dynarray.c:113 0xfceec59 24
4 path.c:254 0xfceda49 24
4 bdtBad5.c:263 0xfcee509 32
1 dynarray.c:84 0xfceed49 24
2 dynarray.c:95 0xfceda49 16
1 bdtBad5.c:662 0xfced849 7
4 dynarray.c:112 0xfceda49 16
4 dynarray.c:113 0xfceed49 24
4 bdt_client.c:152 0xfced849 7
2 path.c:128 0xfceed49 24
1 dynarray.c:84 0xfceec59 24
2 dynarray.c:95 0xfceda49 16
2 path.c:90 0xfcee979 2
2 path.c:90 0xfcedac9 3
1 path.c:143 0xfced849 5
2 path.c:178 0xfced819 24
1 dynarray.c:84 0xfced5f9 24
2 dynarray.c:95 0xfced599 16
2 path.c:191 0xfcedaa9 5
2 path.c:205 0xfcee959 2
3 path.c:223 0xfcedaa9 0xfcedaa9 5 2
4 path.c:246 0xfcedaa9 2
4 path.c:31 0xfcee959 2
4 dynarray.c:112 0xfced599 16
4 dynarray.c:113 0xfced5f9 24
4 path.c:254 0xfced819 24
2 path.c:178 0xfced819 24
1 dynarray.c:84 0xfcedbc9 24
2 dynarray.c:95 0xfced5f9 16
2 path.c:191 0xfcee959 5
2 path.c:205 0xfcedaa9 2
2 path.c:205 0xfced869 3
3 path.c:223 0xfcee959 0xfcee959 5 5
4 path.c:246 0xfcee959 5
4 path.c:31 0xfcedaa9 2
4 path.c:31 0xfced869 3
4 dynarray.c:112 0xfced5f9 16
4 dynarray.c:113 0xfcedbc9 24
4 path.c:254 0xfced819 24
2 path.c:178 0xfced819 24
1 dynarray.c:84 0xfced599 24
2 dynarray.c:95 0xfcedbc9 16
2 path.c:191 0xfced869 5
2 path.c:205 0xfcedaa9 2
2 path.c:205 0xfcee959 3
3 path.c:223 0xfced869 0xfced869 5 5
1 bdtBad5.c:143 0xfcee509 32
2 path.c:178 0xfcee479 24
1 dynarray.c:84 0xfced5f9 24
2 dynarray.c:95 0xfceed79 16
2 path.c:191 0xfcedc29 5
2 path.c:205 0xfcedae9 2
2 path.c:205 0xfcee859 3
3 path.c:223 0xfcedc29 0xfcedc29 5 5
4 path.c:246 0xfced869 5
4 path.c:31 0xfcedaa9 2
4 path.c:31 0xfcee959 3
4 dynarray.c:112 0xfcedbc9 16
4 dynarray.c:113 0xfced599 24
4 path.c:254 0xfced819 24
4 path.c:246 0xfced849 5
4 path.c:31 0xfcee979 2
4 path.c:31 0xfcedac9 3
4 dynarray.c:112 0xfceda49 16
4 dynarray.c:113 0xfceec59 24
4 path.c:254 0xfceed49 24
1 dynarray.c:84 0xfcedbf9 24
2 dynarray.c:95 0xfceed49 24
1 bdtBad5.c:662 0xfcee729 12
4 dynarray.c:112 0xfceed49 24
4 dynarray.c:113 0xfcedbf9 24
4 bdt_client.c:156 0xfcee729 12
2 path.c:128 0xfcedbf9 24
1 dynarray.c:84 0xfceec59 24
2 dynarray.c:95 0xfceed49 16
2 path.c:90 0xfcedac9 2
2 path.c:90 0xfcee979 2
1 path.c:143 0xfcee729 4
2 path.c:178 0xfced819 24
1 dynarray.c:84 0xfceda49 24
2 dynarray.c:95 0xfced599 16
2 path.c:191 0xfced849 4
2 path.c:205 0xfcedaa9 2
3 path.c:223 0xfced849 0xfced849 4 2
4 path.c:246 0xfced849 2
4 path.c:31 0xfcedaa9 2
4 dynarray.c:112 0xfced599 16
4 dynarray.c:113 0xfceda49 24
4 path.c:254 0xfced819 24
2 path.c:178 0xfced819 24
1 dynarray.c:84 0xfcedbc9 24
2 dynarray.c:95 0xfceda49 16
2 path.c:191 0xfcedaa9 4
2 path.c:205 0xfced849 2
2 path.c:205 0xfced869 2
3 path.c:223 0xfcedaa9 0xfcedaa9 4 4
4 path.c:246 0xfcedaa9 4
4 path.c:31 0xfced849 2
4 path.c:31 0xfced869 2
4 dynarray.c:112 0xfceda49 16
4 dynarray.c:113 0xfcedbc9 24
4 path.c:254 0xfced819 24
4 path.c:246 0xfcee729 4
4 path.c:31 0xfcedac9 2
4 path.c:31 0xfcee979 2
4 dynarray.c:112 0xfceed49 16
4 dynarray.c:113 0xfceec59 24
4 path.c:254 0xfcedbf9 24
4 path.c:246 0xfcee6c9 4
4 path.c:31 0xfcee879 2
4 path.c:31 0xfcee9d9 2
4 dynarray.c:112 0xfceece9 16
4 dynarray.c:113 0xfced7e9 24
4 path.c:254 0xfceecb9 24
4 bdtBad5.c:263 0xfcee2b9 32
1 dynarray.c:84 0xfced599 24
2 dynarray.c:95 0xfceecb9 16
1 bdtBad5.c:662 0xfcee959 8
4 dynarray.c:112 0xfceecb9 16
4 dynarray.c:113 0xfced599 24
4 bdt_client.c:160 0xfcee959 8
4 path.c:246 0xfcedc29 5
4 path.c:31 0xfcedae9 2
4 path.c:31 0xfcee859 3
4 dynarray.c:112 0xfceed79 16
4 dynarray.c:113 0xfced5f9 24
4 path.c:254 0xfcee479 24
4 bdtBad5.c:263 0xfcee509 32
4 path.c:246 0xfcedc69 2
4 path.c:31 0xfcedc49 2
4 dynarray.c:112 0xfced909 16
4 dynarray.c:113 0xfceda79 24
4 path.c:254 0xfcedb99 24
4 bdtBad5.c:263 0xfcee919 32
